7.6741 	WARNING 	User requested fullscreen with size [1024  768], but screen is actually [1920, 1080]. Using actual size
9.8059 	EXP 	Created window1 = Window(allowGUI=True, allowStencil=False, autoLog=True, backendConf=UNKNOWN, backgroundFit=<method-wrapper '__getattribute__' of attributeSetter object at 0x00000157F1CFED00>, backgroundImage=<method-wrapper '__getattribute__' of attributeSetter object at 0x00000157F1CFECA0>, bitsMode=UNKNOWN, blendMode='avg', bpc=(8, 8, 8), color=array([0, 0, 0]), colorSpace='rgb', depthBits=8, fullscr=<method-wrapper '__getattribute__' of attributeSetter object at 0x00000157F1CFEAC0>, gamma=None, gammaErrorPolicy='raise', lms=UNKNOWN, monitor=<psychopy.monitors.calibTools.Monitor object at 0x00000157F20B37C0>, multiSample=False, name='window1', numSamples=2, pos=(0, 0), screen=0, size=array([1920, 1080]), stencilBits=0, stereo=False, title='PsychoPy', units='height', useFBO=True, useRetina=False, viewOri=0.0, viewPos=None, viewScale=None, waitBlanking=True, winType='pyglet')
9.8060 	EXP 	window1: mouseVisible = True
9.8061 	EXP 	window1: backgroundImage = ''
9.8061 	EXP 	window1: backgroundFit = 'none'
9.8104 	EXP 	window1: Attempting to measure frame rate of screen (0) ...
9.8105 	EXP 	window1: recordFrameIntervals = False
9.9715 	EXP 	window1: recordFrameIntervals = True
10.1556 	EXP 	Screen (0) actual frame rate measured at 59.85Hz
10.1557 	EXP 	window1: recordFrameIntervals = False
10.1559 	EXP 	window1: mouseVisible = False
13.1275 	EXP 	untitled2: status = STARTED
13.1282 	EXP 	window1: mouseVisible = True
13.1342 	EXP 	Created fixation = ShapeStim(__class__=<class 'psychopy.visual.shape.ShapeStim'>, anchor=('center', 'center'), autoDraw=False, autoLog=True, closeShape=True, color=method-wrapper(...), colorSpace='rgb', contrast=None, depth=0.0, draggable=False, fillColor=array([1, 1, 1]), fillColorSpace='rgb', fillRGB=array([1, 1, 1]), interpolate=True, lineColor=array([1., 1., 1.]), lineColorSpace='rgb', lineRGB=array([1, 1, 1]), lineWidth=1.0, name='fixation', opacity=1.0, ori=0.0, pos=array([0., 0.]), size=array([0.05, 0.05]), units='height', vertices=ndarray(...), win=Window(...), windingRule=None)
13.1347 	EXP 	window1: mouseVisible = True
13.1575 	EXP 	Created text = TextStim(__class__=<class 'psychopy.visual.text.TextStim'>, alignHoriz=method-wrapper(...), alignText='center', alignVert=method-wrapper(...), anchorHoriz='center', anchorVert='center', antialias=True, autoDraw=False, autoLog=True, bold=False, color=array([1., 1., 1.]), colorSpace='rgb', contrast=1.0, depth=-1.0, draggable=False, flipHoriz=False, flipVert=False, font='Open Sans', fontFiles=[], height=0.05, italic=False, languageStyle='LTR', name='text', opacity=1.0, ori=0.0, pos=array([0., 0.]), rgb=UNKNOWN, text='', units='height', win=Window(...), wrapWidth=1)
0.0205 	EXP 	Imported C:/Dhrumna/Ahmedabad University/Fourth year/PSY/DELAY DISCOUNTING TASK/Book1.xlsx as conditions, 7 conditions, 3 params
0.0223 	EXP 	Created sequence: random, trialTypes=7, nReps=5, seed=None
0.0229 	EXP 	New trial (rep=0, index=0): {'reward_today': 15, 'future_reward': 35, 'delay': 13}
0.1182 	EXP 	text: height = 0.05
0.1182 	EXP 	text: height = 0.05
0.1182 	EXP 	text: height = 0.05
0.1182 	EXP 	text: text = 'GBP 15 today or GBP 35 after 13 days'
0.1182 	EXP 	fixation: autoDraw = True
1.0136 	EXP 	text: autoDraw = True
1.1305 	EXP 	fixation: autoDraw = False
8.2682 	EXP 	New trial (rep=0, index=1): {'reward_today': 40, 'future_reward': 55, 'delay': 62}
8.2924 	EXP 	fixation: autoDraw = False
8.2924 	EXP 	text: autoDraw = False
8.2924 	EXP 	text: height = 0.05
8.2924 	EXP 	text: height = 0.05
8.2924 	EXP 	text: height = 0.05
8.2924 	EXP 	text: text = 'GBP 40 today or GBP 55 after 62 days'
8.2924 	EXP 	fixation: autoDraw = True
9.2805 	EXP 	text: autoDraw = True
9.2970 	EXP 	fixation: autoDraw = False
12.3878 	EXP 	New trial (rep=0, index=2): {'reward_today': 67, 'future_reward': 75, 'delay': 119}
12.4076 	EXP 	fixation: autoDraw = False
12.4076 	EXP 	text: autoDraw = False
12.4076 	EXP 	text: height = 0.05
12.4076 	EXP 	text: height = 0.05
12.4076 	EXP 	text: height = 0.05
12.4076 	EXP 	text: text = 'GBP 67 today or GBP 75 after 119 days'
12.4076 	EXP 	fixation: autoDraw = True
13.3972 	EXP 	text: autoDraw = True
13.4138 	EXP 	fixation: autoDraw = False
16.3003 	EXP 	New trial (rep=0, index=3): {'reward_today': 11, 'future_reward': 30, 'delay': 7}
16.3153 	EXP 	fixation: autoDraw = False
16.3153 	EXP 	text: autoDraw = False
16.3153 	EXP 	text: height = 0.05
16.3153 	EXP 	text: height = 0.05
16.3153 	EXP 	text: height = 0.05
16.3153 	EXP 	text: text = 'GBP 11 today or GBP 30 after 7 days'
16.3153 	EXP 	fixation: autoDraw = True
17.3136 	EXP 	text: autoDraw = True
17.3303 	EXP 	fixation: autoDraw = False
22.0839 	EXP 	New trial (rep=0, index=4): {'reward_today': 78, 'future_reward': 80, 'delay': 162}
22.1019 	EXP 	fixation: autoDraw = False
22.1019 	EXP 	text: autoDraw = False
22.1019 	EXP 	text: height = 0.05
22.1019 	EXP 	text: height = 0.05
22.1019 	EXP 	text: height = 0.05
22.1019 	EXP 	text: text = 'GBP 78 today or GBP 80 after 162 days'
22.1019 	EXP 	fixation: autoDraw = True
23.0970 	EXP 	text: autoDraw = True
23.1136 	EXP 	fixation: autoDraw = False
27.1517 	EXP 	New trial (rep=0, index=5): {'reward_today': 49, 'future_reward': 60, 'delay': 89}
27.1664 	EXP 	fixation: autoDraw = False
27.1664 	EXP 	text: autoDraw = False
27.1664 	EXP 	text: height = 0.05
27.1664 	EXP 	text: height = 0.05
27.1664 	EXP 	text: height = 0.05
27.1664 	EXP 	text: text = 'GBP 49 today or GBP 60 after 89 days'
27.1664 	EXP 	fixation: autoDraw = True
28.1637 	EXP 	text: autoDraw = True
28.1803 	EXP 	fixation: autoDraw = False
31.1999 	EXP 	New trial (rep=0, index=6): {'reward_today': 27, 'future_reward': 50, 'delay': 21}
31.2131 	EXP 	fixation: autoDraw = False
31.2131 	EXP 	text: autoDraw = False
31.2131 	EXP 	text: height = 0.05
31.2131 	EXP 	text: height = 0.05
31.2131 	EXP 	text: height = 0.05
31.2131 	EXP 	text: text = 'GBP 27 today or GBP 50 after 21 days'
31.2131 	EXP 	fixation: autoDraw = True
32.2137 	EXP 	fixation: autoDraw = False
32.2137 	EXP 	text: autoDraw = True
38.4703 	EXP 	New trial (rep=1, index=0): {'reward_today': 15, 'future_reward': 35, 'delay': 13}
38.4870 	EXP 	fixation: autoDraw = False
38.4870 	EXP 	text: autoDraw = False
38.4870 	EXP 	text: height = 0.05
38.4870 	EXP 	text: height = 0.05
38.4870 	EXP 	text: height = 0.05
38.4870 	EXP 	text: text = 'GBP 15 today or GBP 35 after 13 days'
38.4870 	EXP 	fixation: autoDraw = True
39.4803 	EXP 	text: autoDraw = True
39.4967 	EXP 	fixation: autoDraw = False
43.5172 	EXP 	New trial (rep=1, index=1): {'reward_today': 78, 'future_reward': 80, 'delay': 162}
43.5298 	EXP 	fixation: autoDraw = False
43.5298 	EXP 	text: autoDraw = False
43.5298 	EXP 	text: height = 0.05
43.5298 	EXP 	text: height = 0.05
43.5298 	EXP 	text: height = 0.05
43.5298 	EXP 	text: text = 'GBP 78 today or GBP 80 after 162 days'
43.5298 	EXP 	fixation: autoDraw = True
44.5302 	EXP 	fixation: autoDraw = False
44.5302 	EXP 	text: autoDraw = True
46.6178 	EXP 	New trial (rep=1, index=2): {'reward_today': 40, 'future_reward': 55, 'delay': 62}
46.6326 	EXP 	fixation: autoDraw = False
46.6326 	EXP 	text: autoDraw = False
46.6326 	EXP 	text: height = 0.05
46.6326 	EXP 	text: height = 0.05
46.6326 	EXP 	text: height = 0.05
46.6326 	EXP 	text: text = 'GBP 40 today or GBP 55 after 62 days'
46.6326 	EXP 	fixation: autoDraw = True
47.6302 	EXP 	text: autoDraw = True
47.6470 	EXP 	fixation: autoDraw = False
50.2170 	EXP 	New trial (rep=1, index=3): {'reward_today': 11, 'future_reward': 30, 'delay': 7}
50.2329 	EXP 	fixation: autoDraw = False
50.2329 	EXP 	text: autoDraw = False
50.2329 	EXP 	text: height = 0.05
50.2329 	EXP 	text: height = 0.05
50.2329 	EXP 	text: height = 0.05
50.2329 	EXP 	text: text = 'GBP 11 today or GBP 30 after 7 days'
50.2329 	EXP 	fixation: autoDraw = True
51.2301 	EXP 	text: autoDraw = True
51.2467 	EXP 	fixation: autoDraw = False
53.5032 	EXP 	New trial (rep=1, index=4): {'reward_today': 49, 'future_reward': 60, 'delay': 89}
53.5255 	EXP 	fixation: autoDraw = False
53.5255 	EXP 	text: autoDraw = False
53.5255 	EXP 	text: height = 0.05
53.5255 	EXP 	text: height = 0.05
53.5255 	EXP 	text: height = 0.05
53.5255 	EXP 	text: text = 'GBP 49 today or GBP 60 after 89 days'
53.5255 	EXP 	fixation: autoDraw = True
54.5134 	EXP 	text: autoDraw = True
54.5300 	EXP 	fixation: autoDraw = False
61.0342 	EXP 	New trial (rep=1, index=5): {'reward_today': 67, 'future_reward': 75, 'delay': 119}
61.0462 	EXP 	fixation: autoDraw = False
61.0462 	EXP 	text: autoDraw = False
61.0462 	EXP 	text: height = 0.05
61.0462 	EXP 	text: height = 0.05
61.0462 	EXP 	text: height = 0.05
61.0462 	EXP 	text: text = 'GBP 67 today or GBP 75 after 119 days'
61.0462 	EXP 	fixation: autoDraw = True
62.0468 	EXP 	fixation: autoDraw = False
62.0468 	EXP 	text: autoDraw = True
69.5494 	EXP 	New trial (rep=1, index=6): {'reward_today': 27, 'future_reward': 50, 'delay': 21}
69.5629 	EXP 	fixation: autoDraw = False
69.5629 	EXP 	text: autoDraw = False
69.5629 	EXP 	text: height = 0.05
69.5629 	EXP 	text: height = 0.05
69.5629 	EXP 	text: height = 0.05
69.5629 	EXP 	text: text = 'GBP 27 today or GBP 50 after 21 days'
69.5629 	EXP 	fixation: autoDraw = True
70.5634 	EXP 	fixation: autoDraw = False
70.5634 	EXP 	text: autoDraw = True
77.3320 	EXP 	New trial (rep=2, index=0): {'reward_today': 11, 'future_reward': 30, 'delay': 7}
77.3460 	EXP 	fixation: autoDraw = False
77.3460 	EXP 	text: autoDraw = False
77.3460 	EXP 	text: height = 0.05
77.3460 	EXP 	text: height = 0.05
77.3460 	EXP 	text: height = 0.05
77.3460 	EXP 	text: text = 'GBP 11 today or GBP 30 after 7 days'
77.3460 	EXP 	fixation: autoDraw = True
78.3463 	EXP 	fixation: autoDraw = False
78.3463 	EXP 	text: autoDraw = True
82.0492 	EXP 	New trial (rep=2, index=1): {'reward_today': 67, 'future_reward': 75, 'delay': 119}
82.0627 	EXP 	fixation: autoDraw = False
82.0627 	EXP 	text: autoDraw = False
82.0627 	EXP 	text: height = 0.05
82.0627 	EXP 	text: height = 0.05
82.0627 	EXP 	text: height = 0.05
82.0627 	EXP 	text: text = 'GBP 67 today or GBP 75 after 119 days'
82.0627 	EXP 	fixation: autoDraw = True
83.0632 	EXP 	fixation: autoDraw = False
83.0632 	EXP 	text: autoDraw = True
84.7329 	EXP 	New trial (rep=2, index=2): {'reward_today': 49, 'future_reward': 60, 'delay': 89}
84.7484 	EXP 	fixation: autoDraw = False
84.7484 	EXP 	text: autoDraw = False
84.7484 	EXP 	text: height = 0.05
84.7484 	EXP 	text: height = 0.05
84.7484 	EXP 	text: height = 0.05
84.7484 	EXP 	text: text = 'GBP 49 today or GBP 60 after 89 days'
84.7484 	EXP 	fixation: autoDraw = True
85.7464 	EXP 	text: autoDraw = True
85.7631 	EXP 	fixation: autoDraw = False
87.5990 	EXP 	New trial (rep=2, index=3): {'reward_today': 15, 'future_reward': 35, 'delay': 13}
87.6126 	EXP 	fixation: autoDraw = False
87.6126 	EXP 	text: autoDraw = False
87.6126 	EXP 	text: height = 0.05
87.6126 	EXP 	text: height = 0.05
87.6126 	EXP 	text: height = 0.05
87.6126 	EXP 	text: text = 'GBP 15 today or GBP 35 after 13 days'
87.6126 	EXP 	fixation: autoDraw = True
88.6132 	EXP 	fixation: autoDraw = False
88.6132 	EXP 	text: autoDraw = True
89.9500 	EXP 	New trial (rep=2, index=4): {'reward_today': 40, 'future_reward': 55, 'delay': 62}
89.9677 	EXP 	fixation: autoDraw = False
89.9677 	EXP 	text: autoDraw = False
89.9677 	EXP 	text: height = 0.05
89.9677 	EXP 	text: height = 0.05
89.9677 	EXP 	text: height = 0.05
89.9677 	EXP 	text: text = 'GBP 40 today or GBP 55 after 62 days'
89.9677 	EXP 	fixation: autoDraw = True
90.9629 	EXP 	text: autoDraw = True
90.9796 	EXP 	fixation: autoDraw = False
92.3664 	EXP 	New trial (rep=2, index=5): {'reward_today': 78, 'future_reward': 80, 'delay': 162}
92.3830 	EXP 	fixation: autoDraw = False
92.3830 	EXP 	text: autoDraw = False
92.3830 	EXP 	text: height = 0.05
92.3830 	EXP 	text: height = 0.05
92.3830 	EXP 	text: height = 0.05
92.3830 	EXP 	text: text = 'GBP 78 today or GBP 80 after 162 days'
92.3830 	EXP 	fixation: autoDraw = True
93.3798 	EXP 	text: autoDraw = True
93.3966 	EXP 	fixation: autoDraw = False
95.1157 	EXP 	New trial (rep=2, index=6): {'reward_today': 27, 'future_reward': 50, 'delay': 21}
95.1293 	EXP 	fixation: autoDraw = False
95.1293 	EXP 	text: autoDraw = False
95.1293 	EXP 	text: height = 0.05
95.1293 	EXP 	text: height = 0.05
95.1293 	EXP 	text: height = 0.05
95.1293 	EXP 	text: text = 'GBP 27 today or GBP 50 after 21 days'
95.1293 	EXP 	fixation: autoDraw = True
96.1297 	EXP 	fixation: autoDraw = False
96.1297 	EXP 	text: autoDraw = True
99.4679 	EXP 	New trial (rep=3, index=0): {'reward_today': 15, 'future_reward': 35, 'delay': 13}
99.4810 	EXP 	fixation: autoDraw = False
99.4810 	EXP 	text: autoDraw = False
99.4810 	EXP 	text: height = 0.05
99.4810 	EXP 	text: height = 0.05
99.4810 	EXP 	text: height = 0.05
99.4810 	EXP 	text: text = 'GBP 15 today or GBP 35 after 13 days'
99.4810 	EXP 	fixation: autoDraw = True
100.4797 	EXP 	text: autoDraw = True
100.4963 	EXP 	fixation: autoDraw = False
103.0657 	EXP 	New trial (rep=3, index=1): {'reward_today': 78, 'future_reward': 80, 'delay': 162}
103.1670 	EXP 	fixation: autoDraw = False
103.1670 	EXP 	text: autoDraw = False
103.1670 	EXP 	text: height = 0.05
103.1670 	EXP 	text: height = 0.05
103.1670 	EXP 	text: height = 0.05
103.1670 	EXP 	text: text = 'GBP 78 today or GBP 80 after 162 days'
103.1670 	EXP 	fixation: autoDraw = True
104.0799 	EXP 	text: autoDraw = True
104.1795 	EXP 	fixation: autoDraw = False
106.7667 	EXP 	New trial (rep=3, index=2): {'reward_today': 49, 'future_reward': 60, 'delay': 89}
106.7831 	EXP 	fixation: autoDraw = False
106.7831 	EXP 	text: autoDraw = False
106.7831 	EXP 	text: height = 0.05
106.7831 	EXP 	text: height = 0.05
106.7831 	EXP 	text: height = 0.05
106.7831 	EXP 	text: text = 'GBP 49 today or GBP 60 after 89 days'
106.7831 	EXP 	fixation: autoDraw = True
107.7795 	EXP 	text: autoDraw = True
107.7964 	EXP 	fixation: autoDraw = False
109.8846 	EXP 	New trial (rep=3, index=3): {'reward_today': 27, 'future_reward': 50, 'delay': 21}
109.8978 	EXP 	fixation: autoDraw = False
109.8978 	EXP 	text: autoDraw = False
109.8978 	EXP 	text: height = 0.05
109.8978 	EXP 	text: height = 0.05
109.8978 	EXP 	text: height = 0.05
109.8978 	EXP 	text: text = 'GBP 27 today or GBP 50 after 21 days'
109.8978 	EXP 	fixation: autoDraw = True
110.8963 	EXP 	text: autoDraw = True
110.9129 	EXP 	fixation: autoDraw = False
113.7509 	EXP 	New trial (rep=3, index=4): {'reward_today': 40, 'future_reward': 55, 'delay': 62}
113.7651 	EXP 	fixation: autoDraw = False
113.7651 	EXP 	text: autoDraw = False
113.7651 	EXP 	text: height = 0.05
113.7651 	EXP 	text: height = 0.05
113.7651 	EXP 	text: height = 0.05
113.7651 	EXP 	text: text = 'GBP 40 today or GBP 55 after 62 days'
113.7651 	EXP 	fixation: autoDraw = True
114.7630 	EXP 	text: autoDraw = True
114.7798 	EXP 	fixation: autoDraw = False
118.8668 	EXP 	New trial (rep=3, index=5): {'reward_today': 11, 'future_reward': 30, 'delay': 7}
118.8822 	EXP 	fixation: autoDraw = False
118.8822 	EXP 	text: autoDraw = False
118.8822 	EXP 	text: height = 0.05
118.8822 	EXP 	text: height = 0.05
118.8822 	EXP 	text: height = 0.05
118.8822 	EXP 	text: text = 'GBP 11 today or GBP 30 after 7 days'
118.8822 	EXP 	fixation: autoDraw = True
119.8793 	EXP 	text: autoDraw = True
119.8959 	EXP 	fixation: autoDraw = False
124.5839 	EXP 	New trial (rep=3, index=6): {'reward_today': 67, 'future_reward': 75, 'delay': 119}
124.5977 	EXP 	fixation: autoDraw = False
124.5977 	EXP 	text: autoDraw = False
124.5977 	EXP 	text: height = 0.05
124.5977 	EXP 	text: height = 0.05
124.5977 	EXP 	text: height = 0.05
124.5977 	EXP 	text: text = 'GBP 67 today or GBP 75 after 119 days'
124.5977 	EXP 	fixation: autoDraw = True
125.5961 	EXP 	text: autoDraw = True
125.6127 	EXP 	fixation: autoDraw = False
131.4983 	EXP 	New trial (rep=4, index=0): {'reward_today': 27, 'future_reward': 50, 'delay': 21}
131.5122 	EXP 	fixation: autoDraw = False
131.5122 	EXP 	text: autoDraw = False
131.5122 	EXP 	text: height = 0.05
131.5122 	EXP 	text: height = 0.05
131.5122 	EXP 	text: height = 0.05
131.5122 	EXP 	text: text = 'GBP 27 today or GBP 50 after 21 days'
131.5122 	EXP 	fixation: autoDraw = True
132.5126 	EXP 	fixation: autoDraw = False
132.5126 	EXP 	text: autoDraw = True
135.8174 	EXP 	New trial (rep=4, index=1): {'reward_today': 15, 'future_reward': 35, 'delay': 13}
135.8352 	EXP 	fixation: autoDraw = False
135.8352 	EXP 	text: autoDraw = False
135.8352 	EXP 	text: height = 0.05
135.8352 	EXP 	text: height = 0.05
135.8352 	EXP 	text: height = 0.05
135.8352 	EXP 	text: text = 'GBP 15 today or GBP 35 after 13 days'
135.8352 	EXP 	fixation: autoDraw = True
136.8293 	EXP 	text: autoDraw = True
136.8458 	EXP 	fixation: autoDraw = False
138.3998 	EXP 	New trial (rep=4, index=2): {'reward_today': 67, 'future_reward': 75, 'delay': 119}
138.4142 	EXP 	fixation: autoDraw = False
138.4142 	EXP 	text: autoDraw = False
138.4142 	EXP 	text: height = 0.05
138.4142 	EXP 	text: height = 0.05
138.4142 	EXP 	text: height = 0.05
138.4142 	EXP 	text: text = 'GBP 67 today or GBP 75 after 119 days'
138.4142 	EXP 	fixation: autoDraw = True
139.4126 	EXP 	text: autoDraw = True
139.4291 	EXP 	fixation: autoDraw = False
141.4675 	EXP 	New trial (rep=4, index=3): {'reward_today': 78, 'future_reward': 80, 'delay': 162}
141.4815 	EXP 	fixation: autoDraw = False
141.4815 	EXP 	text: autoDraw = False
141.4815 	EXP 	text: height = 0.05
141.4815 	EXP 	text: height = 0.05
141.4815 	EXP 	text: height = 0.05
141.4815 	EXP 	text: text = 'GBP 78 today or GBP 80 after 162 days'
141.4815 	EXP 	fixation: autoDraw = True
142.4792 	EXP 	text: autoDraw = True
142.4959 	EXP 	fixation: autoDraw = False
144.5644 	EXP 	New trial (rep=4, index=4): {'reward_today': 40, 'future_reward': 55, 'delay': 62}
144.5787 	EXP 	fixation: autoDraw = False
144.5787 	EXP 	text: autoDraw = False
144.5787 	EXP 	text: height = 0.05
144.5787 	EXP 	text: height = 0.05
144.5787 	EXP 	text: height = 0.05
144.5787 	EXP 	text: text = 'GBP 40 today or GBP 55 after 62 days'
144.5787 	EXP 	fixation: autoDraw = True
145.5795 	EXP 	fixation: autoDraw = False
145.5795 	EXP 	text: autoDraw = True
148.7688 	EXP 	New trial (rep=4, index=5): {'reward_today': 11, 'future_reward': 30, 'delay': 7}
148.7897 	EXP 	fixation: autoDraw = False
148.7897 	EXP 	text: autoDraw = False
148.7897 	EXP 	text: height = 0.05
148.7897 	EXP 	text: height = 0.05
148.7897 	EXP 	text: height = 0.05
148.7897 	EXP 	text: text = 'GBP 11 today or GBP 30 after 7 days'
148.7897 	EXP 	fixation: autoDraw = True
149.7793 	EXP 	text: autoDraw = True
149.7957 	EXP 	fixation: autoDraw = False
151.5502 	EXP 	New trial (rep=4, index=6): {'reward_today': 49, 'future_reward': 60, 'delay': 89}
151.5646 	EXP 	fixation: autoDraw = False
151.5646 	EXP 	text: autoDraw = False
151.5646 	EXP 	text: height = 0.05
151.5646 	EXP 	text: height = 0.05
151.5646 	EXP 	text: height = 0.05
151.5646 	EXP 	text: text = 'GBP 49 today or GBP 60 after 89 days'
151.5646 	EXP 	fixation: autoDraw = True
152.5624 	EXP 	text: autoDraw = True
152.5790 	EXP 	fixation: autoDraw = False
156.7955 	EXP 	fixation: autoDraw = False
156.7955 	EXP 	text: autoDraw = False
156.7958 	EXP 	untitled2: status = STOPPED
156.9854 	EXP 	window1: mouseVisible = True
