8.7826 	WARNING 	User requested fullscreen with size [1024  768], but screen is actually [1920, 1080]. Using actual size
10.8834 	EXP 	Created window1 = Window(allowGUI=True, allowStencil=False, autoLog=True, backendConf=UNKNOWN, backgroundFit=<method-wrapper '__getattribute__' of attributeSetter object at 0x000001A0F8590160>, backgroundImage=<method-wrapper '__getattribute__' of attributeSetter object at 0x000001A0F8590100>, bitsMode=UNKNOWN, blendMode='avg', bpc=(8, 8, 8), color=array([0, 0, 0]), colorSpace='rgb', depthBits=8, fullscr=<method-wrapper '__getattribute__' of attributeSetter object at 0x000001A0F8581FA0>, gamma=None, gammaErrorPolicy='raise', lms=UNKNOWN, monitor=<psychopy.monitors.calibTools.Monitor object at 0x000001A0F8929C40>, multiSample=False, name='window1', numSamples=2, pos=(0, 0), screen=0, size=array([1920, 1080]), stencilBits=0, stereo=False, title='PsychoPy', units='height', useFBO=True, useRetina=False, viewOri=0.0, viewPos=None, viewScale=None, waitBlanking=True, winType='pyglet')
10.8835 	EXP 	window1: mouseVisible = True
10.8835 	EXP 	window1: backgroundImage = ''
10.8835 	EXP 	window1: backgroundFit = 'none'
10.8860 	EXP 	window1: Attempting to measure frame rate of screen (0) ...
10.8861 	EXP 	window1: recordFrameIntervals = False
11.0496 	EXP 	window1: recordFrameIntervals = True
11.2331 	EXP 	Screen (0) actual frame rate measured at 60.02Hz
11.2331 	EXP 	window1: recordFrameIntervals = False
11.2332 	EXP 	window1: mouseVisible = False
13.9803 	EXP 	untitledFINAL: status = STARTED
13.9809 	EXP 	window1: mouseVisible = True
14.0858 	EXP 	Created text = TextStim(__class__=<class 'psychopy.visual.text.TextStim'>, alignHoriz=method-wrapper(...), alignText='center', alignVert=method-wrapper(...), anchorHoriz='center', anchorVert='center', antialias=True, autoDraw=False, autoLog=True, bold=False, color=array([1.    , 1.    , 0.8824]), colorSpace='rgb', contrast=1.0, depth=0.0, draggable=False, flipHoriz=False, flipVert=False, font='Open Sans', fontFiles=[], height=0.05, italic=False, languageStyle='LTR', name='text', opacity=1.0, ori=0.0, pos=array([0., 0.]), rgb=UNKNOWN, text=str(...), units='height', win=Window(...), wrapWidth=1)
14.0860 	EXP 	window1: mouseVisible = True
14.1029 	EXP 	Created text_2 = TextStim(__class__=<class 'psychopy.visual.text.TextStim'>, alignHoriz=method-wrapper(...), alignText='center', alignVert=method-wrapper(...), anchorHoriz='center', anchorVert='center', antialias=True, autoDraw=False, autoLog=True, bold=False, color=array([1.    , 1.    , 0.8824]), colorSpace='rgb', contrast=1.0, depth=-1.0, draggable=False, flipHoriz=False, flipVert=False, font='Open Sans', fontFiles=[], height=0.05, italic=False, languageStyle='LTR', name='text_2', opacity=1.0, ori=0.0, pos=array([0., 0.]), rgb=UNKNOWN, text="Are you ready?\n\nLet's Get Started !\n", units='height', win=Window(...), wrapWidth=1)
14.1031 	EXP 	window1: mouseVisible = True
14.1158 	EXP 	Created text_3 = TextStim(__class__=<class 'psychopy.visual.text.TextStim'>, alignHoriz=method-wrapper(...), alignText='center', alignVert=method-wrapper(...), anchorHoriz='center', anchorVert='center', antialias=True, autoDraw=False, autoLog=True, bold=False, color=array([1., 1., 1.]), colorSpace='rgb', contrast=1.0, depth=-2.0, draggable=False, flipHoriz=False, flipVert=False, font='Open Sans', fontFiles=[], height=0.05, italic=False, languageStyle='LTR', name='text_3', opacity=1.0, ori=0.0, pos=array([0., 0.]), rgb=UNKNOWN, text=str(...), units='height', win=Window(...), wrapWidth=1)
14.1160 	EXP 	window1: mouseVisible = True
14.1282 	EXP 	Created blackroad = ImageStim(__class__=<class 'psychopy.visual.image.ImageStim'>, anchor=('center', 'center'), autoLog=True, color=array([1., 1., 1.]), colorSpace='rgb', contrast=1.0, depth=0.0, draggable=False, flipHoriz=False, flipVert=False, image=str(...), interpolate=True, mask=None, maskParams=None, name='blackroad', opacity=1.0, ori=0.0, pos=array([0., 0.]), size=array([0.5, 0.5]), texRes=128.0, units='height', win=Window(...))
14.1284 	EXP 	window1: mouseVisible = True
14.1448 	EXP 	Created yellowillusion = ImageStim(__class__=<class 'psychopy.visual.image.ImageStim'>, anchor=('center', 'center'), autoLog=True, color=array([1., 1., 1.]), colorSpace='rgb', contrast=1.0, depth=-1.0, draggable=False, flipHoriz=False, flipVert=False, image=str(...), interpolate=True, mask=None, maskParams=None, name='yellowillusion', opacity=1.0, ori=0.0, pos=array([0., 0.]), size=array([0.5, 0.5]), texRes=128.0, units='height', win=Window(...))
14.1449 	EXP 	window1: mouseVisible = True
14.1631 	EXP 	Created redillusion = ImageStim(__class__=<class 'psychopy.visual.image.ImageStim'>, anchor=('center', 'center'), autoLog=True, color=array([1., 1., 1.]), colorSpace='rgb', contrast=1.0, depth=-2.0, draggable=False, flipHoriz=False, flipVert=False, image=str(...), interpolate=True, mask=None, maskParams=None, name='redillusion', opacity=1.0, ori=0.0, pos=array([0., 0.]), size=array([0.5, 0.5]), texRes=128.0, units='height', win=Window(...))
14.1633 	EXP 	window1: mouseVisible = True
14.1852 	EXP 	Created wall = ImageStim(__class__=<class 'psychopy.visual.image.ImageStim'>, anchor=('center', 'center'), autoLog=True, color=array([1., 1., 1.]), colorSpace='rgb', contrast=1.0, depth=-3.0, draggable=False, flipHoriz=False, flipVert=False, image=str(...), interpolate=True, mask=None, maskParams=None, name='wall', opacity=1.0, ori=0.0, pos=array([0., 0.]), size=array([0.5, 0.5]), texRes=128.0, units='height', win=Window(...))
14.1854 	EXP 	window1: mouseVisible = True
14.2188 	EXP 	Created image = ImageStim(__class__=<class 'psychopy.visual.image.ImageStim'>, anchor=('center', 'center'), autoLog=True, color=array([1., 1., 1.]), colorSpace='rgb', contrast=1.0, depth=-4.0, draggable=False, flipHoriz=False, flipVert=False, image=str(...), interpolate=True, mask=None, maskParams=None, name='image', opacity=1.0, ori=0.0, pos=array([0., 0.]), size=array([0.5, 0.5]), texRes=128.0, units='height', win=Window(...))
14.2190 	EXP 	window1: mouseVisible = True
14.2262 	EXP 	Created instructions = TextStim(__class__=<class 'psychopy.visual.text.TextStim'>, alignHoriz=method-wrapper(...), alignText='center', alignVert=method-wrapper(...), anchorHoriz='center', anchorVert='center', antialias=True, autoDraw=False, autoLog=True, bold=False, color=array([1., 1., 1.]), colorSpace='rgb', contrast=1.0, depth=0.0, draggable=False, flipHoriz=False, flipVert=False, font='Open Sans', fontFiles=[], height=0.05, italic=False, languageStyle='LTR', name='instructions', opacity=1.0, ori=0.0, pos=array([0., 0.]), rgb=UNKNOWN, text='I hope you love the pictures :)\n', units='height', win=Window(...), wrapWidth=1)
14.2264 	EXP 	window1: mouseVisible = True
14.2435 	EXP 	Created text_4 = TextStim(__class__=<class 'psychopy.visual.text.TextStim'>, alignHoriz=method-wrapper(...), alignText='center', alignVert=method-wrapper(...), anchorHoriz='center', anchorVert='center', antialias=True, autoDraw=False, autoLog=True, bold=False, color=array([1., 1., 1.]), colorSpace='rgb', contrast=1.0, depth=-1.0, draggable=False, flipHoriz=False, flipVert=False, font='Open Sans', fontFiles=[], height=0.05, italic=False, languageStyle='LTR', name='text_4', opacity=1.0, ori=0.0, pos=array([0., 0.]), rgb=UNKNOWN, text=str(...), units='height', win=Window(...), wrapWidth=1)
14.2436 	EXP 	window1: mouseVisible = True
14.2582 	EXP 	Created text_5 = TextStim(__class__=<class 'psychopy.visual.text.TextStim'>, alignHoriz=method-wrapper(...), alignText='center', alignVert=method-wrapper(...), anchorHoriz='center', anchorVert='center', antialias=True, autoDraw=False, autoLog=True, bold=False, color=array([1., 1., 1.]), colorSpace='rgb', contrast=1.0, depth=-2.0, draggable=False, flipHoriz=False, flipVert=False, font='Open Sans', fontFiles=[], height=0.05, italic=False, languageStyle='LTR', name='text_5', opacity=1.0, ori=0.0, pos=array([0., 0.]), rgb=UNKNOWN, text=str(...), units='height', win=Window(...), wrapWidth=1)
14.2584 	EXP 	window1: mouseVisible = True
14.2855 	EXP 	Created text_6 = TextStim(__class__=<class 'psychopy.visual.text.TextStim'>, alignHoriz=method-wrapper(...), alignText='center', alignVert=method-wrapper(...), anchorHoriz='center', anchorVert='center', antialias=True, autoDraw=False, autoLog=True, bold=False, color=array([1., 1., 1.]), colorSpace='rgb', contrast=1.0, depth=-3.0, draggable=False, flipHoriz=False, flipVert=False, font='Open Sans', fontFiles=[], height=0.05, italic=False, languageStyle='LTR', name='text_6', opacity=1.0, ori=0.0, pos=array([0., 0.]), rgb=UNKNOWN, text=str(...), units='height', win=Window(...), wrapWidth=1)
14.2856 	EXP 	window1: mouseVisible = True
14.2975 	EXP 	Created yellowillusionimage = ImageStim(__class__=<class 'psychopy.visual.image.ImageStim'>, anchor=('center', 'center'), autoLog=True, color=array([1., 1., 1.]), colorSpace='rgb', contrast=1.0, depth=0.0, draggable=False, flipHoriz=False, flipVert=False, image=str(...), interpolate=True, mask=None, maskParams=None, name='yellowillusionimage', opacity=1.0, ori=0.0, pos=array([0., 0.]), size=array([0.5, 0.5]), texRes=128.0, units='height', win=Window(...))
14.2977 	EXP 	window1: mouseVisible = True
14.3064 	EXP 	Created blackroadimage = ImageStim(__class__=<class 'psychopy.visual.image.ImageStim'>, anchor=('center', 'center'), autoLog=True, color=array([1., 1., 1.]), colorSpace='rgb', contrast=1.0, depth=-1.0, draggable=False, flipHoriz=False, flipVert=False, image=str(...), interpolate=True, mask=None, maskParams=None, name='blackroadimage', opacity=1.0, ori=0.0, pos=array([0., 0.]), size=array([0.5, 0.5]), texRes=128.0, units='height', win=Window(...))
14.3066 	EXP 	window1: mouseVisible = True
14.3221 	EXP 	Created pastelimage = ImageStim(__class__=<class 'psychopy.visual.image.ImageStim'>, anchor=('center', 'center'), autoLog=True, color=array([1., 1., 1.]), colorSpace='rgb', contrast=1.0, depth=0.0, draggable=False, flipHoriz=False, flipVert=False, image=str(...), interpolate=True, mask=None, maskParams=None, name='pastelimage', opacity=1.0, ori=0.0, pos=array([0., 0.]), size=array([0.5, 0.5]), texRes=128.0, units='height', win=Window(...))
14.3222 	EXP 	window1: mouseVisible = True
14.3352 	EXP 	Created redillusionimage = ImageStim(__class__=<class 'psychopy.visual.image.ImageStim'>, anchor=('center', 'center'), autoLog=True, color=array([1., 1., 1.]), colorSpace='rgb', contrast=1.0, depth=-1.0, draggable=False, flipHoriz=False, flipVert=False, image=str(...), interpolate=True, mask=None, maskParams=None, name='redillusionimage', opacity=1.0, ori=0.0, pos=array([0., 0.]), size=array([0.5, 0.5]), texRes=128.0, units='height', win=Window(...))
14.3354 	EXP 	window1: mouseVisible = True
14.3493 	EXP 	Created whiteimage = ImageStim(__class__=<class 'psychopy.visual.image.ImageStim'>, anchor=('center', 'center'), autoLog=True, color=array([1., 1., 1.]), colorSpace='rgb', contrast=1.0, depth=0.0, draggable=False, flipHoriz=False, flipVert=False, image=str(...), interpolate=True, mask=None, maskParams=None, name='whiteimage', opacity=1.0, ori=0.0, pos=array([0., 0.]), size=array([0.5, 0.5]), texRes=128.0, units='height', win=Window(...))
14.3495 	EXP 	window1: mouseVisible = True
14.3582 	EXP 	Created yellowwhiteimage = ImageStim(__class__=<class 'psychopy.visual.image.ImageStim'>, anchor=('center', 'center'), autoLog=True, color=array([1., 1., 1.]), colorSpace='rgb', contrast=1.0, depth=-1.0, draggable=False, flipHoriz=False, flipVert=False, image=str(...), interpolate=True, mask=None, maskParams=None, name='yellowwhiteimage', opacity=1.0, ori=0.0, pos=array([0., 0.]), size=array([0.5, 0.5]), texRes=128.0, units='height', win=Window(...))
14.3584 	EXP 	window1: mouseVisible = True
14.3775 	EXP 	Created colourfulimage = ImageStim(__class__=<class 'psychopy.visual.image.ImageStim'>, anchor=('center', 'center'), autoLog=True, color=array([1., 1., 1.]), colorSpace='rgb', contrast=1.0, depth=0.0, draggable=False, flipHoriz=False, flipVert=False, image=str(...), interpolate=True, mask=None, maskParams=None, name='colourfulimage', opacity=1.0, ori=0.0, pos=array([0., 0.]), size=array([0.5, 0.5]), texRes=128.0, units='height', win=Window(...))
14.3777 	EXP 	window1: mouseVisible = True
14.3917 	EXP 	Created wallimage = ImageStim(__class__=<class 'psychopy.visual.image.ImageStim'>, anchor=('center', 'center'), autoLog=True, color=array([1., 1., 1.]), colorSpace='rgb', contrast=1.0, depth=-1.0, draggable=False, flipHoriz=False, flipVert=False, image=str(...), interpolate=True, mask=None, maskParams=None, name='wallimage', opacity=1.0, ori=0.0, pos=array([0., 0.]), size=array([0.5, 0.5]), texRes=128.0, units='height', win=Window(...))
14.3919 	EXP 	window1: mouseVisible = True
14.4018 	EXP 	Created text_7 = TextStim(__class__=<class 'psychopy.visual.text.TextStim'>, alignHoriz=method-wrapper(...), alignText='center', alignVert=method-wrapper(...), anchorHoriz='center', anchorVert='center', antialias=True, autoDraw=False, autoLog=True, bold=False, color=array([1., 1., 1.]), colorSpace='rgb', contrast=1.0, depth=0.0, draggable=False, flipHoriz=False, flipVert=False, font='Open Sans', fontFiles=[], height=0.05, italic=False, languageStyle='LTR', name='text_7', opacity=1.0, ori=0.0, pos=array([0., 0.]), rgb=UNKNOWN, text='THANK YOU :)\n', units='height', win=Window(...), wrapWidth=1)
0.0089 	EXP 	text: autoDraw = True
6.0137 	EXP 	text: autoDraw = False
6.0137 	EXP 	text_2: autoDraw = True
10.0139 	EXP 	text_2: autoDraw = False
10.0139 	EXP 	text_3: autoDraw = True
15.0721 	EXP 	text_3: autoDraw = False
15.0721 	EXP 	text: autoDraw = False
15.0721 	EXP 	text_2: autoDraw = False
15.0721 	EXP 	text_3: autoDraw = False
15.0721 	EXP 	blackroad: autoDraw = True
18.0167 	EXP 	blackroad: autoDraw = False
18.0167 	EXP 	yellowillusion: autoDraw = True
21.0147 	EXP 	yellowillusion: autoDraw = False
21.0147 	EXP 	redillusion: autoDraw = True
24.0147 	EXP 	redillusion: autoDraw = False
24.0147 	EXP 	wall: autoDraw = True
27.0148 	EXP 	wall: autoDraw = False
27.0148 	EXP 	image: autoDraw = True
30.0138 	EXP 	image: autoDraw = False
30.0138 	EXP 	blackroad: autoDraw = False
30.0138 	EXP 	yellowillusion: autoDraw = False
30.0138 	EXP 	redillusion: autoDraw = False
30.0138 	EXP 	wall: autoDraw = False
30.0138 	EXP 	image: autoDraw = False
30.0138 	EXP 	instructions: autoDraw = True
33.0139 	EXP 	instructions: autoDraw = False
33.0139 	EXP 	text_4: autoDraw = True
39.0141 	EXP 	text_4: autoDraw = False
39.0141 	EXP 	text_5: autoDraw = True
45.0142 	EXP 	text_5: autoDraw = False
45.0142 	EXP 	text_6: autoDraw = True
55.0194 	EXP 	Imported Routine1.xlsx as conditions, 2 conditions, 2 params
55.0209 	EXP 	Created sequence: random, trialTypes=2, nReps=1, seed=None
55.0216 	EXP 	New trial (rep=0, index=0): {'image': 'yellowillusionimage ', 'corr_resp': 'n'}
55.0292 	EXP 	text_6: autoDraw = False
55.0292 	EXP 	instructions: autoDraw = False
55.0292 	EXP 	text_4: autoDraw = False
55.0292 	EXP 	text_5: autoDraw = False
55.0292 	EXP 	text_6: autoDraw = False
55.0292 	EXP 	yellowillusionimage: autoDraw = True
58.0142 	EXP 	yellowillusionimage: autoDraw = False
58.0142 	EXP 	blackroadimage: autoDraw = True
60.1032 	DATA 	Keypress: r
61.0007 	EXP 	New trial (rep=0, index=1): {'image': 'blackroadimage', 'corr_resp': 'r'}
61.0141 	EXP 	blackroadimage: autoDraw = False
61.0141 	EXP 	yellowillusionimage: autoDraw = False
61.0141 	EXP 	blackroadimage: autoDraw = False
61.0141 	EXP 	yellowillusionimage: autoDraw = True
64.0140 	EXP 	yellowillusionimage: autoDraw = False
64.0140 	EXP 	blackroadimage: autoDraw = True
64.1845 	DATA 	Keypress: r
66.3386 	DATA 	Keypress: r
67.0187 	EXP 	Imported Routine2.xlsx as conditions, 2 conditions, 2 params
67.0193 	EXP 	Created sequence: random, trialTypes=2, nReps=1, seed=None
67.0197 	EXP 	New trial (rep=0, index=0): {'image': 'pastelimage', 'corr_resp': 'n'}
67.0257 	EXP 	blackroadimage: autoDraw = False
67.0257 	EXP 	yellowillusionimage: autoDraw = False
67.0257 	EXP 	blackroadimage: autoDraw = False
67.0257 	EXP 	pastelimage: autoDraw = True
70.0143 	EXP 	pastelimage: autoDraw = False
70.0143 	EXP 	redillusionimage: autoDraw = True
72.2342 	DATA 	Keypress: r
73.0003 	EXP 	New trial (rep=0, index=1): {'image': 'redillusionimage', 'corr_resp': 'r'}
73.0140 	EXP 	redillusionimage: autoDraw = False
73.0140 	EXP 	pastelimage: autoDraw = False
73.0140 	EXP 	redillusionimage: autoDraw = False
73.0140 	EXP 	pastelimage: autoDraw = True
76.0139 	EXP 	pastelimage: autoDraw = False
76.0139 	EXP 	redillusionimage: autoDraw = True
76.6009 	DATA 	Keypress: r
79.0186 	EXP 	Imported Routine3.xlsx as conditions, 2 conditions, 2 params
79.0195 	EXP 	Created sequence: random, trialTypes=2, nReps=1, seed=None
79.0200 	EXP 	New trial (rep=0, index=0): {'image': 'whiteimage', 'corr_resp': 'n'}
79.0264 	EXP 	redillusionimage: autoDraw = False
79.0264 	EXP 	pastelimage: autoDraw = False
79.0264 	EXP 	redillusionimage: autoDraw = False
79.0264 	EXP 	whiteimage: autoDraw = True
82.0139 	EXP 	whiteimage: autoDraw = False
82.0139 	EXP 	yellowwhiteimage: autoDraw = True
83.1175 	DATA 	Keypress: n
85.0001 	EXP 	New trial (rep=0, index=1): {'image': 'yellowwhiteimage', 'corr_resp': 'n'}
85.0138 	EXP 	yellowwhiteimage: autoDraw = False
85.0138 	EXP 	whiteimage: autoDraw = False
85.0138 	EXP 	yellowwhiteimage: autoDraw = False
85.0138 	EXP 	whiteimage: autoDraw = True
85.6675 	DATA 	Keypress: n
88.0137 	EXP 	whiteimage: autoDraw = False
88.0137 	EXP 	yellowwhiteimage: autoDraw = True
88.6672 	DATA 	Keypress: n
91.0133 	EXP 	Imported Routine4.xlsx as conditions, 2 conditions, 2 params
91.0143 	EXP 	Created sequence: random, trialTypes=2, nReps=1, seed=None
91.0148 	EXP 	New trial (rep=0, index=0): {'image': 'colourfulimage', 'corr_resp': 'r'}
91.0217 	EXP 	yellowwhiteimage: autoDraw = False
91.0217 	EXP 	whiteimage: autoDraw = False
91.0217 	EXP 	yellowwhiteimage: autoDraw = False
91.0217 	EXP 	colourfulimage: autoDraw = True
91.9859 	DATA 	Keypress: r
94.0141 	EXP 	colourfulimage: autoDraw = False
94.0141 	EXP 	wallimage: autoDraw = True
94.7028 	DATA 	Keypress: n
97.0024 	EXP 	New trial (rep=0, index=1): {'image': 'wallimage', 'corr_resp': 'n'}
97.0139 	EXP 	wallimage: autoDraw = False
97.0139 	EXP 	colourfulimage: autoDraw = False
97.0139 	EXP 	wallimage: autoDraw = False
97.0139 	EXP 	colourfulimage: autoDraw = True
98.9688 	DATA 	Keypress: r
100.0138 	EXP 	colourfulimage: autoDraw = False
100.0138 	EXP 	wallimage: autoDraw = True
100.6186 	DATA 	Keypress: r
103.0132 	EXP 	wallimage: autoDraw = False
103.0132 	EXP 	colourfulimage: autoDraw = False
103.0132 	EXP 	wallimage: autoDraw = False
103.0132 	EXP 	text_7: autoDraw = True
106.0130 	EXP 	text_7: autoDraw = False
106.0130 	EXP 	text_7: autoDraw = False
106.0133 	EXP 	untitledFINAL: status = STOPPED
106.2448 	EXP 	window1: mouseVisible = True
