7.6837 	WARNING 	User requested fullscreen with size [1024  768], but screen is actually [1920, 1080]. Using actual size
9.7614 	EXP 	Created window1 = Window(allowGUI=True, allowStencil=False, autoLog=True, backendConf=UNKNOWN, backgroundFit=<method-wrapper '__getattribute__' of attributeSetter object at 0x000001BDB26EFC40>, backgroundImage=<method-wrapper '__getattribute__' of attributeSetter object at 0x000001BDB26EFBE0>, bitsMode=UNKNOWN, blendMode='avg', bpc=(8, 8, 8), color=array([0, 0, 0]), colorSpace='rgb', depthBits=8, fullscr=<method-wrapper '__getattribute__' of attributeSetter object at 0x000001BDB26EFA30>, gamma=None, gammaErrorPolicy='raise', lms=UNKNOWN, monitor=<psychopy.monitors.calibTools.Monitor object at 0x000001BDB2A9B0D0>, multiSample=False, name='window1', numSamples=2, pos=(0, 0), screen=0, size=array([1920, 1080]), stencilBits=0, stereo=False, title='PsychoPy', units='height', useFBO=True, useRetina=False, viewOri=0.0, viewPos=None, viewScale=None, waitBlanking=True, winType='pyglet')
9.7616 	EXP 	window1: mouseVisible = True
9.7616 	EXP 	window1: backgroundImage = ''
9.7616 	EXP 	window1: backgroundFit = 'none'
9.7652 	EXP 	window1: Attempting to measure frame rate of screen (0) ...
9.7652 	EXP 	window1: recordFrameIntervals = False
9.9269 	EXP 	window1: recordFrameIntervals = True
10.1106 	EXP 	Screen (0) actual frame rate measured at 60.04Hz
10.1106 	EXP 	window1: recordFrameIntervals = False
10.1108 	EXP 	window1: mouseVisible = False
12.8686 	EXP 	untitledFINAL: status = STARTED
12.8692 	EXP 	window1: mouseVisible = True
12.9759 	EXP 	Created text = TextStim(__class__=<class 'psychopy.visual.text.TextStim'>, alignHoriz=method-wrapper(...), alignText='center', alignVert=method-wrapper(...), anchorHoriz='center', anchorVert='center', antialias=True, autoDraw=False, autoLog=True, bold=False, color=array([1.    , 1.    , 0.8824]), colorSpace='rgb', contrast=1.0, depth=0.0, draggable=False, flipHoriz=False, flipVert=False, font='Open Sans', fontFiles=[], height=0.05, italic=False, languageStyle='LTR', name='text', opacity=1.0, ori=0.0, pos=array([0., 0.]), rgb=UNKNOWN, text=str(...), units='height', win=Window(...), wrapWidth=1)
12.9761 	EXP 	window1: mouseVisible = True
12.9928 	EXP 	Created text_2 = TextStim(__class__=<class 'psychopy.visual.text.TextStim'>, alignHoriz=method-wrapper(...), alignText='center', alignVert=method-wrapper(...), anchorHoriz='center', anchorVert='center', antialias=True, autoDraw=False, autoLog=True, bold=False, color=array([1.    , 1.    , 0.8824]), colorSpace='rgb', contrast=1.0, depth=-1.0, draggable=False, flipHoriz=False, flipVert=False, font='Open Sans', fontFiles=[], height=0.05, italic=False, languageStyle='LTR', name='text_2', opacity=1.0, ori=0.0, pos=array([0., 0.]), rgb=UNKNOWN, text="Are you ready?\n\nLet's Get Started !\n", units='height', win=Window(...), wrapWidth=1)
12.9930 	EXP 	window1: mouseVisible = True
13.0056 	EXP 	Created text_3 = TextStim(__class__=<class 'psychopy.visual.text.TextStim'>, alignHoriz=method-wrapper(...), alignText='center', alignVert=method-wrapper(...), anchorHoriz='center', anchorVert='center', antialias=True, autoDraw=False, autoLog=True, bold=False, color=array([1., 1., 1.]), colorSpace='rgb', contrast=1.0, depth=-2.0, draggable=False, flipHoriz=False, flipVert=False, font='Open Sans', fontFiles=[], height=0.05, italic=False, languageStyle='LTR', name='text_3', opacity=1.0, ori=0.0, pos=array([0., 0.]), rgb=UNKNOWN, text=str(...), units='height', win=Window(...), wrapWidth=1)
13.0057 	EXP 	window1: mouseVisible = True
13.0179 	EXP 	Created blackroad = ImageStim(__class__=<class 'psychopy.visual.image.ImageStim'>, anchor=('center', 'center'), autoLog=True, color=array([1., 1., 1.]), colorSpace='rgb', contrast=1.0, depth=0.0, draggable=False, flipHoriz=False, flipVert=False, image=str(...), interpolate=True, mask=None, maskParams=None, name='blackroad', opacity=1.0, ori=0.0, pos=array([0., 0.]), size=array([0.5, 0.5]), texRes=128.0, units='height', win=Window(...))
13.0182 	EXP 	window1: mouseVisible = True
13.0346 	EXP 	Created yellowillusion = ImageStim(__class__=<class 'psychopy.visual.image.ImageStim'>, anchor=('center', 'center'), autoLog=True, color=array([1., 1., 1.]), colorSpace='rgb', contrast=1.0, depth=-1.0, draggable=False, flipHoriz=False, flipVert=False, image=str(...), interpolate=True, mask=None, maskParams=None, name='yellowillusion', opacity=1.0, ori=0.0, pos=array([0., 0.]), size=array([0.5, 0.5]), texRes=128.0, units='height', win=Window(...))
13.0348 	EXP 	window1: mouseVisible = True
13.0524 	EXP 	Created redillusion = ImageStim(__class__=<class 'psychopy.visual.image.ImageStim'>, anchor=('center', 'center'), autoLog=True, color=array([1., 1., 1.]), colorSpace='rgb', contrast=1.0, depth=-2.0, draggable=False, flipHoriz=False, flipVert=False, image=str(...), interpolate=True, mask=None, maskParams=None, name='redillusion', opacity=1.0, ori=0.0, pos=array([0., 0.]), size=array([0.5, 0.5]), texRes=128.0, units='height', win=Window(...))
13.0526 	EXP 	window1: mouseVisible = True
13.0732 	EXP 	Created wall = ImageStim(__class__=<class 'psychopy.visual.image.ImageStim'>, anchor=('center', 'center'), autoLog=True, color=array([1., 1., 1.]), colorSpace='rgb', contrast=1.0, depth=-3.0, draggable=False, flipHoriz=False, flipVert=False, image=str(...), interpolate=True, mask=None, maskParams=None, name='wall', opacity=1.0, ori=0.0, pos=array([0., 0.]), size=array([0.5, 0.5]), texRes=128.0, units='height', win=Window(...))
13.0733 	EXP 	window1: mouseVisible = True
13.1005 	EXP 	Created image = ImageStim(__class__=<class 'psychopy.visual.image.ImageStim'>, anchor=('center', 'center'), autoLog=True, color=array([1., 1., 1.]), colorSpace='rgb', contrast=1.0, depth=-4.0, draggable=False, flipHoriz=False, flipVert=False, image=str(...), interpolate=True, mask=None, maskParams=None, name='image', opacity=1.0, ori=0.0, pos=array([0., 0.]), size=array([0.5, 0.5]), texRes=128.0, units='height', win=Window(...))
13.1007 	EXP 	window1: mouseVisible = True
13.1081 	EXP 	Created instructions = TextStim(__class__=<class 'psychopy.visual.text.TextStim'>, alignHoriz=method-wrapper(...), alignText='center', alignVert=method-wrapper(...), anchorHoriz='center', anchorVert='center', antialias=True, autoDraw=False, autoLog=True, bold=False, color=array([1., 1., 1.]), colorSpace='rgb', contrast=1.0, depth=0.0, draggable=False, flipHoriz=False, flipVert=False, font='Open Sans', fontFiles=[], height=0.05, italic=False, languageStyle='LTR', name='instructions', opacity=1.0, ori=0.0, pos=array([0., 0.]), rgb=UNKNOWN, text='I hope you love the pictures :)\n', units='height', win=Window(...), wrapWidth=1)
13.1083 	EXP 	window1: mouseVisible = True
13.1258 	EXP 	Created text_4 = TextStim(__class__=<class 'psychopy.visual.text.TextStim'>, alignHoriz=method-wrapper(...), alignText='center', alignVert=method-wrapper(...), anchorHoriz='center', anchorVert='center', antialias=True, autoDraw=False, autoLog=True, bold=False, color=array([1., 1., 1.]), colorSpace='rgb', contrast=1.0, depth=-1.0, draggable=False, flipHoriz=False, flipVert=False, font='Open Sans', fontFiles=[], height=0.05, italic=False, languageStyle='LTR', name='text_4', opacity=1.0, ori=0.0, pos=array([0., 0.]), rgb=UNKNOWN, text=str(...), units='height', win=Window(...), wrapWidth=1)
13.1259 	EXP 	window1: mouseVisible = True
13.1393 	EXP 	Created text_5 = TextStim(__class__=<class 'psychopy.visual.text.TextStim'>, alignHoriz=method-wrapper(...), alignText='center', alignVert=method-wrapper(...), anchorHoriz='center', anchorVert='center', antialias=True, autoDraw=False, autoLog=True, bold=False, color=array([1., 1., 1.]), colorSpace='rgb', contrast=1.0, depth=-2.0, draggable=False, flipHoriz=False, flipVert=False, font='Open Sans', fontFiles=[], height=0.05, italic=False, languageStyle='LTR', name='text_5', opacity=1.0, ori=0.0, pos=array([0., 0.]), rgb=UNKNOWN, text=str(...), units='height', win=Window(...), wrapWidth=1)
13.1395 	EXP 	window1: mouseVisible = True
13.1634 	EXP 	Created text_6 = TextStim(__class__=<class 'psychopy.visual.text.TextStim'>, alignHoriz=method-wrapper(...), alignText='center', alignVert=method-wrapper(...), anchorHoriz='center', anchorVert='center', antialias=True, autoDraw=False, autoLog=True, bold=False, color=array([1., 1., 1.]), colorSpace='rgb', contrast=1.0, depth=-3.0, draggable=False, flipHoriz=False, flipVert=False, font='Open Sans', fontFiles=[], height=0.05, italic=False, languageStyle='LTR', name='text_6', opacity=1.0, ori=0.0, pos=array([0., 0.]), rgb=UNKNOWN, text=str(...), units='height', win=Window(...), wrapWidth=1)
13.1636 	EXP 	window1: mouseVisible = True
13.1749 	EXP 	Created yellowillusionimage = ImageStim(__class__=<class 'psychopy.visual.image.ImageStim'>, anchor=('center', 'center'), autoLog=True, color=array([1., 1., 1.]), colorSpace='rgb', contrast=1.0, depth=0.0, draggable=False, flipHoriz=False, flipVert=False, image=str(...), interpolate=True, mask=None, maskParams=None, name='yellowillusionimage', opacity=1.0, ori=0.0, pos=array([0., 0.]), size=array([0.5, 0.5]), texRes=128.0, units='height', win=Window(...))
13.1751 	EXP 	window1: mouseVisible = True
13.1840 	EXP 	Created blackroadimage = ImageStim(__class__=<class 'psychopy.visual.image.ImageStim'>, anchor=('center', 'center'), autoLog=True, color=array([1., 1., 1.]), colorSpace='rgb', contrast=1.0, depth=-1.0, draggable=False, flipHoriz=False, flipVert=False, image=str(...), interpolate=True, mask=None, maskParams=None, name='blackroadimage', opacity=1.0, ori=0.0, pos=array([0., 0.]), size=array([0.5, 0.5]), texRes=128.0, units='height', win=Window(...))
13.1842 	EXP 	window1: mouseVisible = True
13.2001 	EXP 	Created pastelimage = ImageStim(__class__=<class 'psychopy.visual.image.ImageStim'>, anchor=('center', 'center'), autoLog=True, color=array([1., 1., 1.]), colorSpace='rgb', contrast=1.0, depth=0.0, draggable=False, flipHoriz=False, flipVert=False, image=str(...), interpolate=True, mask=None, maskParams=None, name='pastelimage', opacity=1.0, ori=0.0, pos=array([0., 0.]), size=array([0.5, 0.5]), texRes=128.0, units='height', win=Window(...))
13.2003 	EXP 	window1: mouseVisible = True
13.2136 	EXP 	Created redillusionimage = ImageStim(__class__=<class 'psychopy.visual.image.ImageStim'>, anchor=('center', 'center'), autoLog=True, color=array([1., 1., 1.]), colorSpace='rgb', contrast=1.0, depth=-1.0, draggable=False, flipHoriz=False, flipVert=False, image=str(...), interpolate=True, mask=None, maskParams=None, name='redillusionimage', opacity=1.0, ori=0.0, pos=array([0., 0.]), size=array([0.5, 0.5]), texRes=128.0, units='height', win=Window(...))
13.2138 	EXP 	window1: mouseVisible = True
13.2277 	EXP 	Created whiteimage = ImageStim(__class__=<class 'psychopy.visual.image.ImageStim'>, anchor=('center', 'center'), autoLog=True, color=array([1., 1., 1.]), colorSpace='rgb', contrast=1.0, depth=0.0, draggable=False, flipHoriz=False, flipVert=False, image=str(...), interpolate=True, mask=None, maskParams=None, name='whiteimage', opacity=1.0, ori=0.0, pos=array([0., 0.]), size=array([0.5, 0.5]), texRes=128.0, units='height', win=Window(...))
13.2278 	EXP 	window1: mouseVisible = True
13.2368 	EXP 	Created yellowwhiteimage = ImageStim(__class__=<class 'psychopy.visual.image.ImageStim'>, anchor=('center', 'center'), autoLog=True, color=array([1., 1., 1.]), colorSpace='rgb', contrast=1.0, depth=-1.0, draggable=False, flipHoriz=False, flipVert=False, image=str(...), interpolate=True, mask=None, maskParams=None, name='yellowwhiteimage', opacity=1.0, ori=0.0, pos=array([0., 0.]), size=array([0.5, 0.5]), texRes=128.0, units='height', win=Window(...))
13.2370 	EXP 	window1: mouseVisible = True
13.2594 	EXP 	Created colourfulimage = ImageStim(__class__=<class 'psychopy.visual.image.ImageStim'>, anchor=('center', 'center'), autoLog=True, color=array([1., 1., 1.]), colorSpace='rgb', contrast=1.0, depth=0.0, draggable=False, flipHoriz=False, flipVert=False, image=str(...), interpolate=True, mask=None, maskParams=None, name='colourfulimage', opacity=1.0, ori=0.0, pos=array([0., 0.]), size=array([0.5, 0.5]), texRes=128.0, units='height', win=Window(...))
13.2595 	EXP 	window1: mouseVisible = True
13.2741 	EXP 	Created wallimage = ImageStim(__class__=<class 'psychopy.visual.image.ImageStim'>, anchor=('center', 'center'), autoLog=True, color=array([1., 1., 1.]), colorSpace='rgb', contrast=1.0, depth=-1.0, draggable=False, flipHoriz=False, flipVert=False, image=str(...), interpolate=True, mask=None, maskParams=None, name='wallimage', opacity=1.0, ori=0.0, pos=array([0., 0.]), size=array([0.5, 0.5]), texRes=128.0, units='height', win=Window(...))
13.2744 	EXP 	window1: mouseVisible = True
13.2839 	EXP 	Created text_7 = TextStim(__class__=<class 'psychopy.visual.text.TextStim'>, alignHoriz=method-wrapper(...), alignText='center', alignVert=method-wrapper(...), anchorHoriz='center', anchorVert='center', antialias=True, autoDraw=False, autoLog=True, bold=False, color=array([1., 1., 1.]), colorSpace='rgb', contrast=1.0, depth=0.0, draggable=False, flipHoriz=False, flipVert=False, font='Open Sans', fontFiles=[], height=0.05, italic=False, languageStyle='LTR', name='text_7', opacity=1.0, ori=0.0, pos=array([0., 0.]), rgb=UNKNOWN, text='THANK YOU :)\n', units='height', win=Window(...), wrapWidth=1)
0.0091 	EXP 	text: autoDraw = True
8.0095 	EXP 	text: autoDraw = False
8.0095 	EXP 	text_2: autoDraw = True
10.0095 	EXP 	text_2: autoDraw = False
10.0095 	EXP 	text_3: autoDraw = True
15.0429 	EXP 	text_3: autoDraw = False
15.0429 	EXP 	text: autoDraw = False
15.0429 	EXP 	text_2: autoDraw = False
15.0429 	EXP 	text_3: autoDraw = False
15.0429 	EXP 	blackroad: autoDraw = True
18.0101 	EXP 	blackroad: autoDraw = False
18.0101 	EXP 	yellowillusion: autoDraw = True
21.0099 	EXP 	yellowillusion: autoDraw = False
21.0099 	EXP 	redillusion: autoDraw = True
24.0101 	EXP 	redillusion: autoDraw = False
24.0101 	EXP 	wall: autoDraw = True
27.0101 	EXP 	wall: autoDraw = False
27.0101 	EXP 	image: autoDraw = True
30.0092 	EXP 	image: autoDraw = False
30.0092 	EXP 	blackroad: autoDraw = False
30.0092 	EXP 	yellowillusion: autoDraw = False
30.0092 	EXP 	redillusion: autoDraw = False
30.0092 	EXP 	wall: autoDraw = False
30.0092 	EXP 	image: autoDraw = False
30.0092 	EXP 	instructions: autoDraw = True
33.0095 	EXP 	instructions: autoDraw = False
33.0095 	EXP 	text_4: autoDraw = True
38.0095 	EXP 	text_4: autoDraw = False
38.0095 	EXP 	text_5: autoDraw = True
48.0095 	EXP 	text_5: autoDraw = False
48.0095 	EXP 	text_6: autoDraw = True
58.0042 	EXP 	Imported Routine1.xlsx as conditions, 2 conditions, 2 params
58.0049 	EXP 	Created sequence: random, trialTypes=2, nReps=1, seed=None
58.0052 	EXP 	New trial (rep=0, index=0): {'image': 'yellowillusionimage ', 'corr_resp': 'n'}
58.0104 	EXP 	text_6: autoDraw = False
58.0104 	EXP 	instructions: autoDraw = False
58.0104 	EXP 	text_4: autoDraw = False
58.0104 	EXP 	text_5: autoDraw = False
58.0104 	EXP 	text_6: autoDraw = False
58.0104 	EXP 	yellowillusionimage: autoDraw = True
61.0095 	EXP 	yellowillusionimage: autoDraw = False
61.0095 	EXP 	blackroadimage: autoDraw = True
62.7456 	DATA 	Keypress: r
63.9952 	EXP 	New trial (rep=0, index=1): {'image': 'blackroadimage', 'corr_resp': 'r'}
64.0096 	EXP 	blackroadimage: autoDraw = False
64.0096 	EXP 	yellowillusionimage: autoDraw = False
64.0096 	EXP 	blackroadimage: autoDraw = False
64.0096 	EXP 	yellowillusionimage: autoDraw = True
65.6960 	DATA 	Keypress: n
67.0094 	EXP 	yellowillusionimage: autoDraw = False
67.0094 	EXP 	blackroadimage: autoDraw = True
67.6118 	DATA 	Keypress: r
70.0000 	EXP 	Imported Routine2.xlsx as conditions, 2 conditions, 2 params
70.0005 	EXP 	Created sequence: random, trialTypes=2, nReps=1, seed=None
70.0007 	EXP 	New trial (rep=0, index=0): {'image': 'redillusionimage', 'corr_resp': 'r'}
70.0094 	EXP 	blackroadimage: autoDraw = False
70.0094 	EXP 	yellowillusionimage: autoDraw = False
70.0094 	EXP 	blackroadimage: autoDraw = False
70.0094 	EXP 	pastelimage: autoDraw = True
71.4282 	DATA 	Keypress: r
73.0094 	EXP 	pastelimage: autoDraw = False
73.0094 	EXP 	redillusionimage: autoDraw = True
74.2946 	DATA 	Keypress: r
75.9943 	EXP 	New trial (rep=0, index=1): {'image': 'pastelimage', 'corr_resp': 'n'}
76.0092 	EXP 	redillusionimage: autoDraw = False
76.0092 	EXP 	pastelimage: autoDraw = False
76.0092 	EXP 	redillusionimage: autoDraw = False
76.0092 	EXP 	pastelimage: autoDraw = True
76.6783 	DATA 	Keypress: r
79.0092 	EXP 	pastelimage: autoDraw = False
79.0092 	EXP 	redillusionimage: autoDraw = True
79.4110 	DATA 	Keypress: r
82.0009 	EXP 	Imported Routine3.xlsx as conditions, 2 conditions, 2 params
82.0015 	EXP 	Created sequence: random, trialTypes=2, nReps=1, seed=None
82.0017 	EXP 	New trial (rep=0, index=0): {'image': 'whiteimage', 'corr_resp': 'n'}
82.0093 	EXP 	redillusionimage: autoDraw = False
82.0093 	EXP 	pastelimage: autoDraw = False
82.0093 	EXP 	redillusionimage: autoDraw = False
82.0093 	EXP 	whiteimage: autoDraw = True
83.5945 	DATA 	Keypress: n
85.0091 	EXP 	whiteimage: autoDraw = False
85.0091 	EXP 	yellowwhiteimage: autoDraw = True
86.3280 	DATA 	Keypress: n
87.9940 	EXP 	New trial (rep=0, index=1): {'image': 'yellowwhiteimage', 'corr_resp': 'n'}
88.0091 	EXP 	yellowwhiteimage: autoDraw = False
88.0091 	EXP 	whiteimage: autoDraw = False
88.0091 	EXP 	yellowwhiteimage: autoDraw = False
88.0091 	EXP 	whiteimage: autoDraw = True
88.6611 	DATA 	Keypress: n
91.0091 	EXP 	whiteimage: autoDraw = False
91.0091 	EXP 	yellowwhiteimage: autoDraw = True
91.6782 	DATA 	Keypress: n
94.0054 	EXP 	Imported Routine4.xlsx as conditions, 2 conditions, 2 params
94.0059 	EXP 	Created sequence: random, trialTypes=2, nReps=1, seed=None
94.0064 	EXP 	New trial (rep=0, index=0): {'image': 'colourfulimage', 'corr_resp': 'r'}
94.0120 	EXP 	yellowwhiteimage: autoDraw = False
94.0120 	EXP 	whiteimage: autoDraw = False
94.0120 	EXP 	yellowwhiteimage: autoDraw = False
94.0120 	EXP 	colourfulimage: autoDraw = True
94.8610 	DATA 	Keypress: r
97.0093 	EXP 	colourfulimage: autoDraw = False
97.0093 	EXP 	wallimage: autoDraw = True
98.0611 	DATA 	Keypress: n
99.9940 	EXP 	New trial (rep=0, index=1): {'image': 'wallimage', 'corr_resp': 'n'}
100.0091 	EXP 	wallimage: autoDraw = False
100.0091 	EXP 	colourfulimage: autoDraw = False
100.0091 	EXP 	wallimage: autoDraw = False
100.0091 	EXP 	colourfulimage: autoDraw = True
101.2780 	DATA 	Keypress: r
103.0089 	EXP 	colourfulimage: autoDraw = False
103.0089 	EXP 	wallimage: autoDraw = True
104.0443 	DATA 	Keypress: n
106.0085 	EXP 	wallimage: autoDraw = False
106.0085 	EXP 	colourfulimage: autoDraw = False
106.0085 	EXP 	wallimage: autoDraw = False
106.0085 	EXP 	text_7: autoDraw = True
109.0084 	EXP 	text_7: autoDraw = False
109.0084 	EXP 	text_7: autoDraw = False
109.0085 	EXP 	untitledFINAL: status = STOPPED
109.2002 	EXP 	window1: mouseVisible = True
