8.0135 	WARNING 	User requested fullscreen with size [1024  768], but screen is actually [1920, 1080]. Using actual size
10.0460 	EXP 	Created window1 = Window(allowGUI=True, allowStencil=False, autoLog=True, backendConf=UNKNOWN, backgroundFit=<method-wrapper '__getattribute__' of attributeSetter object at 0x000001D9AF213E80>, backgroundImage=<method-wrapper '__getattribute__' of attributeSetter object at 0x000001D9AF213E20>, bitsMode=UNKNOWN, blendMode='avg', bpc=(8, 8, 8), color=array([0, 0, 0]), colorSpace='rgb', depthBits=8, fullscr=<method-wrapper '__getattribute__' of attributeSetter object at 0x000001D9AF213C40>, gamma=None, gammaErrorPolicy='raise', lms=UNKNOWN, monitor=<psychopy.monitors.calibTools.Monitor object at 0x000001D9AF5CA940>, multiSample=False, name='window1', numSamples=2, pos=(0, 0), screen=0, size=array([1920, 1080]), stencilBits=0, stereo=False, title='PsychoPy', units='height', useFBO=True, useRetina=False, viewOri=0.0, viewPos=None, viewScale=None, waitBlanking=True, winType='pyglet')
10.0462 	EXP 	window1: mouseVisible = True
10.0462 	EXP 	window1: backgroundImage = ''
10.0463 	EXP 	window1: backgroundFit = 'none'
10.0504 	EXP 	window1: Attempting to measure frame rate of screen (0) ...
10.0505 	EXP 	window1: recordFrameIntervals = False
10.2115 	EXP 	window1: recordFrameIntervals = True
10.3954 	EXP 	Screen (0) actual frame rate measured at 59.97Hz
10.3954 	EXP 	window1: recordFrameIntervals = False
10.3955 	EXP 	window1: mouseVisible = False
13.1353 	EXP 	untitledFINAL: status = STARTED
13.1359 	EXP 	window1: mouseVisible = True
13.2418 	EXP 	Created text = TextStim(__class__=<class 'psychopy.visual.text.TextStim'>, alignHoriz=method-wrapper(...), alignText='center', alignVert=method-wrapper(...), anchorHoriz='center', anchorVert='center', antialias=True, autoDraw=False, autoLog=True, bold=False, color=array([1.    , 1.    , 0.8824]), colorSpace='rgb', contrast=1.0, depth=0.0, draggable=False, flipHoriz=False, flipVert=False, font='Open Sans', fontFiles=[], height=0.05, italic=False, languageStyle='LTR', name='text', opacity=1.0, ori=0.0, pos=array([0., 0.]), rgb=UNKNOWN, text=str(...), units='height', win=Window(...), wrapWidth=1)
13.2420 	EXP 	window1: mouseVisible = True
13.2587 	EXP 	Created text_2 = TextStim(__class__=<class 'psychopy.visual.text.TextStim'>, alignHoriz=method-wrapper(...), alignText='center', alignVert=method-wrapper(...), anchorHoriz='center', anchorVert='center', antialias=True, autoDraw=False, autoLog=True, bold=False, color=array([1.    , 1.    , 0.8824]), colorSpace='rgb', contrast=1.0, depth=-1.0, draggable=False, flipHoriz=False, flipVert=False, font='Open Sans', fontFiles=[], height=0.05, italic=False, languageStyle='LTR', name='text_2', opacity=1.0, ori=0.0, pos=array([0., 0.]), rgb=UNKNOWN, text="Are you ready?\n\nLet's Get Started !\n", units='height', win=Window(...), wrapWidth=1)
13.2589 	EXP 	window1: mouseVisible = True
13.2718 	EXP 	Created text_3 = TextStim(__class__=<class 'psychopy.visual.text.TextStim'>, alignHoriz=method-wrapper(...), alignText='center', alignVert=method-wrapper(...), anchorHoriz='center', anchorVert='center', antialias=True, autoDraw=False, autoLog=True, bold=False, color=array([1., 1., 1.]), colorSpace='rgb', contrast=1.0, depth=-2.0, draggable=False, flipHoriz=False, flipVert=False, font='Open Sans', fontFiles=[], height=0.05, italic=False, languageStyle='LTR', name='text_3', opacity=1.0, ori=0.0, pos=array([0., 0.]), rgb=UNKNOWN, text=str(...), units='height', win=Window(...), wrapWidth=1)
13.2720 	EXP 	window1: mouseVisible = True
13.2843 	EXP 	Created blackroad = ImageStim(__class__=<class 'psychopy.visual.image.ImageStim'>, anchor=('center', 'center'), autoLog=True, color=array([1., 1., 1.]), colorSpace='rgb', contrast=1.0, depth=0.0, draggable=False, flipHoriz=False, flipVert=False, image=str(...), interpolate=True, mask=None, maskParams=None, name='blackroad', opacity=1.0, ori=0.0, pos=array([0., 0.]), size=array([0.5, 0.5]), texRes=128.0, units='height', win=Window(...))
13.2844 	EXP 	window1: mouseVisible = True
13.3006 	EXP 	Created yellowillusion = ImageStim(__class__=<class 'psychopy.visual.image.ImageStim'>, anchor=('center', 'center'), autoLog=True, color=array([1., 1., 1.]), colorSpace='rgb', contrast=1.0, depth=-1.0, draggable=False, flipHoriz=False, flipVert=False, image=str(...), interpolate=True, mask=None, maskParams=None, name='yellowillusion', opacity=1.0, ori=0.0, pos=array([0., 0.]), size=array([0.5, 0.5]), texRes=128.0, units='height', win=Window(...))
13.3008 	EXP 	window1: mouseVisible = True
13.3189 	EXP 	Created redillusion = ImageStim(__class__=<class 'psychopy.visual.image.ImageStim'>, anchor=('center', 'center'), autoLog=True, color=array([1., 1., 1.]), colorSpace='rgb', contrast=1.0, depth=-2.0, draggable=False, flipHoriz=False, flipVert=False, image=str(...), interpolate=True, mask=None, maskParams=None, name='redillusion', opacity=1.0, ori=0.0, pos=array([0., 0.]), size=array([0.5, 0.5]), texRes=128.0, units='height', win=Window(...))
13.3191 	EXP 	window1: mouseVisible = True
13.3409 	EXP 	Created wall = ImageStim(__class__=<class 'psychopy.visual.image.ImageStim'>, anchor=('center', 'center'), autoLog=True, color=array([1., 1., 1.]), colorSpace='rgb', contrast=1.0, depth=-3.0, draggable=False, flipHoriz=False, flipVert=False, image=str(...), interpolate=True, mask=None, maskParams=None, name='wall', opacity=1.0, ori=0.0, pos=array([0., 0.]), size=array([0.5, 0.5]), texRes=128.0, units='height', win=Window(...))
13.3411 	EXP 	window1: mouseVisible = True
13.3693 	EXP 	Created image = ImageStim(__class__=<class 'psychopy.visual.image.ImageStim'>, anchor=('center', 'center'), autoLog=True, color=array([1., 1., 1.]), colorSpace='rgb', contrast=1.0, depth=-4.0, draggable=False, flipHoriz=False, flipVert=False, image=str(...), interpolate=True, mask=None, maskParams=None, name='image', opacity=1.0, ori=0.0, pos=array([0., 0.]), size=array([0.5, 0.5]), texRes=128.0, units='height', win=Window(...))
13.3695 	EXP 	window1: mouseVisible = True
13.3772 	EXP 	Created instructions = TextStim(__class__=<class 'psychopy.visual.text.TextStim'>, alignHoriz=method-wrapper(...), alignText='center', alignVert=method-wrapper(...), anchorHoriz='center', anchorVert='center', antialias=True, autoDraw=False, autoLog=True, bold=False, color=array([1., 1., 1.]), colorSpace='rgb', contrast=1.0, depth=0.0, draggable=False, flipHoriz=False, flipVert=False, font='Open Sans', fontFiles=[], height=0.05, italic=False, languageStyle='LTR', name='instructions', opacity=1.0, ori=0.0, pos=array([0., 0.]), rgb=UNKNOWN, text='I hope you love the pictures :)\n', units='height', win=Window(...), wrapWidth=1)
13.3774 	EXP 	window1: mouseVisible = True
13.3949 	EXP 	Created text_4 = TextStim(__class__=<class 'psychopy.visual.text.TextStim'>, alignHoriz=method-wrapper(...), alignText='center', alignVert=method-wrapper(...), anchorHoriz='center', anchorVert='center', antialias=True, autoDraw=False, autoLog=True, bold=False, color=array([1., 1., 1.]), colorSpace='rgb', contrast=1.0, depth=-1.0, draggable=False, flipHoriz=False, flipVert=False, font='Open Sans', fontFiles=[], height=0.05, italic=False, languageStyle='LTR', name='text_4', opacity=1.0, ori=0.0, pos=array([0., 0.]), rgb=UNKNOWN, text=str(...), units='height', win=Window(...), wrapWidth=1)
13.3951 	EXP 	window1: mouseVisible = True
13.4090 	EXP 	Created text_5 = TextStim(__class__=<class 'psychopy.visual.text.TextStim'>, alignHoriz=method-wrapper(...), alignText='center', alignVert=method-wrapper(...), anchorHoriz='center', anchorVert='center', antialias=True, autoDraw=False, autoLog=True, bold=False, color=array([1., 1., 1.]), colorSpace='rgb', contrast=1.0, depth=-2.0, draggable=False, flipHoriz=False, flipVert=False, font='Open Sans', fontFiles=[], height=0.05, italic=False, languageStyle='LTR', name='text_5', opacity=1.0, ori=0.0, pos=array([0., 0.]), rgb=UNKNOWN, text=str(...), units='height', win=Window(...), wrapWidth=1)
13.4092 	EXP 	window1: mouseVisible = True
13.4336 	EXP 	Created text_6 = TextStim(__class__=<class 'psychopy.visual.text.TextStim'>, alignHoriz=method-wrapper(...), alignText='center', alignVert=method-wrapper(...), anchorHoriz='center', anchorVert='center', antialias=True, autoDraw=False, autoLog=True, bold=False, color=array([1., 1., 1.]), colorSpace='rgb', contrast=1.0, depth=-3.0, draggable=False, flipHoriz=False, flipVert=False, font='Open Sans', fontFiles=[], height=0.05, italic=False, languageStyle='LTR', name='text_6', opacity=1.0, ori=0.0, pos=array([0., 0.]), rgb=UNKNOWN, text=str(...), units='height', win=Window(...), wrapWidth=1)
13.4338 	EXP 	window1: mouseVisible = True
13.4454 	EXP 	Created yellowillusionimage = ImageStim(__class__=<class 'psychopy.visual.image.ImageStim'>, anchor=('center', 'center'), autoLog=True, color=array([1., 1., 1.]), colorSpace='rgb', contrast=1.0, depth=0.0, draggable=False, flipHoriz=False, flipVert=False, image=str(...), interpolate=True, mask=None, maskParams=None, name='yellowillusionimage', opacity=1.0, ori=0.0, pos=array([0., 0.]), size=array([0.5, 0.5]), texRes=128.0, units='height', win=Window(...))
13.4455 	EXP 	window1: mouseVisible = True
13.4542 	EXP 	Created blackroadimage = ImageStim(__class__=<class 'psychopy.visual.image.ImageStim'>, anchor=('center', 'center'), autoLog=True, color=array([1., 1., 1.]), colorSpace='rgb', contrast=1.0, depth=-1.0, draggable=False, flipHoriz=False, flipVert=False, image=str(...), interpolate=True, mask=None, maskParams=None, name='blackroadimage', opacity=1.0, ori=0.0, pos=array([0., 0.]), size=array([0.5, 0.5]), texRes=128.0, units='height', win=Window(...))
13.4544 	EXP 	window1: mouseVisible = True
13.4704 	EXP 	Created pastelimage = ImageStim(__class__=<class 'psychopy.visual.image.ImageStim'>, anchor=('center', 'center'), autoLog=True, color=array([1., 1., 1.]), colorSpace='rgb', contrast=1.0, depth=0.0, draggable=False, flipHoriz=False, flipVert=False, image=str(...), interpolate=True, mask=None, maskParams=None, name='pastelimage', opacity=1.0, ori=0.0, pos=array([0., 0.]), size=array([0.5, 0.5]), texRes=128.0, units='height', win=Window(...))
13.4705 	EXP 	window1: mouseVisible = True
13.4838 	EXP 	Created redillusionimage = ImageStim(__class__=<class 'psychopy.visual.image.ImageStim'>, anchor=('center', 'center'), autoLog=True, color=array([1., 1., 1.]), colorSpace='rgb', contrast=1.0, depth=-1.0, draggable=False, flipHoriz=False, flipVert=False, image=str(...), interpolate=True, mask=None, maskParams=None, name='redillusionimage', opacity=1.0, ori=0.0, pos=array([0., 0.]), size=array([0.5, 0.5]), texRes=128.0, units='height', win=Window(...))
13.4839 	EXP 	window1: mouseVisible = True
13.4984 	EXP 	Created whiteimage = ImageStim(__class__=<class 'psychopy.visual.image.ImageStim'>, anchor=('center', 'center'), autoLog=True, color=array([1., 1., 1.]), colorSpace='rgb', contrast=1.0, depth=0.0, draggable=False, flipHoriz=False, flipVert=False, image=str(...), interpolate=True, mask=None, maskParams=None, name='whiteimage', opacity=1.0, ori=0.0, pos=array([0., 0.]), size=array([0.5, 0.5]), texRes=128.0, units='height', win=Window(...))
13.4985 	EXP 	window1: mouseVisible = True
13.5077 	EXP 	Created yellowwhiteimage = ImageStim(__class__=<class 'psychopy.visual.image.ImageStim'>, anchor=('center', 'center'), autoLog=True, color=array([1., 1., 1.]), colorSpace='rgb', contrast=1.0, depth=-1.0, draggable=False, flipHoriz=False, flipVert=False, image=str(...), interpolate=True, mask=None, maskParams=None, name='yellowwhiteimage', opacity=1.0, ori=0.0, pos=array([0., 0.]), size=array([0.5, 0.5]), texRes=128.0, units='height', win=Window(...))
13.5079 	EXP 	window1: mouseVisible = True
13.5264 	EXP 	Created colourfulimage = ImageStim(__class__=<class 'psychopy.visual.image.ImageStim'>, anchor=('center', 'center'), autoLog=True, color=array([1., 1., 1.]), colorSpace='rgb', contrast=1.0, depth=0.0, draggable=False, flipHoriz=False, flipVert=False, image=str(...), interpolate=True, mask=None, maskParams=None, name='colourfulimage', opacity=1.0, ori=0.0, pos=array([0., 0.]), size=array([0.5, 0.5]), texRes=128.0, units='height', win=Window(...))
13.5266 	EXP 	window1: mouseVisible = True
13.5405 	EXP 	Created wallimage = ImageStim(__class__=<class 'psychopy.visual.image.ImageStim'>, anchor=('center', 'center'), autoLog=True, color=array([1., 1., 1.]), colorSpace='rgb', contrast=1.0, depth=-1.0, draggable=False, flipHoriz=False, flipVert=False, image=str(...), interpolate=True, mask=None, maskParams=None, name='wallimage', opacity=1.0, ori=0.0, pos=array([0., 0.]), size=array([0.5, 0.5]), texRes=128.0, units='height', win=Window(...))
13.5407 	EXP 	window1: mouseVisible = True
13.5505 	EXP 	Created text_7 = TextStim(__class__=<class 'psychopy.visual.text.TextStim'>, alignHoriz=method-wrapper(...), alignText='center', alignVert=method-wrapper(...), anchorHoriz='center', anchorVert='center', antialias=True, autoDraw=False, autoLog=True, bold=False, color=array([1., 1., 1.]), colorSpace='rgb', contrast=1.0, depth=0.0, draggable=False, flipHoriz=False, flipVert=False, font='Open Sans', fontFiles=[], height=0.05, italic=False, languageStyle='LTR', name='text_7', opacity=1.0, ori=0.0, pos=array([0., 0.]), rgb=UNKNOWN, text='THANK YOU :)\n', units='height', win=Window(...), wrapWidth=1)
0.0090 	EXP 	text: autoDraw = True
8.0108 	EXP 	text: autoDraw = False
8.0108 	EXP 	text_2: autoDraw = True
10.0106 	EXP 	text_2: autoDraw = False
10.0106 	EXP 	text_3: autoDraw = True
15.0470 	EXP 	text_3: autoDraw = False
15.0470 	EXP 	text: autoDraw = False
15.0470 	EXP 	text_2: autoDraw = False
15.0470 	EXP 	text_3: autoDraw = False
15.0470 	EXP 	blackroad: autoDraw = True
18.0111 	EXP 	blackroad: autoDraw = False
18.0111 	EXP 	yellowillusion: autoDraw = True
21.0109 	EXP 	yellowillusion: autoDraw = False
21.0109 	EXP 	redillusion: autoDraw = True
24.0111 	EXP 	redillusion: autoDraw = False
24.0111 	EXP 	wall: autoDraw = True
27.0113 	EXP 	wall: autoDraw = False
27.0113 	EXP 	image: autoDraw = True
30.0104 	EXP 	image: autoDraw = False
30.0104 	EXP 	blackroad: autoDraw = False
30.0104 	EXP 	yellowillusion: autoDraw = False
30.0104 	EXP 	redillusion: autoDraw = False
30.0104 	EXP 	wall: autoDraw = False
30.0104 	EXP 	image: autoDraw = False
30.0104 	EXP 	instructions: autoDraw = True
33.0105 	EXP 	instructions: autoDraw = False
33.0105 	EXP 	text_4: autoDraw = True
43.0106 	EXP 	text_4: autoDraw = False
43.0106 	EXP 	text_5: autoDraw = True
53.0105 	EXP 	text_5: autoDraw = False
53.0105 	EXP 	text_6: autoDraw = True
63.0047 	EXP 	Imported Routine1.xlsx as conditions, 2 conditions, 2 params
63.0054 	EXP 	Created sequence: random, trialTypes=2, nReps=1, seed=None
63.0057 	EXP 	New trial (rep=0, index=0): {'image': 'yellowillusionimage ', 'corr_resp': 'n'}
63.0106 	EXP 	text_6: autoDraw = False
63.0106 	EXP 	instructions: autoDraw = False
63.0106 	EXP 	text_4: autoDraw = False
63.0106 	EXP 	text_5: autoDraw = False
63.0106 	EXP 	text_6: autoDraw = False
63.0106 	EXP 	yellowillusionimage: autoDraw = True
64.6629 	DATA 	Keypress: n
66.0105 	EXP 	yellowillusionimage: autoDraw = False
66.0105 	EXP 	blackroadimage: autoDraw = True
67.2957 	DATA 	Keypress: r
68.9956 	EXP 	New trial (rep=0, index=1): {'image': 'blackroadimage', 'corr_resp': 'r'}
69.0105 	EXP 	blackroadimage: autoDraw = False
69.0105 	EXP 	yellowillusionimage: autoDraw = False
69.0105 	EXP 	blackroadimage: autoDraw = False
69.0105 	EXP 	yellowillusionimage: autoDraw = True
69.6795 	DATA 	Keypress: n
72.0105 	EXP 	yellowillusionimage: autoDraw = False
72.0105 	EXP 	blackroadimage: autoDraw = True
72.5293 	DATA 	Keypress: r
75.0022 	EXP 	Imported Routine2.xlsx as conditions, 2 conditions, 2 params
75.0028 	EXP 	Created sequence: random, trialTypes=2, nReps=1, seed=None
75.0031 	EXP 	New trial (rep=0, index=0): {'image': 'pastelimage', 'corr_resp': 'n'}
75.0106 	EXP 	blackroadimage: autoDraw = False
75.0106 	EXP 	yellowillusionimage: autoDraw = False
75.0106 	EXP 	blackroadimage: autoDraw = False
75.0106 	EXP 	pastelimage: autoDraw = True
75.8960 	DATA 	Keypress: n
78.0107 	EXP 	pastelimage: autoDraw = False
78.0107 	EXP 	redillusionimage: autoDraw = True
78.7623 	DATA 	Keypress: r
80.9965 	EXP 	New trial (rep=0, index=1): {'image': 'redillusionimage', 'corr_resp': 'r'}
81.0104 	EXP 	redillusionimage: autoDraw = False
81.0104 	EXP 	pastelimage: autoDraw = False
81.0104 	EXP 	redillusionimage: autoDraw = False
81.0104 	EXP 	pastelimage: autoDraw = True
81.5133 	DATA 	Keypress: n
84.0103 	EXP 	pastelimage: autoDraw = False
84.0103 	EXP 	redillusionimage: autoDraw = True
85.0292 	DATA 	Keypress: r
87.0022 	EXP 	Imported Routine3.xlsx as conditions, 2 conditions, 2 params
87.0027 	EXP 	Created sequence: random, trialTypes=2, nReps=1, seed=None
87.0030 	EXP 	New trial (rep=0, index=0): {'image': 'yellowwhiteimage', 'corr_resp': 'n'}
87.0104 	EXP 	redillusionimage: autoDraw = False
87.0104 	EXP 	pastelimage: autoDraw = False
87.0104 	EXP 	redillusionimage: autoDraw = False
87.0104 	EXP 	whiteimage: autoDraw = True
88.1455 	DATA 	Keypress: n
90.0104 	EXP 	whiteimage: autoDraw = False
90.0104 	EXP 	yellowwhiteimage: autoDraw = True
90.6793 	DATA 	Keypress: n
92.9955 	EXP 	New trial (rep=0, index=1): {'image': 'whiteimage', 'corr_resp': 'n'}
93.0103 	EXP 	yellowwhiteimage: autoDraw = False
93.0103 	EXP 	whiteimage: autoDraw = False
93.0103 	EXP 	yellowwhiteimage: autoDraw = False
93.0103 	EXP 	whiteimage: autoDraw = True
93.5457 	DATA 	Keypress: n
96.0101 	EXP 	whiteimage: autoDraw = False
96.0101 	EXP 	yellowwhiteimage: autoDraw = True
96.3290 	DATA 	Keypress: n
99.0011 	EXP 	Imported Routine4.xlsx as conditions, 2 conditions, 2 params
99.0016 	EXP 	Created sequence: random, trialTypes=2, nReps=1, seed=None
99.0019 	EXP 	New trial (rep=0, index=0): {'image': 'wallimage', 'corr_resp': 'n'}
99.0104 	EXP 	yellowwhiteimage: autoDraw = False
99.0104 	EXP 	whiteimage: autoDraw = False
99.0104 	EXP 	yellowwhiteimage: autoDraw = False
99.0104 	EXP 	colourfulimage: autoDraw = True
100.2124 	DATA 	Keypress: r
101.7291 	DATA 	Keypress: r
102.0104 	EXP 	colourfulimage: autoDraw = False
102.0104 	EXP 	wallimage: autoDraw = True
103.4954 	DATA 	Keypress: n
104.9950 	EXP 	New trial (rep=0, index=1): {'image': 'colourfulimage', 'corr_resp': 'r'}
105.0102 	EXP 	wallimage: autoDraw = False
105.0102 	EXP 	colourfulimage: autoDraw = False
105.0102 	EXP 	wallimage: autoDraw = False
105.0102 	EXP 	colourfulimage: autoDraw = True
105.4457 	DATA 	Keypress: r
108.0102 	EXP 	colourfulimage: autoDraw = False
108.0102 	EXP 	wallimage: autoDraw = True
108.3800 	DATA 	Keypress: n
111.0097 	EXP 	wallimage: autoDraw = False
111.0097 	EXP 	colourfulimage: autoDraw = False
111.0097 	EXP 	wallimage: autoDraw = False
111.0097 	EXP 	text_7: autoDraw = True
114.0095 	EXP 	text_7: autoDraw = False
114.0095 	EXP 	text_7: autoDraw = False
114.0096 	EXP 	untitledFINAL: status = STOPPED
114.2035 	EXP 	window1: mouseVisible = True
