8.6298 	WARNING 	User requested fullscreen with size [1024  768], but screen is actually [1920, 1080]. Using actual size
11.1391 	EXP 	Created window1 = Window(allowGUI=True, allowStencil=False, autoLog=True, backendConf=UNKNOWN, backgroundFit=<method-wrapper '__getattribute__' of attributeSetter object at 0x0000016AA1B723A0>, backgroundImage=<method-wrapper '__getattribute__' of attributeSetter object at 0x0000016AA1B72340>, bitsMode=UNKNOWN, blendMode='avg', bpc=(8, 8, 8), color=array([0, 0, 0]), colorSpace='rgb', depthBits=8, fullscr=<method-wrapper '__getattribute__' of attributeSetter object at 0x0000016AA1B72190>, gamma=None, gammaErrorPolicy='raise', lms=UNKNOWN, monitor=<psychopy.monitors.calibTools.Monitor object at 0x0000016AA1F08E80>, multiSample=False, name='window1', numSamples=2, pos=(0, 0), screen=0, size=array([1920, 1080]), stencilBits=0, stereo=False, title='PsychoPy', units='height', useFBO=True, useRetina=False, viewOri=0.0, viewPos=None, viewScale=None, waitBlanking=True, winType='pyglet')
11.1392 	EXP 	window1: mouseVisible = True
11.1393 	EXP 	window1: backgroundImage = ''
11.1393 	EXP 	window1: backgroundFit = 'none'
11.1421 	EXP 	window1: Attempting to measure frame rate of screen (0) ...
11.1421 	EXP 	window1: recordFrameIntervals = False
11.3048 	EXP 	window1: recordFrameIntervals = True
11.4884 	EXP 	Screen (0) actual frame rate measured at 60.00Hz
11.4884 	EXP 	window1: recordFrameIntervals = False
11.4886 	EXP 	window1: mouseVisible = False
14.4112 	EXP 	untitledFINAL: status = STARTED
14.4118 	EXP 	window1: mouseVisible = True
14.5394 	EXP 	Created text = TextStim(__class__=<class 'psychopy.visual.text.TextStim'>, alignHoriz=method-wrapper(...), alignText='center', alignVert=method-wrapper(...), anchorHoriz='center', anchorVert='center', antialias=True, autoDraw=False, autoLog=True, bold=False, color=array([1.    , 1.    , 0.8824]), colorSpace='rgb', contrast=1.0, depth=0.0, draggable=False, flipHoriz=False, flipVert=False, font='Open Sans', fontFiles=[], height=0.05, italic=False, languageStyle='LTR', name='text', opacity=1.0, ori=0.0, pos=array([0., 0.]), rgb=UNKNOWN, text=str(...), units='height', win=Window(...), wrapWidth=1)
14.5396 	EXP 	window1: mouseVisible = True
14.5562 	EXP 	Created text_2 = TextStim(__class__=<class 'psychopy.visual.text.TextStim'>, alignHoriz=method-wrapper(...), alignText='center', alignVert=method-wrapper(...), anchorHoriz='center', anchorVert='center', antialias=True, autoDraw=False, autoLog=True, bold=False, color=array([1.    , 1.    , 0.8824]), colorSpace='rgb', contrast=1.0, depth=-1.0, draggable=False, flipHoriz=False, flipVert=False, font='Open Sans', fontFiles=[], height=0.05, italic=False, languageStyle='LTR', name='text_2', opacity=1.0, ori=0.0, pos=array([0., 0.]), rgb=UNKNOWN, text="Are you ready?\n\nLet's Get Started !\n", units='height', win=Window(...), wrapWidth=1)
14.5564 	EXP 	window1: mouseVisible = True
14.5690 	EXP 	Created text_3 = TextStim(__class__=<class 'psychopy.visual.text.TextStim'>, alignHoriz=method-wrapper(...), alignText='center', alignVert=method-wrapper(...), anchorHoriz='center', anchorVert='center', antialias=True, autoDraw=False, autoLog=True, bold=False, color=array([1., 1., 1.]), colorSpace='rgb', contrast=1.0, depth=-2.0, draggable=False, flipHoriz=False, flipVert=False, font='Open Sans', fontFiles=[], height=0.05, italic=False, languageStyle='LTR', name='text_3', opacity=1.0, ori=0.0, pos=array([0., 0.]), rgb=UNKNOWN, text=str(...), units='height', win=Window(...), wrapWidth=1)
14.5692 	EXP 	window1: mouseVisible = True
14.6023 	EXP 	Created blackroad = ImageStim(__class__=<class 'psychopy.visual.image.ImageStim'>, anchor=('center', 'center'), autoLog=True, color=array([1., 1., 1.]), colorSpace='rgb', contrast=1.0, depth=0.0, draggable=False, flipHoriz=False, flipVert=False, image=str(...), interpolate=True, mask=None, maskParams=None, name='blackroad', opacity=1.0, ori=0.0, pos=array([0., 0.]), size=array([0.5, 0.5]), texRes=128.0, units='height', win=Window(...))
14.6026 	EXP 	window1: mouseVisible = True
14.6203 	EXP 	Created yellowillusion = ImageStim(__class__=<class 'psychopy.visual.image.ImageStim'>, anchor=('center', 'center'), autoLog=True, color=array([1., 1., 1.]), colorSpace='rgb', contrast=1.0, depth=-1.0, draggable=False, flipHoriz=False, flipVert=False, image=str(...), interpolate=True, mask=None, maskParams=None, name='yellowillusion', opacity=1.0, ori=0.0, pos=array([0., 0.]), size=array([0.5, 0.5]), texRes=128.0, units='height', win=Window(...))
14.6205 	EXP 	window1: mouseVisible = True
14.6404 	EXP 	Created redillusion = ImageStim(__class__=<class 'psychopy.visual.image.ImageStim'>, anchor=('center', 'center'), autoLog=True, color=array([1., 1., 1.]), colorSpace='rgb', contrast=1.0, depth=-2.0, draggable=False, flipHoriz=False, flipVert=False, image=str(...), interpolate=True, mask=None, maskParams=None, name='redillusion', opacity=1.0, ori=0.0, pos=array([0., 0.]), size=array([0.5, 0.5]), texRes=128.0, units='height', win=Window(...))
14.6405 	EXP 	window1: mouseVisible = True
14.6631 	EXP 	Created wall = ImageStim(__class__=<class 'psychopy.visual.image.ImageStim'>, anchor=('center', 'center'), autoLog=True, color=array([1., 1., 1.]), colorSpace='rgb', contrast=1.0, depth=-3.0, draggable=False, flipHoriz=False, flipVert=False, image=str(...), interpolate=True, mask=None, maskParams=None, name='wall', opacity=1.0, ori=0.0, pos=array([0., 0.]), size=array([0.5, 0.5]), texRes=128.0, units='height', win=Window(...))
14.6633 	EXP 	window1: mouseVisible = True
14.6926 	EXP 	Created image = ImageStim(__class__=<class 'psychopy.visual.image.ImageStim'>, anchor=('center', 'center'), autoLog=True, color=array([1., 1., 1.]), colorSpace='rgb', contrast=1.0, depth=-4.0, draggable=False, flipHoriz=False, flipVert=False, image=str(...), interpolate=True, mask=None, maskParams=None, name='image', opacity=1.0, ori=0.0, pos=array([0., 0.]), size=array([0.5, 0.5]), texRes=128.0, units='height', win=Window(...))
14.6928 	EXP 	window1: mouseVisible = True
14.7013 	EXP 	Created instructions = TextStim(__class__=<class 'psychopy.visual.text.TextStim'>, alignHoriz=method-wrapper(...), alignText='center', alignVert=method-wrapper(...), anchorHoriz='center', anchorVert='center', antialias=True, autoDraw=False, autoLog=True, bold=False, color=array([1., 1., 1.]), colorSpace='rgb', contrast=1.0, depth=0.0, draggable=False, flipHoriz=False, flipVert=False, font='Open Sans', fontFiles=[], height=0.05, italic=False, languageStyle='LTR', name='instructions', opacity=1.0, ori=0.0, pos=array([0., 0.]), rgb=UNKNOWN, text='I hope you love the pictures :)\n', units='height', win=Window(...), wrapWidth=1)
14.7015 	EXP 	window1: mouseVisible = True
14.7191 	EXP 	Created text_4 = TextStim(__class__=<class 'psychopy.visual.text.TextStim'>, alignHoriz=method-wrapper(...), alignText='center', alignVert=method-wrapper(...), anchorHoriz='center', anchorVert='center', antialias=True, autoDraw=False, autoLog=True, bold=False, color=array([1., 1., 1.]), colorSpace='rgb', contrast=1.0, depth=-1.0, draggable=False, flipHoriz=False, flipVert=False, font='Open Sans', fontFiles=[], height=0.05, italic=False, languageStyle='LTR', name='text_4', opacity=1.0, ori=0.0, pos=array([0., 0.]), rgb=UNKNOWN, text=str(...), units='height', win=Window(...), wrapWidth=1)
14.7193 	EXP 	window1: mouseVisible = True
14.7333 	EXP 	Created text_5 = TextStim(__class__=<class 'psychopy.visual.text.TextStim'>, alignHoriz=method-wrapper(...), alignText='center', alignVert=method-wrapper(...), anchorHoriz='center', anchorVert='center', antialias=True, autoDraw=False, autoLog=True, bold=False, color=array([1., 1., 1.]), colorSpace='rgb', contrast=1.0, depth=-2.0, draggable=False, flipHoriz=False, flipVert=False, font='Open Sans', fontFiles=[], height=0.05, italic=False, languageStyle='LTR', name='text_5', opacity=1.0, ori=0.0, pos=array([0., 0.]), rgb=UNKNOWN, text=str(...), units='height', win=Window(...), wrapWidth=1)
14.7334 	EXP 	window1: mouseVisible = True
14.7604 	EXP 	Created text_6 = TextStim(__class__=<class 'psychopy.visual.text.TextStim'>, alignHoriz=method-wrapper(...), alignText='center', alignVert=method-wrapper(...), anchorHoriz='center', anchorVert='center', antialias=True, autoDraw=False, autoLog=True, bold=False, color=array([1., 1., 1.]), colorSpace='rgb', contrast=1.0, depth=-3.0, draggable=False, flipHoriz=False, flipVert=False, font='Open Sans', fontFiles=[], height=0.05, italic=False, languageStyle='LTR', name='text_6', opacity=1.0, ori=0.0, pos=array([0., 0.]), rgb=UNKNOWN, text=str(...), units='height', win=Window(...), wrapWidth=1)
14.7605 	EXP 	window1: mouseVisible = True
14.7719 	EXP 	Created yellowillusionimage = ImageStim(__class__=<class 'psychopy.visual.image.ImageStim'>, anchor=('center', 'center'), autoLog=True, color=array([1., 1., 1.]), colorSpace='rgb', contrast=1.0, depth=0.0, draggable=False, flipHoriz=False, flipVert=False, image=str(...), interpolate=True, mask=None, maskParams=None, name='yellowillusionimage', opacity=1.0, ori=0.0, pos=array([0., 0.]), size=array([0.5, 0.5]), texRes=128.0, units='height', win=Window(...))
14.7721 	EXP 	window1: mouseVisible = True
14.7811 	EXP 	Created blackroadimage = ImageStim(__class__=<class 'psychopy.visual.image.ImageStim'>, anchor=('center', 'center'), autoLog=True, color=array([1., 1., 1.]), colorSpace='rgb', contrast=1.0, depth=-1.0, draggable=False, flipHoriz=False, flipVert=False, image=str(...), interpolate=True, mask=None, maskParams=None, name='blackroadimage', opacity=1.0, ori=0.0, pos=array([0., 0.]), size=array([0.5, 0.5]), texRes=128.0, units='height', win=Window(...))
14.7813 	EXP 	window1: mouseVisible = True
14.7983 	EXP 	Created pastelimage = ImageStim(__class__=<class 'psychopy.visual.image.ImageStim'>, anchor=('center', 'center'), autoLog=True, color=array([1., 1., 1.]), colorSpace='rgb', contrast=1.0, depth=0.0, draggable=False, flipHoriz=False, flipVert=False, image=str(...), interpolate=True, mask=None, maskParams=None, name='pastelimage', opacity=1.0, ori=0.0, pos=array([0., 0.]), size=array([0.5, 0.5]), texRes=128.0, units='height', win=Window(...))
14.7984 	EXP 	window1: mouseVisible = True
14.8116 	EXP 	Created redillusionimage = ImageStim(__class__=<class 'psychopy.visual.image.ImageStim'>, anchor=('center', 'center'), autoLog=True, color=array([1., 1., 1.]), colorSpace='rgb', contrast=1.0, depth=-1.0, draggable=False, flipHoriz=False, flipVert=False, image=str(...), interpolate=True, mask=None, maskParams=None, name='redillusionimage', opacity=1.0, ori=0.0, pos=array([0., 0.]), size=array([0.5, 0.5]), texRes=128.0, units='height', win=Window(...))
14.8118 	EXP 	window1: mouseVisible = True
14.8271 	EXP 	Created whiteimage = ImageStim(__class__=<class 'psychopy.visual.image.ImageStim'>, anchor=('center', 'center'), autoLog=True, color=array([1., 1., 1.]), colorSpace='rgb', contrast=1.0, depth=0.0, draggable=False, flipHoriz=False, flipVert=False, image=str(...), interpolate=True, mask=None, maskParams=None, name='whiteimage', opacity=1.0, ori=0.0, pos=array([0., 0.]), size=array([0.5, 0.5]), texRes=128.0, units='height', win=Window(...))
14.8273 	EXP 	window1: mouseVisible = True
14.8377 	EXP 	Created yellowwhiteimage = ImageStim(__class__=<class 'psychopy.visual.image.ImageStim'>, anchor=('center', 'center'), autoLog=True, color=array([1., 1., 1.]), colorSpace='rgb', contrast=1.0, depth=-1.0, draggable=False, flipHoriz=False, flipVert=False, image=str(...), interpolate=True, mask=None, maskParams=None, name='yellowwhiteimage', opacity=1.0, ori=0.0, pos=array([0., 0.]), size=array([0.5, 0.5]), texRes=128.0, units='height', win=Window(...))
14.8379 	EXP 	window1: mouseVisible = True
14.8610 	EXP 	Created colourfulimage = ImageStim(__class__=<class 'psychopy.visual.image.ImageStim'>, anchor=('center', 'center'), autoLog=True, color=array([1., 1., 1.]), colorSpace='rgb', contrast=1.0, depth=0.0, draggable=False, flipHoriz=False, flipVert=False, image=str(...), interpolate=True, mask=None, maskParams=None, name='colourfulimage', opacity=1.0, ori=0.0, pos=array([0., 0.]), size=array([0.5, 0.5]), texRes=128.0, units='height', win=Window(...))
14.8612 	EXP 	window1: mouseVisible = True
14.8761 	EXP 	Created wallimage = ImageStim(__class__=<class 'psychopy.visual.image.ImageStim'>, anchor=('center', 'center'), autoLog=True, color=array([1., 1., 1.]), colorSpace='rgb', contrast=1.0, depth=-1.0, draggable=False, flipHoriz=False, flipVert=False, image=str(...), interpolate=True, mask=None, maskParams=None, name='wallimage', opacity=1.0, ori=0.0, pos=array([0., 0.]), size=array([0.5, 0.5]), texRes=128.0, units='height', win=Window(...))
14.8763 	EXP 	window1: mouseVisible = True
14.8858 	EXP 	Created text_7 = TextStim(__class__=<class 'psychopy.visual.text.TextStim'>, alignHoriz=method-wrapper(...), alignText='center', alignVert=method-wrapper(...), anchorHoriz='center', anchorVert='center', antialias=True, autoDraw=False, autoLog=True, bold=False, color=array([1., 1., 1.]), colorSpace='rgb', contrast=1.0, depth=0.0, draggable=False, flipHoriz=False, flipVert=False, font='Open Sans', fontFiles=[], height=0.05, italic=False, languageStyle='LTR', name='text_7', opacity=1.0, ori=0.0, pos=array([0., 0.]), rgb=UNKNOWN, text='THANK YOU :)\n', units='height', win=Window(...), wrapWidth=1)
0.0120 	EXP 	text: autoDraw = True
6.0023 	EXP 	text: autoDraw = False
6.0023 	EXP 	text_2: autoDraw = True
10.0024 	EXP 	text_2: autoDraw = False
10.0024 	EXP 	text_3: autoDraw = True
15.0383 	EXP 	text_3: autoDraw = False
15.0383 	EXP 	text: autoDraw = False
15.0383 	EXP 	text_2: autoDraw = False
15.0383 	EXP 	text_3: autoDraw = False
15.0383 	EXP 	blackroad: autoDraw = True
18.0028 	EXP 	blackroad: autoDraw = False
18.0028 	EXP 	yellowillusion: autoDraw = True
21.0028 	EXP 	yellowillusion: autoDraw = False
21.0028 	EXP 	redillusion: autoDraw = True
24.0028 	EXP 	redillusion: autoDraw = False
24.0028 	EXP 	wall: autoDraw = True
27.0027 	EXP 	wall: autoDraw = False
27.0027 	EXP 	image: autoDraw = True
30.0021 	EXP 	image: autoDraw = False
30.0021 	EXP 	blackroad: autoDraw = False
30.0021 	EXP 	yellowillusion: autoDraw = False
30.0021 	EXP 	redillusion: autoDraw = False
30.0021 	EXP 	wall: autoDraw = False
30.0021 	EXP 	image: autoDraw = False
30.0021 	EXP 	instructions: autoDraw = True
33.0023 	EXP 	instructions: autoDraw = False
33.0023 	EXP 	text_4: autoDraw = True
39.0024 	EXP 	text_4: autoDraw = False
39.0024 	EXP 	text_5: autoDraw = True
45.0023 	EXP 	text_5: autoDraw = False
45.0023 	EXP 	text_6: autoDraw = True
54.9952 	EXP 	Imported Routine1.xlsx as conditions, 2 conditions, 2 params
54.9967 	EXP 	Created sequence: random, trialTypes=2, nReps=1, seed=None
54.9976 	EXP 	New trial (rep=0, index=0): {'image': 'yellowillusionimage ', 'corr_resp': 'n'}
55.0030 	EXP 	text_6: autoDraw = False
55.0030 	EXP 	instructions: autoDraw = False
55.0030 	EXP 	text_4: autoDraw = False
55.0030 	EXP 	text_5: autoDraw = False
55.0030 	EXP 	text_6: autoDraw = False
55.0030 	EXP 	yellowillusionimage: autoDraw = True
57.7554 	DATA 	Keypress: n
58.0023 	EXP 	yellowillusionimage: autoDraw = False
58.0023 	EXP 	blackroadimage: autoDraw = True
59.4041 	DATA 	Keypress: r
60.9881 	EXP 	New trial (rep=0, index=1): {'image': 'blackroadimage', 'corr_resp': 'r'}
61.0023 	EXP 	blackroadimage: autoDraw = False
61.0023 	EXP 	yellowillusionimage: autoDraw = False
61.0023 	EXP 	blackroadimage: autoDraw = False
61.0023 	EXP 	yellowillusionimage: autoDraw = True
61.5212 	DATA 	Keypress: n
64.0021 	EXP 	yellowillusionimage: autoDraw = False
64.0021 	EXP 	blackroadimage: autoDraw = True
64.5047 	DATA 	Keypress: r
66.9952 	EXP 	Imported Routine2.xlsx as conditions, 2 conditions, 2 params
66.9958 	EXP 	Created sequence: random, trialTypes=2, nReps=1, seed=None
66.9961 	EXP 	New trial (rep=0, index=0): {'image': 'redillusionimage', 'corr_resp': 'r'}
67.0024 	EXP 	blackroadimage: autoDraw = False
67.0024 	EXP 	yellowillusionimage: autoDraw = False
67.0024 	EXP 	blackroadimage: autoDraw = False
67.0024 	EXP 	pastelimage: autoDraw = True
67.5208 	DATA 	Keypress: n
70.0022 	EXP 	pastelimage: autoDraw = False
70.0022 	EXP 	redillusionimage: autoDraw = True
70.6712 	DATA 	Keypress: n
72.9871 	EXP 	New trial (rep=0, index=1): {'image': 'pastelimage', 'corr_resp': 'n'}
73.0021 	EXP 	redillusionimage: autoDraw = False
73.0021 	EXP 	pastelimage: autoDraw = False
73.0021 	EXP 	redillusionimage: autoDraw = False
73.0021 	EXP 	pastelimage: autoDraw = True
74.8375 	DATA 	Keypress: n
76.0020 	EXP 	pastelimage: autoDraw = False
76.0020 	EXP 	redillusionimage: autoDraw = True
77.8712 	DATA 	Keypress: n
78.9942 	EXP 	Imported Routine3.xlsx as conditions, 2 conditions, 2 params
78.9947 	EXP 	Created sequence: random, trialTypes=2, nReps=1, seed=None
78.9950 	EXP 	New trial (rep=0, index=0): {'image': 'whiteimage', 'corr_resp': 'n'}
79.0022 	EXP 	redillusionimage: autoDraw = False
79.0022 	EXP 	pastelimage: autoDraw = False
79.0022 	EXP 	redillusionimage: autoDraw = False
79.0022 	EXP 	whiteimage: autoDraw = True
80.7220 	DATA 	Keypress: r
82.0021 	EXP 	whiteimage: autoDraw = False
82.0021 	EXP 	yellowwhiteimage: autoDraw = True
82.7215 	DATA 	Keypress: r
84.9878 	EXP 	New trial (rep=0, index=1): {'image': 'yellowwhiteimage', 'corr_resp': 'n'}
85.0022 	EXP 	yellowwhiteimage: autoDraw = False
85.0022 	EXP 	whiteimage: autoDraw = False
85.0022 	EXP 	yellowwhiteimage: autoDraw = False
85.0022 	EXP 	whiteimage: autoDraw = True
85.7716 	DATA 	Keypress: r
88.0018 	EXP 	whiteimage: autoDraw = False
88.0018 	EXP 	yellowwhiteimage: autoDraw = True
88.2207 	DATA 	Keypress: r
90.9938 	EXP 	Imported Routine4.xlsx as conditions, 2 conditions, 2 params
90.9944 	EXP 	Created sequence: random, trialTypes=2, nReps=1, seed=None
90.9947 	EXP 	New trial (rep=0, index=0): {'image': 'colourfulimage', 'corr_resp': 'r'}
91.0021 	EXP 	yellowwhiteimage: autoDraw = False
91.0021 	EXP 	whiteimage: autoDraw = False
91.0021 	EXP 	yellowwhiteimage: autoDraw = False
91.0021 	EXP 	colourfulimage: autoDraw = True
91.6374 	DATA 	Keypress: r
94.0020 	EXP 	colourfulimage: autoDraw = False
94.0020 	EXP 	wallimage: autoDraw = True
95.0209 	DATA 	Keypress: n
96.9872 	EXP 	New trial (rep=0, index=1): {'image': 'wallimage', 'corr_resp': 'n'}
97.0018 	EXP 	wallimage: autoDraw = False
97.0018 	EXP 	colourfulimage: autoDraw = False
97.0018 	EXP 	wallimage: autoDraw = False
97.0018 	EXP 	colourfulimage: autoDraw = True
97.3710 	DATA 	Keypress: r
100.0017 	EXP 	colourfulimage: autoDraw = False
100.0017 	EXP 	wallimage: autoDraw = True
100.4539 	DATA 	Keypress: n
103.0012 	EXP 	wallimage: autoDraw = False
103.0012 	EXP 	colourfulimage: autoDraw = False
103.0012 	EXP 	wallimage: autoDraw = False
103.0012 	EXP 	text_7: autoDraw = True
106.0012 	EXP 	text_7: autoDraw = False
106.0012 	EXP 	text_7: autoDraw = False
106.0013 	EXP 	untitledFINAL: status = STOPPED
106.1966 	EXP 	window1: mouseVisible = True
