7.4897 	WARNING 	User requested fullscreen with size [1024  768], but screen is actually [1920, 1080]. Using actual size
9.8456 	EXP 	Created window1 = Window(allowGUI=True, allowStencil=False, autoLog=True, backendConf=UNKNOWN, backgroundFit=<method-wrapper '__getattribute__' of attributeSetter object at 0x000001C8681B01C0>, backgroundImage=<method-wrapper '__getattribute__' of attributeSetter object at 0x000001C8681B0160>, bitsMode=UNKNOWN, blendMode='avg', bpc=(8, 8, 8), color=array([0, 0, 0]), colorSpace='rgb', depthBits=8, fullscr=<method-wrapper '__getattribute__' of attributeSetter object at 0x000001C8681A0D00>, gamma=None, gammaErrorPolicy='raise', lms=UNKNOWN, monitor=<psychopy.monitors.calibTools.Monitor object at 0x000001C868558CA0>, multiSample=False, name='window1', numSamples=2, pos=(0, 0), screen=0, size=array([1920, 1080]), stencilBits=0, stereo=False, title='PsychoPy', units='height', useFBO=True, useRetina=False, viewOri=0.0, viewPos=None, viewScale=None, waitBlanking=True, winType='pyglet')
9.8457 	EXP 	window1: mouseVisible = True
9.8457 	EXP 	window1: backgroundImage = ''
9.8457 	EXP 	window1: backgroundFit = 'none'
9.8483 	EXP 	window1: Attempting to measure frame rate of screen (0) ...
9.8483 	EXP 	window1: recordFrameIntervals = False
10.0118 	EXP 	window1: recordFrameIntervals = True
10.1953 	EXP 	Screen (0) actual frame rate measured at 59.99Hz
10.1953 	EXP 	window1: recordFrameIntervals = False
10.1955 	EXP 	window1: mouseVisible = False
12.9349 	EXP 	untitledFINAL: status = STARTED
12.9355 	EXP 	window1: mouseVisible = True
13.0453 	EXP 	Created text = TextStim(__class__=<class 'psychopy.visual.text.TextStim'>, alignHoriz=method-wrapper(...), alignText='center', alignVert=method-wrapper(...), anchorHoriz='center', anchorVert='center', antialias=True, autoDraw=False, autoLog=True, bold=False, color=array([1.    , 1.    , 0.8824]), colorSpace='rgb', contrast=1.0, depth=0.0, draggable=False, flipHoriz=False, flipVert=False, font='Open Sans', fontFiles=[], height=0.05, italic=False, languageStyle='LTR', name='text', opacity=1.0, ori=0.0, pos=array([0., 0.]), rgb=UNKNOWN, text=str(...), units='height', win=Window(...), wrapWidth=1)
13.0455 	EXP 	window1: mouseVisible = True
13.0620 	EXP 	Created text_2 = TextStim(__class__=<class 'psychopy.visual.text.TextStim'>, alignHoriz=method-wrapper(...), alignText='center', alignVert=method-wrapper(...), anchorHoriz='center', anchorVert='center', antialias=True, autoDraw=False, autoLog=True, bold=False, color=array([1.    , 1.    , 0.8824]), colorSpace='rgb', contrast=1.0, depth=-1.0, draggable=False, flipHoriz=False, flipVert=False, font='Open Sans', fontFiles=[], height=0.05, italic=False, languageStyle='LTR', name='text_2', opacity=1.0, ori=0.0, pos=array([0., 0.]), rgb=UNKNOWN, text="Are you ready?\n\nLet's Get Started !\n", units='height', win=Window(...), wrapWidth=1)
13.0622 	EXP 	window1: mouseVisible = True
13.0756 	EXP 	Created text_3 = TextStim(__class__=<class 'psychopy.visual.text.TextStim'>, alignHoriz=method-wrapper(...), alignText='center', alignVert=method-wrapper(...), anchorHoriz='center', anchorVert='center', antialias=True, autoDraw=False, autoLog=True, bold=False, color=array([1., 1., 1.]), colorSpace='rgb', contrast=1.0, depth=-2.0, draggable=False, flipHoriz=False, flipVert=False, font='Open Sans', fontFiles=[], height=0.05, italic=False, languageStyle='LTR', name='text_3', opacity=1.0, ori=0.0, pos=array([0., 0.]), rgb=UNKNOWN, text=str(...), units='height', win=Window(...), wrapWidth=1)
13.0758 	EXP 	window1: mouseVisible = True
13.0907 	EXP 	Created blackroad = ImageStim(__class__=<class 'psychopy.visual.image.ImageStim'>, anchor=('center', 'center'), autoLog=True, color=array([1., 1., 1.]), colorSpace='rgb', contrast=1.0, depth=0.0, draggable=False, flipHoriz=False, flipVert=False, image=str(...), interpolate=True, mask=None, maskParams=None, name='blackroad', opacity=1.0, ori=0.0, pos=array([0., 0.]), size=array([0.5, 0.5]), texRes=128.0, units='height', win=Window(...))
13.0909 	EXP 	window1: mouseVisible = True
13.1066 	EXP 	Created yellowillusion = ImageStim(__class__=<class 'psychopy.visual.image.ImageStim'>, anchor=('center', 'center'), autoLog=True, color=array([1., 1., 1.]), colorSpace='rgb', contrast=1.0, depth=-1.0, draggable=False, flipHoriz=False, flipVert=False, image=str(...), interpolate=True, mask=None, maskParams=None, name='yellowillusion', opacity=1.0, ori=0.0, pos=array([0., 0.]), size=array([0.5, 0.5]), texRes=128.0, units='height', win=Window(...))
13.1067 	EXP 	window1: mouseVisible = True
13.1248 	EXP 	Created redillusion = ImageStim(__class__=<class 'psychopy.visual.image.ImageStim'>, anchor=('center', 'center'), autoLog=True, color=array([1., 1., 1.]), colorSpace='rgb', contrast=1.0, depth=-2.0, draggable=False, flipHoriz=False, flipVert=False, image=str(...), interpolate=True, mask=None, maskParams=None, name='redillusion', opacity=1.0, ori=0.0, pos=array([0., 0.]), size=array([0.5, 0.5]), texRes=128.0, units='height', win=Window(...))
13.1250 	EXP 	window1: mouseVisible = True
13.1475 	EXP 	Created wall = ImageStim(__class__=<class 'psychopy.visual.image.ImageStim'>, anchor=('center', 'center'), autoLog=True, color=array([1., 1., 1.]), colorSpace='rgb', contrast=1.0, depth=-3.0, draggable=False, flipHoriz=False, flipVert=False, image=str(...), interpolate=True, mask=None, maskParams=None, name='wall', opacity=1.0, ori=0.0, pos=array([0., 0.]), size=array([0.5, 0.5]), texRes=128.0, units='height', win=Window(...))
13.1477 	EXP 	window1: mouseVisible = True
13.1778 	EXP 	Created image = ImageStim(__class__=<class 'psychopy.visual.image.ImageStim'>, anchor=('center', 'center'), autoLog=True, color=array([1., 1., 1.]), colorSpace='rgb', contrast=1.0, depth=-4.0, draggable=False, flipHoriz=False, flipVert=False, image=str(...), interpolate=True, mask=None, maskParams=None, name='image', opacity=1.0, ori=0.0, pos=array([0., 0.]), size=array([0.5, 0.5]), texRes=128.0, units='height', win=Window(...))
13.1780 	EXP 	window1: mouseVisible = True
13.1863 	EXP 	Created instructions = TextStim(__class__=<class 'psychopy.visual.text.TextStim'>, alignHoriz=method-wrapper(...), alignText='center', alignVert=method-wrapper(...), anchorHoriz='center', anchorVert='center', antialias=True, autoDraw=False, autoLog=True, bold=False, color=array([1., 1., 1.]), colorSpace='rgb', contrast=1.0, depth=0.0, draggable=False, flipHoriz=False, flipVert=False, font='Open Sans', fontFiles=[], height=0.05, italic=False, languageStyle='LTR', name='instructions', opacity=1.0, ori=0.0, pos=array([0., 0.]), rgb=UNKNOWN, text='I hope you love the pictures :)\n', units='height', win=Window(...), wrapWidth=1)
13.1865 	EXP 	window1: mouseVisible = True
13.2095 	EXP 	Created text_4 = TextStim(__class__=<class 'psychopy.visual.text.TextStim'>, alignHoriz=method-wrapper(...), alignText='center', alignVert=method-wrapper(...), anchorHoriz='center', anchorVert='center', antialias=True, autoDraw=False, autoLog=True, bold=False, color=array([1., 1., 1.]), colorSpace='rgb', contrast=1.0, depth=-1.0, draggable=False, flipHoriz=False, flipVert=False, font='Open Sans', fontFiles=[], height=0.05, italic=False, languageStyle='LTR', name='text_4', opacity=1.0, ori=0.0, pos=array([0., 0.]), rgb=UNKNOWN, text=str(...), units='height', win=Window(...), wrapWidth=1)
13.2097 	EXP 	window1: mouseVisible = True
13.2236 	EXP 	Created text_5 = TextStim(__class__=<class 'psychopy.visual.text.TextStim'>, alignHoriz=method-wrapper(...), alignText='center', alignVert=method-wrapper(...), anchorHoriz='center', anchorVert='center', antialias=True, autoDraw=False, autoLog=True, bold=False, color=array([1., 1., 1.]), colorSpace='rgb', contrast=1.0, depth=-2.0, draggable=False, flipHoriz=False, flipVert=False, font='Open Sans', fontFiles=[], height=0.05, italic=False, languageStyle='LTR', name='text_5', opacity=1.0, ori=0.0, pos=array([0., 0.]), rgb=UNKNOWN, text=str(...), units='height', win=Window(...), wrapWidth=1)
13.2238 	EXP 	window1: mouseVisible = True
13.2510 	EXP 	Created text_6 = TextStim(__class__=<class 'psychopy.visual.text.TextStim'>, alignHoriz=method-wrapper(...), alignText='center', alignVert=method-wrapper(...), anchorHoriz='center', anchorVert='center', antialias=True, autoDraw=False, autoLog=True, bold=False, color=array([1., 1., 1.]), colorSpace='rgb', contrast=1.0, depth=-3.0, draggable=False, flipHoriz=False, flipVert=False, font='Open Sans', fontFiles=[], height=0.05, italic=False, languageStyle='LTR', name='text_6', opacity=1.0, ori=0.0, pos=array([0., 0.]), rgb=UNKNOWN, text=str(...), units='height', win=Window(...), wrapWidth=1)
13.2512 	EXP 	window1: mouseVisible = True
13.2626 	EXP 	Created yellowillusionimage = ImageStim(__class__=<class 'psychopy.visual.image.ImageStim'>, anchor=('center', 'center'), autoLog=True, color=array([1., 1., 1.]), colorSpace='rgb', contrast=1.0, depth=0.0, draggable=False, flipHoriz=False, flipVert=False, image=str(...), interpolate=True, mask=None, maskParams=None, name='yellowillusionimage', opacity=1.0, ori=0.0, pos=array([0., 0.]), size=array([0.5, 0.5]), texRes=128.0, units='height', win=Window(...))
13.2628 	EXP 	window1: mouseVisible = True
13.2713 	EXP 	Created blackroadimage = ImageStim(__class__=<class 'psychopy.visual.image.ImageStim'>, anchor=('center', 'center'), autoLog=True, color=array([1., 1., 1.]), colorSpace='rgb', contrast=1.0, depth=-1.0, draggable=False, flipHoriz=False, flipVert=False, image=str(...), interpolate=True, mask=None, maskParams=None, name='blackroadimage', opacity=1.0, ori=0.0, pos=array([0., 0.]), size=array([0.5, 0.5]), texRes=128.0, units='height', win=Window(...))
13.2715 	EXP 	window1: mouseVisible = True
13.2876 	EXP 	Created pastelimage = ImageStim(__class__=<class 'psychopy.visual.image.ImageStim'>, anchor=('center', 'center'), autoLog=True, color=array([1., 1., 1.]), colorSpace='rgb', contrast=1.0, depth=0.0, draggable=False, flipHoriz=False, flipVert=False, image=str(...), interpolate=True, mask=None, maskParams=None, name='pastelimage', opacity=1.0, ori=0.0, pos=array([0., 0.]), size=array([0.5, 0.5]), texRes=128.0, units='height', win=Window(...))
13.2877 	EXP 	window1: mouseVisible = True
13.3008 	EXP 	Created redillusionimage = ImageStim(__class__=<class 'psychopy.visual.image.ImageStim'>, anchor=('center', 'center'), autoLog=True, color=array([1., 1., 1.]), colorSpace='rgb', contrast=1.0, depth=-1.0, draggable=False, flipHoriz=False, flipVert=False, image=str(...), interpolate=True, mask=None, maskParams=None, name='redillusionimage', opacity=1.0, ori=0.0, pos=array([0., 0.]), size=array([0.5, 0.5]), texRes=128.0, units='height', win=Window(...))
13.3010 	EXP 	window1: mouseVisible = True
13.3153 	EXP 	Created whiteimage = ImageStim(__class__=<class 'psychopy.visual.image.ImageStim'>, anchor=('center', 'center'), autoLog=True, color=array([1., 1., 1.]), colorSpace='rgb', contrast=1.0, depth=0.0, draggable=False, flipHoriz=False, flipVert=False, image=str(...), interpolate=True, mask=None, maskParams=None, name='whiteimage', opacity=1.0, ori=0.0, pos=array([0., 0.]), size=array([0.5, 0.5]), texRes=128.0, units='height', win=Window(...))
13.3155 	EXP 	window1: mouseVisible = True
13.3245 	EXP 	Created yellowwhiteimage = ImageStim(__class__=<class 'psychopy.visual.image.ImageStim'>, anchor=('center', 'center'), autoLog=True, color=array([1., 1., 1.]), colorSpace='rgb', contrast=1.0, depth=-1.0, draggable=False, flipHoriz=False, flipVert=False, image=str(...), interpolate=True, mask=None, maskParams=None, name='yellowwhiteimage', opacity=1.0, ori=0.0, pos=array([0., 0.]), size=array([0.5, 0.5]), texRes=128.0, units='height', win=Window(...))
13.3247 	EXP 	window1: mouseVisible = True
13.3472 	EXP 	Created colourfulimage = ImageStim(__class__=<class 'psychopy.visual.image.ImageStim'>, anchor=('center', 'center'), autoLog=True, color=array([1., 1., 1.]), colorSpace='rgb', contrast=1.0, depth=0.0, draggable=False, flipHoriz=False, flipVert=False, image=str(...), interpolate=True, mask=None, maskParams=None, name='colourfulimage', opacity=1.0, ori=0.0, pos=array([0., 0.]), size=array([0.5, 0.5]), texRes=128.0, units='height', win=Window(...))
13.3474 	EXP 	window1: mouseVisible = True
13.3619 	EXP 	Created wallimage = ImageStim(__class__=<class 'psychopy.visual.image.ImageStim'>, anchor=('center', 'center'), autoLog=True, color=array([1., 1., 1.]), colorSpace='rgb', contrast=1.0, depth=-1.0, draggable=False, flipHoriz=False, flipVert=False, image=str(...), interpolate=True, mask=None, maskParams=None, name='wallimage', opacity=1.0, ori=0.0, pos=array([0., 0.]), size=array([0.5, 0.5]), texRes=128.0, units='height', win=Window(...))
13.3621 	EXP 	window1: mouseVisible = True
13.3717 	EXP 	Created text_7 = TextStim(__class__=<class 'psychopy.visual.text.TextStim'>, alignHoriz=method-wrapper(...), alignText='center', alignVert=method-wrapper(...), anchorHoriz='center', anchorVert='center', antialias=True, autoDraw=False, autoLog=True, bold=False, color=array([1., 1., 1.]), colorSpace='rgb', contrast=1.0, depth=0.0, draggable=False, flipHoriz=False, flipVert=False, font='Open Sans', fontFiles=[], height=0.05, italic=False, languageStyle='LTR', name='text_7', opacity=1.0, ori=0.0, pos=array([0., 0.]), rgb=UNKNOWN, text='THANK YOU :)\n', units='height', win=Window(...), wrapWidth=1)
0.0089 	EXP 	text: autoDraw = True
6.0065 	EXP 	text: autoDraw = False
6.0065 	EXP 	text_2: autoDraw = True
10.0064 	EXP 	text_2: autoDraw = False
10.0064 	EXP 	text_3: autoDraw = True
15.0592 	EXP 	text_3: autoDraw = False
15.0592 	EXP 	text: autoDraw = False
15.0592 	EXP 	text_2: autoDraw = False
15.0592 	EXP 	text_3: autoDraw = False
15.0592 	EXP 	blackroad: autoDraw = True
18.0113 	EXP 	blackroad: autoDraw = False
18.0113 	EXP 	yellowillusion: autoDraw = True
21.0070 	EXP 	yellowillusion: autoDraw = False
21.0070 	EXP 	redillusion: autoDraw = True
24.0069 	EXP 	redillusion: autoDraw = False
24.0069 	EXP 	wall: autoDraw = True
27.0072 	EXP 	wall: autoDraw = False
27.0072 	EXP 	image: autoDraw = True
30.0062 	EXP 	image: autoDraw = False
30.0062 	EXP 	blackroad: autoDraw = False
30.0062 	EXP 	yellowillusion: autoDraw = False
30.0062 	EXP 	redillusion: autoDraw = False
30.0062 	EXP 	wall: autoDraw = False
30.0062 	EXP 	image: autoDraw = False
30.0062 	EXP 	instructions: autoDraw = True
33.0060 	EXP 	instructions: autoDraw = False
33.0060 	EXP 	text_4: autoDraw = True
39.0061 	EXP 	text_4: autoDraw = False
39.0061 	EXP 	text_5: autoDraw = True
45.0067 	EXP 	text_5: autoDraw = False
45.0067 	EXP 	text_6: autoDraw = True
54.9993 	EXP 	Imported Routine1.xlsx as conditions, 2 conditions, 2 params
54.9999 	EXP 	Created sequence: random, trialTypes=2, nReps=1, seed=None
55.0002 	EXP 	New trial (rep=0, index=0): {'image': 'blackroadimage', 'corr_resp': 'r'}
55.0061 	EXP 	text_6: autoDraw = False
55.0061 	EXP 	instructions: autoDraw = False
55.0061 	EXP 	text_4: autoDraw = False
55.0061 	EXP 	text_5: autoDraw = False
55.0061 	EXP 	text_6: autoDraw = False
55.0061 	EXP 	yellowillusionimage: autoDraw = True
56.4447 	DATA 	Keypress: r
58.0064 	EXP 	yellowillusionimage: autoDraw = False
58.0064 	EXP 	blackroadimage: autoDraw = True
58.7267 	DATA 	Keypress: r
60.9909 	EXP 	New trial (rep=0, index=1): {'image': 'yellowillusionimage ', 'corr_resp': 'n'}
61.0059 	EXP 	blackroadimage: autoDraw = False
61.0059 	EXP 	yellowillusionimage: autoDraw = False
61.0059 	EXP 	blackroadimage: autoDraw = False
61.0059 	EXP 	yellowillusionimage: autoDraw = True
61.5244 	DATA 	Keypress: r
64.0062 	EXP 	yellowillusionimage: autoDraw = False
64.0062 	EXP 	blackroadimage: autoDraw = True
64.6096 	DATA 	Keypress: r
67.0045 	EXP 	Imported Routine2.xlsx as conditions, 2 conditions, 2 params
67.0055 	EXP 	Created sequence: random, trialTypes=2, nReps=1, seed=None
67.0060 	EXP 	New trial (rep=0, index=0): {'image': 'redillusionimage', 'corr_resp': 'r'}
67.0128 	EXP 	blackroadimage: autoDraw = False
67.0128 	EXP 	yellowillusionimage: autoDraw = False
67.0128 	EXP 	blackroadimage: autoDraw = False
67.0128 	EXP 	pastelimage: autoDraw = True
68.5615 	DATA 	Keypress: n
70.0064 	EXP 	pastelimage: autoDraw = False
70.0064 	EXP 	redillusionimage: autoDraw = True
71.1433 	DATA 	Keypress: r
72.9925 	EXP 	New trial (rep=0, index=1): {'image': 'pastelimage', 'corr_resp': 'n'}
73.0061 	EXP 	redillusionimage: autoDraw = False
73.0061 	EXP 	pastelimage: autoDraw = False
73.0061 	EXP 	redillusionimage: autoDraw = False
73.0061 	EXP 	pastelimage: autoDraw = True
73.6763 	DATA 	Keypress: n
76.0060 	EXP 	pastelimage: autoDraw = False
76.0060 	EXP 	redillusionimage: autoDraw = True
76.5767 	DATA 	Keypress: r
79.0099 	EXP 	Imported Routine3.xlsx as conditions, 2 conditions, 2 params
79.0111 	EXP 	Created sequence: random, trialTypes=2, nReps=1, seed=None
79.0119 	EXP 	New trial (rep=0, index=0): {'image': 'whiteimage', 'corr_resp': 'n'}
79.0196 	EXP 	redillusionimage: autoDraw = False
79.0196 	EXP 	pastelimage: autoDraw = False
79.0196 	EXP 	redillusionimage: autoDraw = False
79.0196 	EXP 	whiteimage: autoDraw = True
80.1774 	DATA 	Keypress: n
82.0062 	EXP 	whiteimage: autoDraw = False
82.0062 	EXP 	yellowwhiteimage: autoDraw = True
83.0113 	DATA 	Keypress: n
84.9937 	EXP 	New trial (rep=0, index=1): {'image': 'yellowwhiteimage', 'corr_resp': 'n'}
85.0062 	EXP 	yellowwhiteimage: autoDraw = False
85.0062 	EXP 	whiteimage: autoDraw = False
85.0062 	EXP 	yellowwhiteimage: autoDraw = False
85.0062 	EXP 	whiteimage: autoDraw = True
85.8117 	DATA 	Keypress: n
88.0061 	EXP 	whiteimage: autoDraw = False
88.0061 	EXP 	yellowwhiteimage: autoDraw = True
88.7944 	DATA 	Keypress: n
91.0047 	EXP 	Imported Routine4.xlsx as conditions, 2 conditions, 2 params
91.0057 	EXP 	Created sequence: random, trialTypes=2, nReps=1, seed=None
91.0062 	EXP 	New trial (rep=0, index=0): {'image': 'colourfulimage', 'corr_resp': 'r'}
91.0133 	EXP 	yellowwhiteimage: autoDraw = False
91.0133 	EXP 	whiteimage: autoDraw = False
91.0133 	EXP 	yellowwhiteimage: autoDraw = False
91.0133 	EXP 	colourfulimage: autoDraw = True
91.6929 	DATA 	Keypress: r
94.0060 	EXP 	colourfulimage: autoDraw = False
94.0060 	EXP 	wallimage: autoDraw = True
94.8590 	DATA 	Keypress: r
96.9937 	EXP 	New trial (rep=0, index=1): {'image': 'wallimage', 'corr_resp': 'n'}
97.0062 	EXP 	wallimage: autoDraw = False
97.0062 	EXP 	colourfulimage: autoDraw = False
97.0062 	EXP 	wallimage: autoDraw = False
97.0062 	EXP 	colourfulimage: autoDraw = True
97.8445 	DATA 	Keypress: r
100.0060 	EXP 	colourfulimage: autoDraw = False
100.0060 	EXP 	wallimage: autoDraw = True
100.6948 	DATA 	Keypress: r
103.0054 	EXP 	wallimage: autoDraw = False
103.0054 	EXP 	colourfulimage: autoDraw = False
103.0054 	EXP 	wallimage: autoDraw = False
103.0054 	EXP 	text_7: autoDraw = True
106.0054 	EXP 	text_7: autoDraw = False
106.0054 	EXP 	text_7: autoDraw = False
106.0057 	EXP 	untitledFINAL: status = STOPPED
106.2069 	EXP 	window1: mouseVisible = True
