7.6072 	WARNING 	User requested fullscreen with size [1024  768], but screen is actually [1920, 1080]. Using actual size
9.6835 	EXP 	Created window1 = Window(allowGUI=True, allowStencil=False, autoLog=True, backendConf=UNKNOWN, backgroundFit=<method-wrapper '__getattribute__' of attributeSetter object at 0x00000264BD0DBCA0>, backgroundImage=<method-wrapper '__getattribute__' of attributeSetter object at 0x00000264BD0DBC40>, bitsMode=UNKNOWN, blendMode='avg', bpc=(8, 8, 8), color=array([0, 0, 0]), colorSpace='rgb', depthBits=8, fullscr=<method-wrapper '__getattribute__' of attributeSetter object at 0x00000264BD0DBA90>, gamma=None, gammaErrorPolicy='raise', lms=UNKNOWN, monitor=<psychopy.monitors.calibTools.Monitor object at 0x00000264BD48A2B0>, multiSample=False, name='window1', numSamples=2, pos=(0, 0), screen=0, size=array([1920, 1080]), stencilBits=0, stereo=False, title='PsychoPy', units='height', useFBO=True, useRetina=False, viewOri=0.0, viewPos=None, viewScale=None, waitBlanking=True, winType='pyglet')
9.6837 	EXP 	window1: mouseVisible = True
9.6838 	EXP 	window1: backgroundImage = ''
9.6838 	EXP 	window1: backgroundFit = 'none'
9.6883 	EXP 	window1: Attempting to measure frame rate of screen (0) ...
9.6884 	EXP 	window1: recordFrameIntervals = False
9.8491 	EXP 	window1: recordFrameIntervals = True
10.0330 	EXP 	Screen (0) actual frame rate measured at 59.89Hz
10.0331 	EXP 	window1: recordFrameIntervals = False
10.0333 	EXP 	window1: mouseVisible = False
12.8031 	EXP 	untitledFINAL: status = STARTED
12.8037 	EXP 	window1: mouseVisible = True
12.9110 	EXP 	Created text = TextStim(__class__=<class 'psychopy.visual.text.TextStim'>, alignHoriz=method-wrapper(...), alignText='center', alignVert=method-wrapper(...), anchorHoriz='center', anchorVert='center', antialias=True, autoDraw=False, autoLog=True, bold=False, color=array([1.    , 1.    , 0.8824]), colorSpace='rgb', contrast=1.0, depth=0.0, draggable=False, flipHoriz=False, flipVert=False, font='Open Sans', fontFiles=[], height=0.05, italic=False, languageStyle='LTR', name='text', opacity=1.0, ori=0.0, pos=array([0., 0.]), rgb=UNKNOWN, text=str(...), units='height', win=Window(...), wrapWidth=1)
12.9112 	EXP 	window1: mouseVisible = True
12.9281 	EXP 	Created text_2 = TextStim(__class__=<class 'psychopy.visual.text.TextStim'>, alignHoriz=method-wrapper(...), alignText='center', alignVert=method-wrapper(...), anchorHoriz='center', anchorVert='center', antialias=True, autoDraw=False, autoLog=True, bold=False, color=array([1.    , 1.    , 0.8824]), colorSpace='rgb', contrast=1.0, depth=-1.0, draggable=False, flipHoriz=False, flipVert=False, font='Open Sans', fontFiles=[], height=0.05, italic=False, languageStyle='LTR', name='text_2', opacity=1.0, ori=0.0, pos=array([0., 0.]), rgb=UNKNOWN, text="Are you ready?\n\nLet's Get Started !\n", units='height', win=Window(...), wrapWidth=1)
12.9283 	EXP 	window1: mouseVisible = True
12.9408 	EXP 	Created text_3 = TextStim(__class__=<class 'psychopy.visual.text.TextStim'>, alignHoriz=method-wrapper(...), alignText='center', alignVert=method-wrapper(...), anchorHoriz='center', anchorVert='center', antialias=True, autoDraw=False, autoLog=True, bold=False, color=array([1., 1., 1.]), colorSpace='rgb', contrast=1.0, depth=-2.0, draggable=False, flipHoriz=False, flipVert=False, font='Open Sans', fontFiles=[], height=0.05, italic=False, languageStyle='LTR', name='text_3', opacity=1.0, ori=0.0, pos=array([0., 0.]), rgb=UNKNOWN, text=str(...), units='height', win=Window(...), wrapWidth=1)
12.9410 	EXP 	window1: mouseVisible = True
12.9536 	EXP 	Created blackroad = ImageStim(__class__=<class 'psychopy.visual.image.ImageStim'>, anchor=('center', 'center'), autoLog=True, color=array([1., 1., 1.]), colorSpace='rgb', contrast=1.0, depth=0.0, draggable=False, flipHoriz=False, flipVert=False, image=str(...), interpolate=True, mask=None, maskParams=None, name='blackroad', opacity=1.0, ori=0.0, pos=array([0., 0.]), size=array([0.5, 0.5]), texRes=128.0, units='height', win=Window(...))
12.9538 	EXP 	window1: mouseVisible = True
12.9705 	EXP 	Created yellowillusion = ImageStim(__class__=<class 'psychopy.visual.image.ImageStim'>, anchor=('center', 'center'), autoLog=True, color=array([1., 1., 1.]), colorSpace='rgb', contrast=1.0, depth=-1.0, draggable=False, flipHoriz=False, flipVert=False, image=str(...), interpolate=True, mask=None, maskParams=None, name='yellowillusion', opacity=1.0, ori=0.0, pos=array([0., 0.]), size=array([0.5, 0.5]), texRes=128.0, units='height', win=Window(...))
12.9707 	EXP 	window1: mouseVisible = True
12.9891 	EXP 	Created redillusion = ImageStim(__class__=<class 'psychopy.visual.image.ImageStim'>, anchor=('center', 'center'), autoLog=True, color=array([1., 1., 1.]), colorSpace='rgb', contrast=1.0, depth=-2.0, draggable=False, flipHoriz=False, flipVert=False, image=str(...), interpolate=True, mask=None, maskParams=None, name='redillusion', opacity=1.0, ori=0.0, pos=array([0., 0.]), size=array([0.5, 0.5]), texRes=128.0, units='height', win=Window(...))
12.9893 	EXP 	window1: mouseVisible = True
13.0087 	EXP 	Created wall = ImageStim(__class__=<class 'psychopy.visual.image.ImageStim'>, anchor=('center', 'center'), autoLog=True, color=array([1., 1., 1.]), colorSpace='rgb', contrast=1.0, depth=-3.0, draggable=False, flipHoriz=False, flipVert=False, image=str(...), interpolate=True, mask=None, maskParams=None, name='wall', opacity=1.0, ori=0.0, pos=array([0., 0.]), size=array([0.5, 0.5]), texRes=128.0, units='height', win=Window(...))
13.0089 	EXP 	window1: mouseVisible = True
13.0379 	EXP 	Created image = ImageStim(__class__=<class 'psychopy.visual.image.ImageStim'>, anchor=('center', 'center'), autoLog=True, color=array([1., 1., 1.]), colorSpace='rgb', contrast=1.0, depth=-4.0, draggable=False, flipHoriz=False, flipVert=False, image=str(...), interpolate=True, mask=None, maskParams=None, name='image', opacity=1.0, ori=0.0, pos=array([0., 0.]), size=array([0.5, 0.5]), texRes=128.0, units='height', win=Window(...))
13.0381 	EXP 	window1: mouseVisible = True
13.0455 	EXP 	Created instructions = TextStim(__class__=<class 'psychopy.visual.text.TextStim'>, alignHoriz=method-wrapper(...), alignText='center', alignVert=method-wrapper(...), anchorHoriz='center', anchorVert='center', antialias=True, autoDraw=False, autoLog=True, bold=False, color=array([1., 1., 1.]), colorSpace='rgb', contrast=1.0, depth=0.0, draggable=False, flipHoriz=False, flipVert=False, font='Open Sans', fontFiles=[], height=0.05, italic=False, languageStyle='LTR', name='instructions', opacity=1.0, ori=0.0, pos=array([0., 0.]), rgb=UNKNOWN, text='I hope you love the pictures :)\n', units='height', win=Window(...), wrapWidth=1)
13.0456 	EXP 	window1: mouseVisible = True
13.0651 	EXP 	Created text_4 = TextStim(__class__=<class 'psychopy.visual.text.TextStim'>, alignHoriz=method-wrapper(...), alignText='center', alignVert=method-wrapper(...), anchorHoriz='center', anchorVert='center', antialias=True, autoDraw=False, autoLog=True, bold=False, color=array([1., 1., 1.]), colorSpace='rgb', contrast=1.0, depth=-1.0, draggable=False, flipHoriz=False, flipVert=False, font='Open Sans', fontFiles=[], height=0.05, italic=False, languageStyle='LTR', name='text_4', opacity=1.0, ori=0.0, pos=array([0., 0.]), rgb=UNKNOWN, text=str(...), units='height', win=Window(...), wrapWidth=1)
13.0653 	EXP 	window1: mouseVisible = True
13.0795 	EXP 	Created text_5 = TextStim(__class__=<class 'psychopy.visual.text.TextStim'>, alignHoriz=method-wrapper(...), alignText='center', alignVert=method-wrapper(...), anchorHoriz='center', anchorVert='center', antialias=True, autoDraw=False, autoLog=True, bold=False, color=array([1., 1., 1.]), colorSpace='rgb', contrast=1.0, depth=-2.0, draggable=False, flipHoriz=False, flipVert=False, font='Open Sans', fontFiles=[], height=0.05, italic=False, languageStyle='LTR', name='text_5', opacity=1.0, ori=0.0, pos=array([0., 0.]), rgb=UNKNOWN, text=str(...), units='height', win=Window(...), wrapWidth=1)
13.0797 	EXP 	window1: mouseVisible = True
13.1073 	EXP 	Created text_6 = TextStim(__class__=<class 'psychopy.visual.text.TextStim'>, alignHoriz=method-wrapper(...), alignText='center', alignVert=method-wrapper(...), anchorHoriz='center', anchorVert='center', antialias=True, autoDraw=False, autoLog=True, bold=False, color=array([1., 1., 1.]), colorSpace='rgb', contrast=1.0, depth=-3.0, draggable=False, flipHoriz=False, flipVert=False, font='Open Sans', fontFiles=[], height=0.05, italic=False, languageStyle='LTR', name='text_6', opacity=1.0, ori=0.0, pos=array([0., 0.]), rgb=UNKNOWN, text=str(...), units='height', win=Window(...), wrapWidth=1)
13.1075 	EXP 	window1: mouseVisible = True
13.1191 	EXP 	Created yellowillusionimage = ImageStim(__class__=<class 'psychopy.visual.image.ImageStim'>, anchor=('center', 'center'), autoLog=True, color=array([1., 1., 1.]), colorSpace='rgb', contrast=1.0, depth=0.0, draggable=False, flipHoriz=False, flipVert=False, image=str(...), interpolate=True, mask=None, maskParams=None, name='yellowillusionimage', opacity=1.0, ori=0.0, pos=array([0., 0.]), size=array([0.5, 0.5]), texRes=128.0, units='height', win=Window(...))
13.1193 	EXP 	window1: mouseVisible = True
13.1280 	EXP 	Created blackroadimage = ImageStim(__class__=<class 'psychopy.visual.image.ImageStim'>, anchor=('center', 'center'), autoLog=True, color=array([1., 1., 1.]), colorSpace='rgb', contrast=1.0, depth=-1.0, draggable=False, flipHoriz=False, flipVert=False, image=str(...), interpolate=True, mask=None, maskParams=None, name='blackroadimage', opacity=1.0, ori=0.0, pos=array([0., 0.]), size=array([0.5, 0.5]), texRes=128.0, units='height', win=Window(...))
13.1282 	EXP 	window1: mouseVisible = True
13.1453 	EXP 	Created pastelimage = ImageStim(__class__=<class 'psychopy.visual.image.ImageStim'>, anchor=('center', 'center'), autoLog=True, color=array([1., 1., 1.]), colorSpace='rgb', contrast=1.0, depth=0.0, draggable=False, flipHoriz=False, flipVert=False, image=str(...), interpolate=True, mask=None, maskParams=None, name='pastelimage', opacity=1.0, ori=0.0, pos=array([0., 0.]), size=array([0.5, 0.5]), texRes=128.0, units='height', win=Window(...))
13.1455 	EXP 	window1: mouseVisible = True
13.1587 	EXP 	Created redillusionimage = ImageStim(__class__=<class 'psychopy.visual.image.ImageStim'>, anchor=('center', 'center'), autoLog=True, color=array([1., 1., 1.]), colorSpace='rgb', contrast=1.0, depth=-1.0, draggable=False, flipHoriz=False, flipVert=False, image=str(...), interpolate=True, mask=None, maskParams=None, name='redillusionimage', opacity=1.0, ori=0.0, pos=array([0., 0.]), size=array([0.5, 0.5]), texRes=128.0, units='height', win=Window(...))
13.1589 	EXP 	window1: mouseVisible = True
13.1733 	EXP 	Created whiteimage = ImageStim(__class__=<class 'psychopy.visual.image.ImageStim'>, anchor=('center', 'center'), autoLog=True, color=array([1., 1., 1.]), colorSpace='rgb', contrast=1.0, depth=0.0, draggable=False, flipHoriz=False, flipVert=False, image=str(...), interpolate=True, mask=None, maskParams=None, name='whiteimage', opacity=1.0, ori=0.0, pos=array([0., 0.]), size=array([0.5, 0.5]), texRes=128.0, units='height', win=Window(...))
13.1735 	EXP 	window1: mouseVisible = True
13.1831 	EXP 	Created yellowwhiteimage = ImageStim(__class__=<class 'psychopy.visual.image.ImageStim'>, anchor=('center', 'center'), autoLog=True, color=array([1., 1., 1.]), colorSpace='rgb', contrast=1.0, depth=-1.0, draggable=False, flipHoriz=False, flipVert=False, image=str(...), interpolate=True, mask=None, maskParams=None, name='yellowwhiteimage', opacity=1.0, ori=0.0, pos=array([0., 0.]), size=array([0.5, 0.5]), texRes=128.0, units='height', win=Window(...))
13.1833 	EXP 	window1: mouseVisible = True
13.2015 	EXP 	Created colourfulimage = ImageStim(__class__=<class 'psychopy.visual.image.ImageStim'>, anchor=('center', 'center'), autoLog=True, color=array([1., 1., 1.]), colorSpace='rgb', contrast=1.0, depth=0.0, draggable=False, flipHoriz=False, flipVert=False, image=str(...), interpolate=True, mask=None, maskParams=None, name='colourfulimage', opacity=1.0, ori=0.0, pos=array([0., 0.]), size=array([0.5, 0.5]), texRes=128.0, units='height', win=Window(...))
13.2016 	EXP 	window1: mouseVisible = True
13.2155 	EXP 	Created wallimage = ImageStim(__class__=<class 'psychopy.visual.image.ImageStim'>, anchor=('center', 'center'), autoLog=True, color=array([1., 1., 1.]), colorSpace='rgb', contrast=1.0, depth=-1.0, draggable=False, flipHoriz=False, flipVert=False, image=str(...), interpolate=True, mask=None, maskParams=None, name='wallimage', opacity=1.0, ori=0.0, pos=array([0., 0.]), size=array([0.5, 0.5]), texRes=128.0, units='height', win=Window(...))
13.2157 	EXP 	window1: mouseVisible = True
13.2256 	EXP 	Created text_7 = TextStim(__class__=<class 'psychopy.visual.text.TextStim'>, alignHoriz=method-wrapper(...), alignText='center', alignVert=method-wrapper(...), anchorHoriz='center', anchorVert='center', antialias=True, autoDraw=False, autoLog=True, bold=False, color=array([1., 1., 1.]), colorSpace='rgb', contrast=1.0, depth=0.0, draggable=False, flipHoriz=False, flipVert=False, font='Open Sans', fontFiles=[], height=0.05, italic=False, languageStyle='LTR', name='text_7', opacity=1.0, ori=0.0, pos=array([0., 0.]), rgb=UNKNOWN, text='THANK YOU :)\n', units='height', win=Window(...), wrapWidth=1)
0.0095 	EXP 	text: autoDraw = True
6.0066 	EXP 	text: autoDraw = False
6.0066 	EXP 	text_2: autoDraw = True
10.0067 	EXP 	text_2: autoDraw = False
10.0067 	EXP 	text_3: autoDraw = True
15.0514 	EXP 	text_3: autoDraw = False
15.0514 	EXP 	text: autoDraw = False
15.0514 	EXP 	text_2: autoDraw = False
15.0514 	EXP 	text_3: autoDraw = False
15.0514 	EXP 	blackroad: autoDraw = True
18.0149 	EXP 	blackroad: autoDraw = False
18.0149 	EXP 	yellowillusion: autoDraw = True
21.0070 	EXP 	yellowillusion: autoDraw = False
21.0070 	EXP 	redillusion: autoDraw = True
24.0070 	EXP 	redillusion: autoDraw = False
24.0070 	EXP 	wall: autoDraw = True
27.0073 	EXP 	wall: autoDraw = False
27.0073 	EXP 	image: autoDraw = True
30.0061 	EXP 	image: autoDraw = False
30.0061 	EXP 	blackroad: autoDraw = False
30.0061 	EXP 	yellowillusion: autoDraw = False
30.0061 	EXP 	redillusion: autoDraw = False
30.0061 	EXP 	wall: autoDraw = False
30.0061 	EXP 	image: autoDraw = False
30.0061 	EXP 	instructions: autoDraw = True
33.0064 	EXP 	instructions: autoDraw = False
33.0064 	EXP 	text_4: autoDraw = True
39.0065 	EXP 	text_4: autoDraw = False
39.0065 	EXP 	text_5: autoDraw = True
45.0066 	EXP 	text_5: autoDraw = False
45.0066 	EXP 	text_6: autoDraw = True
55.0115 	EXP 	Imported Routine1.xlsx as conditions, 2 conditions, 2 params
55.0126 	EXP 	Created sequence: random, trialTypes=2, nReps=1, seed=None
55.0131 	EXP 	New trial (rep=0, index=0): {'image': 'yellowillusionimage ', 'corr_resp': 'n'}
55.0193 	EXP 	text_6: autoDraw = False
55.0193 	EXP 	instructions: autoDraw = False
55.0193 	EXP 	text_4: autoDraw = False
55.0193 	EXP 	text_5: autoDraw = False
55.0193 	EXP 	text_6: autoDraw = False
55.0193 	EXP 	yellowillusionimage: autoDraw = True
58.0067 	EXP 	yellowillusionimage: autoDraw = False
58.0067 	EXP 	blackroadimage: autoDraw = True
58.5128 	DATA 	Keypress: r
59.0450 	DATA 	Keypress: r
60.9927 	EXP 	New trial (rep=0, index=1): {'image': 'blackroadimage', 'corr_resp': 'r'}
61.0064 	EXP 	blackroadimage: autoDraw = False
61.0064 	EXP 	yellowillusionimage: autoDraw = False
61.0064 	EXP 	blackroadimage: autoDraw = False
61.0064 	EXP 	yellowillusionimage: autoDraw = True
62.0100 	DATA 	Keypress: r
64.0066 	EXP 	yellowillusionimage: autoDraw = False
64.0066 	EXP 	blackroadimage: autoDraw = True
64.9101 	DATA 	Keypress: r
67.0052 	EXP 	Imported Routine2.xlsx as conditions, 2 conditions, 2 params
67.0062 	EXP 	Created sequence: random, trialTypes=2, nReps=1, seed=None
67.0067 	EXP 	New trial (rep=0, index=0): {'image': 'pastelimage', 'corr_resp': 'n'}
67.0134 	EXP 	blackroadimage: autoDraw = False
67.0134 	EXP 	yellowillusionimage: autoDraw = False
67.0134 	EXP 	blackroadimage: autoDraw = False
67.0134 	EXP 	pastelimage: autoDraw = True
68.3775 	DATA 	Keypress: n
70.0064 	EXP 	pastelimage: autoDraw = False
70.0064 	EXP 	redillusionimage: autoDraw = True
70.8448 	DATA 	Keypress: r
72.9942 	EXP 	New trial (rep=0, index=1): {'image': 'redillusionimage', 'corr_resp': 'r'}
73.0065 	EXP 	redillusionimage: autoDraw = False
73.0065 	EXP 	pastelimage: autoDraw = False
73.0065 	EXP 	redillusionimage: autoDraw = False
73.0065 	EXP 	pastelimage: autoDraw = True
73.6781 	DATA 	Keypress: n
76.0063 	EXP 	pastelimage: autoDraw = False
76.0063 	EXP 	redillusionimage: autoDraw = True
77.1101 	DATA 	Keypress: r
79.0054 	EXP 	Imported Routine3.xlsx as conditions, 2 conditions, 2 params
79.0063 	EXP 	Created sequence: random, trialTypes=2, nReps=1, seed=None
79.0069 	EXP 	New trial (rep=0, index=0): {'image': 'yellowwhiteimage', 'corr_resp': 'n'}
79.0136 	EXP 	redillusionimage: autoDraw = False
79.0136 	EXP 	pastelimage: autoDraw = False
79.0136 	EXP 	redillusionimage: autoDraw = False
79.0136 	EXP 	whiteimage: autoDraw = True
80.2097 	DATA 	Keypress: n
82.0062 	EXP 	whiteimage: autoDraw = False
82.0062 	EXP 	yellowwhiteimage: autoDraw = True
83.1429 	DATA 	Keypress: n
84.9939 	EXP 	New trial (rep=0, index=1): {'image': 'whiteimage', 'corr_resp': 'n'}
85.0066 	EXP 	yellowwhiteimage: autoDraw = False
85.0066 	EXP 	whiteimage: autoDraw = False
85.0066 	EXP 	yellowwhiteimage: autoDraw = False
85.0066 	EXP 	whiteimage: autoDraw = True
86.1780 	DATA 	Keypress: r
88.0061 	EXP 	whiteimage: autoDraw = False
88.0061 	EXP 	yellowwhiteimage: autoDraw = True
89.3280 	DATA 	Keypress: r
91.0118 	EXP 	Imported Routine4.xlsx as conditions, 2 conditions, 2 params
91.0130 	EXP 	Created sequence: random, trialTypes=2, nReps=1, seed=None
91.0137 	EXP 	New trial (rep=0, index=0): {'image': 'wallimage', 'corr_resp': 'n'}
91.0219 	EXP 	yellowwhiteimage: autoDraw = False
91.0219 	EXP 	whiteimage: autoDraw = False
91.0219 	EXP 	yellowwhiteimage: autoDraw = False
91.0219 	EXP 	colourfulimage: autoDraw = True
92.1113 	DATA 	Keypress: r
94.0063 	EXP 	colourfulimage: autoDraw = False
94.0063 	EXP 	wallimage: autoDraw = True
94.9274 	DATA 	Keypress: r
96.9916 	EXP 	New trial (rep=0, index=1): {'image': 'colourfulimage', 'corr_resp': 'r'}
97.0061 	EXP 	wallimage: autoDraw = False
97.0061 	EXP 	colourfulimage: autoDraw = False
97.0061 	EXP 	wallimage: autoDraw = False
97.0061 	EXP 	colourfulimage: autoDraw = True
97.7096 	DATA 	Keypress: r
100.0060 	EXP 	colourfulimage: autoDraw = False
100.0060 	EXP 	wallimage: autoDraw = True
100.8262 	DATA 	Keypress: r
103.0055 	EXP 	wallimage: autoDraw = False
103.0055 	EXP 	colourfulimage: autoDraw = False
103.0055 	EXP 	wallimage: autoDraw = False
103.0055 	EXP 	text_7: autoDraw = True
106.0053 	EXP 	text_7: autoDraw = False
106.0053 	EXP 	text_7: autoDraw = False
106.0056 	EXP 	untitledFINAL: status = STOPPED
106.2420 	EXP 	window1: mouseVisible = True
