20.3526 	WARNING 	User requested fullscreen with size [1024  768], but screen is actually [1920, 1080]. Using actual size
22.4671 	EXP 	Created window1 = Window(allowGUI=True, allowStencil=False, autoLog=True, backendConf=UNKNOWN, backgroundFit=<method-wrapper '__getattribute__' of attributeSetter object at 0x0000014801013F40>, backgroundImage=<method-wrapper '__getattribute__' of attributeSetter object at 0x0000014801013EE0>, bitsMode=UNKNOWN, blendMode='avg', bpc=(8, 8, 8), color=array([0, 0, 0]), colorSpace='rgb', depthBits=8, fullscr=<method-wrapper '__getattribute__' of attributeSetter object at 0x0000014801013D00>, gamma=None, gammaErrorPolicy='raise', lms=UNKNOWN, monitor=<psychopy.monitors.calibTools.Monitor object at 0x00000148013D9A00>, multiSample=False, name='window1', numSamples=2, pos=(0, 0), screen=0, size=array([1920, 1080]), stencilBits=0, stereo=False, title='PsychoPy', units='height', useFBO=True, useRetina=False, viewOri=0.0, viewPos=None, viewScale=None, waitBlanking=True, winType='pyglet')
22.4673 	EXP 	window1: mouseVisible = True
22.4674 	EXP 	window1: backgroundImage = ''
22.4674 	EXP 	window1: backgroundFit = 'none'
22.4738 	EXP 	window1: Attempting to measure frame rate of screen (0) ...
22.4739 	EXP 	window1: recordFrameIntervals = False
22.6325 	EXP 	window1: recordFrameIntervals = True
22.8163 	EXP 	Screen (0) actual frame rate measured at 59.95Hz
22.8164 	EXP 	window1: recordFrameIntervals = False
22.8166 	EXP 	window1: mouseVisible = False
25.8706 	EXP 	untitledFINAL: status = STARTED
25.8712 	EXP 	window1: mouseVisible = True
25.9736 	EXP 	Created text = TextStim(__class__=<class 'psychopy.visual.text.TextStim'>, alignHoriz=method-wrapper(...), alignText='center', alignVert=method-wrapper(...), anchorHoriz='center', anchorVert='center', antialias=True, autoDraw=False, autoLog=True, bold=False, color=array([1.    , 1.    , 0.8824]), colorSpace='rgb', contrast=1.0, depth=0.0, draggable=False, flipHoriz=False, flipVert=False, font='Open Sans', fontFiles=[], height=0.05, italic=False, languageStyle='LTR', name='text', opacity=1.0, ori=0.0, pos=array([0., 0.]), rgb=UNKNOWN, text=str(...), units='height', win=Window(...), wrapWidth=1)
25.9738 	EXP 	window1: mouseVisible = True
25.9903 	EXP 	Created text_2 = TextStim(__class__=<class 'psychopy.visual.text.TextStim'>, alignHoriz=method-wrapper(...), alignText='center', alignVert=method-wrapper(...), anchorHoriz='center', anchorVert='center', antialias=True, autoDraw=False, autoLog=True, bold=False, color=array([1.    , 1.    , 0.8824]), colorSpace='rgb', contrast=1.0, depth=-1.0, draggable=False, flipHoriz=False, flipVert=False, font='Open Sans', fontFiles=[], height=0.05, italic=False, languageStyle='LTR', name='text_2', opacity=1.0, ori=0.0, pos=array([0., 0.]), rgb=UNKNOWN, text="Are you ready?\n\nLet's Get Started !\n", units='height', win=Window(...), wrapWidth=1)
25.9904 	EXP 	window1: mouseVisible = True
26.0029 	EXP 	Created text_3 = TextStim(__class__=<class 'psychopy.visual.text.TextStim'>, alignHoriz=method-wrapper(...), alignText='center', alignVert=method-wrapper(...), anchorHoriz='center', anchorVert='center', antialias=True, autoDraw=False, autoLog=True, bold=False, color=array([1., 1., 1.]), colorSpace='rgb', contrast=1.0, depth=-2.0, draggable=False, flipHoriz=False, flipVert=False, font='Open Sans', fontFiles=[], height=0.05, italic=False, languageStyle='LTR', name='text_3', opacity=1.0, ori=0.0, pos=array([0., 0.]), rgb=UNKNOWN, text=str(...), units='height', win=Window(...), wrapWidth=1)
26.0031 	EXP 	window1: mouseVisible = True
26.0154 	EXP 	Created blackroad = ImageStim(__class__=<class 'psychopy.visual.image.ImageStim'>, anchor=('center', 'center'), autoLog=True, color=array([1., 1., 1.]), colorSpace='rgb', contrast=1.0, depth=0.0, draggable=False, flipHoriz=False, flipVert=False, image=str(...), interpolate=True, mask=None, maskParams=None, name='blackroad', opacity=1.0, ori=0.0, pos=array([0., 0.]), size=array([0.5, 0.5]), texRes=128.0, units='height', win=Window(...))
26.0156 	EXP 	window1: mouseVisible = True
26.0319 	EXP 	Created yellowillusion = ImageStim(__class__=<class 'psychopy.visual.image.ImageStim'>, anchor=('center', 'center'), autoLog=True, color=array([1., 1., 1.]), colorSpace='rgb', contrast=1.0, depth=-1.0, draggable=False, flipHoriz=False, flipVert=False, image=str(...), interpolate=True, mask=None, maskParams=None, name='yellowillusion', opacity=1.0, ori=0.0, pos=array([0., 0.]), size=array([0.5, 0.5]), texRes=128.0, units='height', win=Window(...))
26.0320 	EXP 	window1: mouseVisible = True
26.0501 	EXP 	Created redillusion = ImageStim(__class__=<class 'psychopy.visual.image.ImageStim'>, anchor=('center', 'center'), autoLog=True, color=array([1., 1., 1.]), colorSpace='rgb', contrast=1.0, depth=-2.0, draggable=False, flipHoriz=False, flipVert=False, image=str(...), interpolate=True, mask=None, maskParams=None, name='redillusion', opacity=1.0, ori=0.0, pos=array([0., 0.]), size=array([0.5, 0.5]), texRes=128.0, units='height', win=Window(...))
26.0502 	EXP 	window1: mouseVisible = True
26.0714 	EXP 	Created wall = ImageStim(__class__=<class 'psychopy.visual.image.ImageStim'>, anchor=('center', 'center'), autoLog=True, color=array([1., 1., 1.]), colorSpace='rgb', contrast=1.0, depth=-3.0, draggable=False, flipHoriz=False, flipVert=False, image=str(...), interpolate=True, mask=None, maskParams=None, name='wall', opacity=1.0, ori=0.0, pos=array([0., 0.]), size=array([0.5, 0.5]), texRes=128.0, units='height', win=Window(...))
26.0715 	EXP 	window1: mouseVisible = True
26.0989 	EXP 	Created image = ImageStim(__class__=<class 'psychopy.visual.image.ImageStim'>, anchor=('center', 'center'), autoLog=True, color=array([1., 1., 1.]), colorSpace='rgb', contrast=1.0, depth=-4.0, draggable=False, flipHoriz=False, flipVert=False, image=str(...), interpolate=True, mask=None, maskParams=None, name='image', opacity=1.0, ori=0.0, pos=array([0., 0.]), size=array([0.5, 0.5]), texRes=128.0, units='height', win=Window(...))
26.0991 	EXP 	window1: mouseVisible = True
26.1072 	EXP 	Created instructions = TextStim(__class__=<class 'psychopy.visual.text.TextStim'>, alignHoriz=method-wrapper(...), alignText='center', alignVert=method-wrapper(...), anchorHoriz='center', anchorVert='center', antialias=True, autoDraw=False, autoLog=True, bold=False, color=array([1., 1., 1.]), colorSpace='rgb', contrast=1.0, depth=0.0, draggable=False, flipHoriz=False, flipVert=False, font='Open Sans', fontFiles=[], height=0.05, italic=False, languageStyle='LTR', name='instructions', opacity=1.0, ori=0.0, pos=array([0., 0.]), rgb=UNKNOWN, text='I hope you love the pictures :)\n', units='height', win=Window(...), wrapWidth=1)
26.1074 	EXP 	window1: mouseVisible = True
26.1253 	EXP 	Created text_4 = TextStim(__class__=<class 'psychopy.visual.text.TextStim'>, alignHoriz=method-wrapper(...), alignText='center', alignVert=method-wrapper(...), anchorHoriz='center', anchorVert='center', antialias=True, autoDraw=False, autoLog=True, bold=False, color=array([1., 1., 1.]), colorSpace='rgb', contrast=1.0, depth=-1.0, draggable=False, flipHoriz=False, flipVert=False, font='Open Sans', fontFiles=[], height=0.05, italic=False, languageStyle='LTR', name='text_4', opacity=1.0, ori=0.0, pos=array([0., 0.]), rgb=UNKNOWN, text=str(...), units='height', win=Window(...), wrapWidth=1)
26.1255 	EXP 	window1: mouseVisible = True
26.1397 	EXP 	Created text_5 = TextStim(__class__=<class 'psychopy.visual.text.TextStim'>, alignHoriz=method-wrapper(...), alignText='center', alignVert=method-wrapper(...), anchorHoriz='center', anchorVert='center', antialias=True, autoDraw=False, autoLog=True, bold=False, color=array([1., 1., 1.]), colorSpace='rgb', contrast=1.0, depth=-2.0, draggable=False, flipHoriz=False, flipVert=False, font='Open Sans', fontFiles=[], height=0.05, italic=False, languageStyle='LTR', name='text_5', opacity=1.0, ori=0.0, pos=array([0., 0.]), rgb=UNKNOWN, text=str(...), units='height', win=Window(...), wrapWidth=1)
26.1399 	EXP 	window1: mouseVisible = True
26.1661 	EXP 	Created text_6 = TextStim(__class__=<class 'psychopy.visual.text.TextStim'>, alignHoriz=method-wrapper(...), alignText='center', alignVert=method-wrapper(...), anchorHoriz='center', anchorVert='center', antialias=True, autoDraw=False, autoLog=True, bold=False, color=array([1., 1., 1.]), colorSpace='rgb', contrast=1.0, depth=-3.0, draggable=False, flipHoriz=False, flipVert=False, font='Open Sans', fontFiles=[], height=0.05, italic=False, languageStyle='LTR', name='text_6', opacity=1.0, ori=0.0, pos=array([0., 0.]), rgb=UNKNOWN, text=str(...), units='height', win=Window(...), wrapWidth=1)
26.1663 	EXP 	window1: mouseVisible = True
26.1776 	EXP 	Created yellowillusionimage = ImageStim(__class__=<class 'psychopy.visual.image.ImageStim'>, anchor=('center', 'center'), autoLog=True, color=array([1., 1., 1.]), colorSpace='rgb', contrast=1.0, depth=0.0, draggable=False, flipHoriz=False, flipVert=False, image=str(...), interpolate=True, mask=None, maskParams=None, name='yellowillusionimage', opacity=1.0, ori=0.0, pos=array([0., 0.]), size=array([0.5, 0.5]), texRes=128.0, units='height', win=Window(...))
26.1778 	EXP 	window1: mouseVisible = True
26.1866 	EXP 	Created blackroadimage = ImageStim(__class__=<class 'psychopy.visual.image.ImageStim'>, anchor=('center', 'center'), autoLog=True, color=array([1., 1., 1.]), colorSpace='rgb', contrast=1.0, depth=-1.0, draggable=False, flipHoriz=False, flipVert=False, image=str(...), interpolate=True, mask=None, maskParams=None, name='blackroadimage', opacity=1.0, ori=0.0, pos=array([0., 0.]), size=array([0.5, 0.5]), texRes=128.0, units='height', win=Window(...))
26.1868 	EXP 	window1: mouseVisible = True
26.2023 	EXP 	Created pastelimage = ImageStim(__class__=<class 'psychopy.visual.image.ImageStim'>, anchor=('center', 'center'), autoLog=True, color=array([1., 1., 1.]), colorSpace='rgb', contrast=1.0, depth=0.0, draggable=False, flipHoriz=False, flipVert=False, image=str(...), interpolate=True, mask=None, maskParams=None, name='pastelimage', opacity=1.0, ori=0.0, pos=array([0., 0.]), size=array([0.5, 0.5]), texRes=128.0, units='height', win=Window(...))
26.2025 	EXP 	window1: mouseVisible = True
26.2161 	EXP 	Created redillusionimage = ImageStim(__class__=<class 'psychopy.visual.image.ImageStim'>, anchor=('center', 'center'), autoLog=True, color=array([1., 1., 1.]), colorSpace='rgb', contrast=1.0, depth=-1.0, draggable=False, flipHoriz=False, flipVert=False, image=str(...), interpolate=True, mask=None, maskParams=None, name='redillusionimage', opacity=1.0, ori=0.0, pos=array([0., 0.]), size=array([0.5, 0.5]), texRes=128.0, units='height', win=Window(...))
26.2163 	EXP 	window1: mouseVisible = True
26.2306 	EXP 	Created whiteimage = ImageStim(__class__=<class 'psychopy.visual.image.ImageStim'>, anchor=('center', 'center'), autoLog=True, color=array([1., 1., 1.]), colorSpace='rgb', contrast=1.0, depth=0.0, draggable=False, flipHoriz=False, flipVert=False, image=str(...), interpolate=True, mask=None, maskParams=None, name='whiteimage', opacity=1.0, ori=0.0, pos=array([0., 0.]), size=array([0.5, 0.5]), texRes=128.0, units='height', win=Window(...))
26.2307 	EXP 	window1: mouseVisible = True
26.2397 	EXP 	Created yellowwhiteimage = ImageStim(__class__=<class 'psychopy.visual.image.ImageStim'>, anchor=('center', 'center'), autoLog=True, color=array([1., 1., 1.]), colorSpace='rgb', contrast=1.0, depth=-1.0, draggable=False, flipHoriz=False, flipVert=False, image=str(...), interpolate=True, mask=None, maskParams=None, name='yellowwhiteimage', opacity=1.0, ori=0.0, pos=array([0., 0.]), size=array([0.5, 0.5]), texRes=128.0, units='height', win=Window(...))
26.2399 	EXP 	window1: mouseVisible = True
26.2583 	EXP 	Created colourfulimage = ImageStim(__class__=<class 'psychopy.visual.image.ImageStim'>, anchor=('center', 'center'), autoLog=True, color=array([1., 1., 1.]), colorSpace='rgb', contrast=1.0, depth=0.0, draggable=False, flipHoriz=False, flipVert=False, image=str(...), interpolate=True, mask=None, maskParams=None, name='colourfulimage', opacity=1.0, ori=0.0, pos=array([0., 0.]), size=array([0.5, 0.5]), texRes=128.0, units='height', win=Window(...))
26.2585 	EXP 	window1: mouseVisible = True
26.2726 	EXP 	Created wallimage = ImageStim(__class__=<class 'psychopy.visual.image.ImageStim'>, anchor=('center', 'center'), autoLog=True, color=array([1., 1., 1.]), colorSpace='rgb', contrast=1.0, depth=-1.0, draggable=False, flipHoriz=False, flipVert=False, image=str(...), interpolate=True, mask=None, maskParams=None, name='wallimage', opacity=1.0, ori=0.0, pos=array([0., 0.]), size=array([0.5, 0.5]), texRes=128.0, units='height', win=Window(...))
26.2728 	EXP 	window1: mouseVisible = True
26.2826 	EXP 	Created text_7 = TextStim(__class__=<class 'psychopy.visual.text.TextStim'>, alignHoriz=method-wrapper(...), alignText='center', alignVert=method-wrapper(...), anchorHoriz='center', anchorVert='center', antialias=True, autoDraw=False, autoLog=True, bold=False, color=array([1., 1., 1.]), colorSpace='rgb', contrast=1.0, depth=0.0, draggable=False, flipHoriz=False, flipVert=False, font='Open Sans', fontFiles=[], height=0.05, italic=False, languageStyle='LTR', name='text_7', opacity=1.0, ori=0.0, pos=array([0., 0.]), rgb=UNKNOWN, text='THANK YOU :)\n', units='height', win=Window(...), wrapWidth=1)
0.0114 	EXP 	text: autoDraw = True
5.9996 	EXP 	text: autoDraw = False
5.9996 	EXP 	text_2: autoDraw = True
10.0160 	EXP 	text_2: autoDraw = False
10.0160 	EXP 	text_3: autoDraw = True
15.0335 	EXP 	text_3: autoDraw = False
15.0335 	EXP 	text: autoDraw = False
15.0335 	EXP 	text_2: autoDraw = False
15.0335 	EXP 	text_3: autoDraw = False
15.0335 	EXP 	blackroad: autoDraw = True
17.9998 	EXP 	blackroad: autoDraw = False
17.9998 	EXP 	yellowillusion: autoDraw = True
20.9999 	EXP 	yellowillusion: autoDraw = False
20.9999 	EXP 	redillusion: autoDraw = True
23.9999 	EXP 	redillusion: autoDraw = False
23.9999 	EXP 	wall: autoDraw = True
26.9998 	EXP 	wall: autoDraw = False
26.9998 	EXP 	image: autoDraw = True
29.9993 	EXP 	image: autoDraw = False
29.9993 	EXP 	blackroad: autoDraw = False
29.9993 	EXP 	yellowillusion: autoDraw = False
29.9993 	EXP 	redillusion: autoDraw = False
29.9993 	EXP 	wall: autoDraw = False
29.9993 	EXP 	image: autoDraw = False
29.9993 	EXP 	instructions: autoDraw = True
33.0160 	EXP 	instructions: autoDraw = False
33.0160 	EXP 	text_4: autoDraw = True
39.0160 	EXP 	text_4: autoDraw = False
39.0160 	EXP 	text_5: autoDraw = True
45.0160 	EXP 	text_5: autoDraw = False
45.0160 	EXP 	text_6: autoDraw = True
55.0107 	EXP 	Imported Routine1.xlsx as conditions, 2 conditions, 2 params
55.0115 	EXP 	Created sequence: random, trialTypes=2, nReps=1, seed=None
55.0120 	EXP 	New trial (rep=0, index=0): {'image': 'yellowillusionimage ', 'corr_resp': 'n'}
55.0176 	EXP 	text_6: autoDraw = False
55.0176 	EXP 	instructions: autoDraw = False
55.0176 	EXP 	text_4: autoDraw = False
55.0176 	EXP 	text_5: autoDraw = False
55.0176 	EXP 	text_6: autoDraw = False
55.0176 	EXP 	yellowillusionimage: autoDraw = True
58.0163 	EXP 	yellowillusionimage: autoDraw = False
58.0163 	EXP 	blackroadimage: autoDraw = True
61.0009 	EXP 	New trial (rep=0, index=1): {'image': 'blackroadimage', 'corr_resp': 'r'}
61.0160 	EXP 	blackroadimage: autoDraw = False
61.0160 	EXP 	yellowillusionimage: autoDraw = False
61.0160 	EXP 	blackroadimage: autoDraw = False
61.0160 	EXP 	yellowillusionimage: autoDraw = True
64.0160 	EXP 	yellowillusionimage: autoDraw = False
64.0160 	EXP 	blackroadimage: autoDraw = True
67.0065 	EXP 	Imported Routine2.xlsx as conditions, 2 conditions, 2 params
67.0070 	EXP 	Created sequence: random, trialTypes=2, nReps=1, seed=None
67.0072 	EXP 	New trial (rep=0, index=0): {'image': 'redillusionimage', 'corr_resp': 'r'}
67.0161 	EXP 	blackroadimage: autoDraw = False
67.0161 	EXP 	yellowillusionimage: autoDraw = False
67.0161 	EXP 	blackroadimage: autoDraw = False
67.0161 	EXP 	pastelimage: autoDraw = True
70.0161 	EXP 	pastelimage: autoDraw = False
70.0161 	EXP 	redillusionimage: autoDraw = True
73.0008 	EXP 	New trial (rep=0, index=1): {'image': 'pastelimage', 'corr_resp': 'n'}
73.0159 	EXP 	redillusionimage: autoDraw = False
73.0159 	EXP 	pastelimage: autoDraw = False
73.0159 	EXP 	redillusionimage: autoDraw = False
73.0159 	EXP 	pastelimage: autoDraw = True
76.0160 	EXP 	pastelimage: autoDraw = False
76.0160 	EXP 	redillusionimage: autoDraw = True
79.0074 	EXP 	Imported Routine3.xlsx as conditions, 2 conditions, 2 params
79.0079 	EXP 	Created sequence: random, trialTypes=2, nReps=1, seed=None
79.0082 	EXP 	New trial (rep=0, index=0): {'image': 'whiteimage', 'corr_resp': 'n'}
79.0159 	EXP 	redillusionimage: autoDraw = False
79.0159 	EXP 	pastelimage: autoDraw = False
79.0159 	EXP 	redillusionimage: autoDraw = False
79.0159 	EXP 	whiteimage: autoDraw = True
82.0157 	EXP 	whiteimage: autoDraw = False
82.0157 	EXP 	yellowwhiteimage: autoDraw = True
85.0009 	EXP 	New trial (rep=0, index=1): {'image': 'yellowwhiteimage', 'corr_resp': 'n'}
85.0159 	EXP 	yellowwhiteimage: autoDraw = False
85.0159 	EXP 	whiteimage: autoDraw = False
85.0159 	EXP 	yellowwhiteimage: autoDraw = False
85.0159 	EXP 	whiteimage: autoDraw = True
88.0157 	EXP 	whiteimage: autoDraw = False
88.0157 	EXP 	yellowwhiteimage: autoDraw = True
91.0096 	EXP 	Imported Routine4.xlsx as conditions, 2 conditions, 2 params
91.0102 	EXP 	Created sequence: random, trialTypes=2, nReps=1, seed=None
91.0106 	EXP 	New trial (rep=0, index=0): {'image': 'wallimage', 'corr_resp': 'n'}
91.0164 	EXP 	yellowwhiteimage: autoDraw = False
91.0164 	EXP 	whiteimage: autoDraw = False
91.0164 	EXP 	yellowwhiteimage: autoDraw = False
91.0164 	EXP 	colourfulimage: autoDraw = True
94.0158 	EXP 	colourfulimage: autoDraw = False
94.0158 	EXP 	wallimage: autoDraw = True
97.0009 	EXP 	New trial (rep=0, index=1): {'image': 'colourfulimage', 'corr_resp': 'r'}
97.0157 	EXP 	wallimage: autoDraw = False
97.0157 	EXP 	colourfulimage: autoDraw = False
97.0157 	EXP 	wallimage: autoDraw = False
97.0157 	EXP 	colourfulimage: autoDraw = True
100.0157 	EXP 	colourfulimage: autoDraw = False
100.0157 	EXP 	wallimage: autoDraw = True
103.0151 	EXP 	wallimage: autoDraw = False
103.0151 	EXP 	colourfulimage: autoDraw = False
103.0151 	EXP 	wallimage: autoDraw = False
103.0151 	EXP 	text_7: autoDraw = True
106.0150 	EXP 	text_7: autoDraw = False
106.0150 	EXP 	text_7: autoDraw = False
106.0152 	EXP 	untitledFINAL: status = STOPPED
106.1304 	EXP 	window1: mouseVisible = True
