7.6406 	WARNING 	User requested fullscreen with size [1024  768], but screen is actually [1920, 1080]. Using actual size
9.7998 	EXP 	Created window1 = Window(allowGUI=True, allowStencil=False, autoLog=True, backendConf=UNKNOWN, backgroundFit=<method-wrapper '__getattribute__' of attributeSetter object at 0x000001B6E0A64100>, backgroundImage=<method-wrapper '__getattribute__' of attributeSetter object at 0x000001B6E0A640A0>, bitsMode=UNKNOWN, blendMode='avg', bpc=(8, 8, 8), color=array([0, 0, 0]), colorSpace='rgb', depthBits=8, fullscr=<method-wrapper '__getattribute__' of attributeSetter object at 0x000001B6E0A51F40>, gamma=None, gammaErrorPolicy='raise', lms=UNKNOWN, monitor=<psychopy.monitors.calibTools.Monitor object at 0x000001B6E0DF9BE0>, multiSample=False, name='window1', numSamples=2, pos=(0, 0), screen=0, size=array([1920, 1080]), stencilBits=0, stereo=False, title='PsychoPy', units='height', useFBO=True, useRetina=False, viewOri=0.0, viewPos=None, viewScale=None, waitBlanking=True, winType='pyglet')
9.8000 	EXP 	window1: mouseVisible = True
9.8000 	EXP 	window1: backgroundImage = ''
9.8000 	EXP 	window1: backgroundFit = 'none'
9.8042 	EXP 	window1: Attempting to measure frame rate of screen (0) ...
9.8042 	EXP 	window1: recordFrameIntervals = False
9.9652 	EXP 	window1: recordFrameIntervals = True
10.1492 	EXP 	Screen (0) actual frame rate measured at 59.86Hz
10.1493 	EXP 	window1: recordFrameIntervals = False
10.1496 	EXP 	window1: mouseVisible = False
13.0306 	EXP 	untitledFINAL: status = STARTED
13.0316 	EXP 	window1: mouseVisible = True
13.1397 	EXP 	Created text = TextStim(__class__=<class 'psychopy.visual.text.TextStim'>, alignHoriz=method-wrapper(...), alignText='center', alignVert=method-wrapper(...), anchorHoriz='center', anchorVert='center', antialias=True, autoDraw=False, autoLog=True, bold=False, color=array([1.    , 1.    , 0.8824]), colorSpace='rgb', contrast=1.0, depth=0.0, draggable=False, flipHoriz=False, flipVert=False, font='Open Sans', fontFiles=[], height=0.05, italic=False, languageStyle='LTR', name='text', opacity=1.0, ori=0.0, pos=array([0., 0.]), rgb=UNKNOWN, text=str(...), units='height', win=Window(...), wrapWidth=1)
13.1399 	EXP 	window1: mouseVisible = True
13.1571 	EXP 	Created text_2 = TextStim(__class__=<class 'psychopy.visual.text.TextStim'>, alignHoriz=method-wrapper(...), alignText='center', alignVert=method-wrapper(...), anchorHoriz='center', anchorVert='center', antialias=True, autoDraw=False, autoLog=True, bold=False, color=array([1.    , 1.    , 0.8824]), colorSpace='rgb', contrast=1.0, depth=-1.0, draggable=False, flipHoriz=False, flipVert=False, font='Open Sans', fontFiles=[], height=0.05, italic=False, languageStyle='LTR', name='text_2', opacity=1.0, ori=0.0, pos=array([0., 0.]), rgb=UNKNOWN, text="Are you ready?\n\nLet's Get Started !\n", units='height', win=Window(...), wrapWidth=1)
13.1573 	EXP 	window1: mouseVisible = True
13.1703 	EXP 	Created text_3 = TextStim(__class__=<class 'psychopy.visual.text.TextStim'>, alignHoriz=method-wrapper(...), alignText='center', alignVert=method-wrapper(...), anchorHoriz='center', anchorVert='center', antialias=True, autoDraw=False, autoLog=True, bold=False, color=array([1., 1., 1.]), colorSpace='rgb', contrast=1.0, depth=-2.0, draggable=False, flipHoriz=False, flipVert=False, font='Open Sans', fontFiles=[], height=0.05, italic=False, languageStyle='LTR', name='text_3', opacity=1.0, ori=0.0, pos=array([0., 0.]), rgb=UNKNOWN, text=str(...), units='height', win=Window(...), wrapWidth=1)
13.1705 	EXP 	window1: mouseVisible = True
13.1835 	EXP 	Created blackroad = ImageStim(__class__=<class 'psychopy.visual.image.ImageStim'>, anchor=('center', 'center'), autoLog=True, color=array([1., 1., 1.]), colorSpace='rgb', contrast=1.0, depth=0.0, draggable=False, flipHoriz=False, flipVert=False, image=str(...), interpolate=True, mask=None, maskParams=None, name='blackroad', opacity=1.0, ori=0.0, pos=array([0., 0.]), size=array([0.5, 0.5]), texRes=128.0, units='height', win=Window(...))
13.1837 	EXP 	window1: mouseVisible = True
13.2015 	EXP 	Created yellowillusion = ImageStim(__class__=<class 'psychopy.visual.image.ImageStim'>, anchor=('center', 'center'), autoLog=True, color=array([1., 1., 1.]), colorSpace='rgb', contrast=1.0, depth=-1.0, draggable=False, flipHoriz=False, flipVert=False, image=str(...), interpolate=True, mask=None, maskParams=None, name='yellowillusion', opacity=1.0, ori=0.0, pos=array([0., 0.]), size=array([0.5, 0.5]), texRes=128.0, units='height', win=Window(...))
13.2018 	EXP 	window1: mouseVisible = True
13.2221 	EXP 	Created redillusion = ImageStim(__class__=<class 'psychopy.visual.image.ImageStim'>, anchor=('center', 'center'), autoLog=True, color=array([1., 1., 1.]), colorSpace='rgb', contrast=1.0, depth=-2.0, draggable=False, flipHoriz=False, flipVert=False, image=str(...), interpolate=True, mask=None, maskParams=None, name='redillusion', opacity=1.0, ori=0.0, pos=array([0., 0.]), size=array([0.5, 0.5]), texRes=128.0, units='height', win=Window(...))
13.2223 	EXP 	window1: mouseVisible = True
13.2439 	EXP 	Created wall = ImageStim(__class__=<class 'psychopy.visual.image.ImageStim'>, anchor=('center', 'center'), autoLog=True, color=array([1., 1., 1.]), colorSpace='rgb', contrast=1.0, depth=-3.0, draggable=False, flipHoriz=False, flipVert=False, image=str(...), interpolate=True, mask=None, maskParams=None, name='wall', opacity=1.0, ori=0.0, pos=array([0., 0.]), size=array([0.5, 0.5]), texRes=128.0, units='height', win=Window(...))
13.2441 	EXP 	window1: mouseVisible = True
13.2783 	EXP 	Created image = ImageStim(__class__=<class 'psychopy.visual.image.ImageStim'>, anchor=('center', 'center'), autoLog=True, color=array([1., 1., 1.]), colorSpace='rgb', contrast=1.0, depth=-4.0, draggable=False, flipHoriz=False, flipVert=False, image=str(...), interpolate=True, mask=None, maskParams=None, name='image', opacity=1.0, ori=0.0, pos=array([0., 0.]), size=array([0.5, 0.5]), texRes=128.0, units='height', win=Window(...))
13.2785 	EXP 	window1: mouseVisible = True
13.2869 	EXP 	Created instructions = TextStim(__class__=<class 'psychopy.visual.text.TextStim'>, alignHoriz=method-wrapper(...), alignText='center', alignVert=method-wrapper(...), anchorHoriz='center', anchorVert='center', antialias=True, autoDraw=False, autoLog=True, bold=False, color=array([1., 1., 1.]), colorSpace='rgb', contrast=1.0, depth=0.0, draggable=False, flipHoriz=False, flipVert=False, font='Open Sans', fontFiles=[], height=0.05, italic=False, languageStyle='LTR', name='instructions', opacity=1.0, ori=0.0, pos=array([0., 0.]), rgb=UNKNOWN, text='I hope you love the pictures :)\n', units='height', win=Window(...), wrapWidth=1)
13.2871 	EXP 	window1: mouseVisible = True
13.3057 	EXP 	Created text_4 = TextStim(__class__=<class 'psychopy.visual.text.TextStim'>, alignHoriz=method-wrapper(...), alignText='center', alignVert=method-wrapper(...), anchorHoriz='center', anchorVert='center', antialias=True, autoDraw=False, autoLog=True, bold=False, color=array([1., 1., 1.]), colorSpace='rgb', contrast=1.0, depth=-1.0, draggable=False, flipHoriz=False, flipVert=False, font='Open Sans', fontFiles=[], height=0.05, italic=False, languageStyle='LTR', name='text_4', opacity=1.0, ori=0.0, pos=array([0., 0.]), rgb=UNKNOWN, text=str(...), units='height', win=Window(...), wrapWidth=1)
13.3059 	EXP 	window1: mouseVisible = True
13.3209 	EXP 	Created text_5 = TextStim(__class__=<class 'psychopy.visual.text.TextStim'>, alignHoriz=method-wrapper(...), alignText='center', alignVert=method-wrapper(...), anchorHoriz='center', anchorVert='center', antialias=True, autoDraw=False, autoLog=True, bold=False, color=array([1., 1., 1.]), colorSpace='rgb', contrast=1.0, depth=-2.0, draggable=False, flipHoriz=False, flipVert=False, font='Open Sans', fontFiles=[], height=0.05, italic=False, languageStyle='LTR', name='text_5', opacity=1.0, ori=0.0, pos=array([0., 0.]), rgb=UNKNOWN, text=str(...), units='height', win=Window(...), wrapWidth=1)
13.3211 	EXP 	window1: mouseVisible = True
13.3498 	EXP 	Created text_6 = TextStim(__class__=<class 'psychopy.visual.text.TextStim'>, alignHoriz=method-wrapper(...), alignText='center', alignVert=method-wrapper(...), anchorHoriz='center', anchorVert='center', antialias=True, autoDraw=False, autoLog=True, bold=False, color=array([1., 1., 1.]), colorSpace='rgb', contrast=1.0, depth=-3.0, draggable=False, flipHoriz=False, flipVert=False, font='Open Sans', fontFiles=[], height=0.05, italic=False, languageStyle='LTR', name='text_6', opacity=1.0, ori=0.0, pos=array([0., 0.]), rgb=UNKNOWN, text=str(...), units='height', win=Window(...), wrapWidth=1)
13.3500 	EXP 	window1: mouseVisible = True
13.3621 	EXP 	Created yellowillusionimage = ImageStim(__class__=<class 'psychopy.visual.image.ImageStim'>, anchor=('center', 'center'), autoLog=True, color=array([1., 1., 1.]), colorSpace='rgb', contrast=1.0, depth=0.0, draggable=False, flipHoriz=False, flipVert=False, image=str(...), interpolate=True, mask=None, maskParams=None, name='yellowillusionimage', opacity=1.0, ori=0.0, pos=array([0., 0.]), size=array([0.5, 0.5]), texRes=128.0, units='height', win=Window(...))
13.3623 	EXP 	window1: mouseVisible = True
13.3718 	EXP 	Created blackroadimage = ImageStim(__class__=<class 'psychopy.visual.image.ImageStim'>, anchor=('center', 'center'), autoLog=True, color=array([1., 1., 1.]), colorSpace='rgb', contrast=1.0, depth=-1.0, draggable=False, flipHoriz=False, flipVert=False, image=str(...), interpolate=True, mask=None, maskParams=None, name='blackroadimage', opacity=1.0, ori=0.0, pos=array([0., 0.]), size=array([0.5, 0.5]), texRes=128.0, units='height', win=Window(...))
13.3720 	EXP 	window1: mouseVisible = True
13.3887 	EXP 	Created pastelimage = ImageStim(__class__=<class 'psychopy.visual.image.ImageStim'>, anchor=('center', 'center'), autoLog=True, color=array([1., 1., 1.]), colorSpace='rgb', contrast=1.0, depth=0.0, draggable=False, flipHoriz=False, flipVert=False, image=str(...), interpolate=True, mask=None, maskParams=None, name='pastelimage', opacity=1.0, ori=0.0, pos=array([0., 0.]), size=array([0.5, 0.5]), texRes=128.0, units='height', win=Window(...))
13.3889 	EXP 	window1: mouseVisible = True
13.4024 	EXP 	Created redillusionimage = ImageStim(__class__=<class 'psychopy.visual.image.ImageStim'>, anchor=('center', 'center'), autoLog=True, color=array([1., 1., 1.]), colorSpace='rgb', contrast=1.0, depth=-1.0, draggable=False, flipHoriz=False, flipVert=False, image=str(...), interpolate=True, mask=None, maskParams=None, name='redillusionimage', opacity=1.0, ori=0.0, pos=array([0., 0.]), size=array([0.5, 0.5]), texRes=128.0, units='height', win=Window(...))
13.4026 	EXP 	window1: mouseVisible = True
13.4176 	EXP 	Created whiteimage = ImageStim(__class__=<class 'psychopy.visual.image.ImageStim'>, anchor=('center', 'center'), autoLog=True, color=array([1., 1., 1.]), colorSpace='rgb', contrast=1.0, depth=0.0, draggable=False, flipHoriz=False, flipVert=False, image=str(...), interpolate=True, mask=None, maskParams=None, name='whiteimage', opacity=1.0, ori=0.0, pos=array([0., 0.]), size=array([0.5, 0.5]), texRes=128.0, units='height', win=Window(...))
13.4177 	EXP 	window1: mouseVisible = True
13.4271 	EXP 	Created yellowwhiteimage = ImageStim(__class__=<class 'psychopy.visual.image.ImageStim'>, anchor=('center', 'center'), autoLog=True, color=array([1., 1., 1.]), colorSpace='rgb', contrast=1.0, depth=-1.0, draggable=False, flipHoriz=False, flipVert=False, image=str(...), interpolate=True, mask=None, maskParams=None, name='yellowwhiteimage', opacity=1.0, ori=0.0, pos=array([0., 0.]), size=array([0.5, 0.5]), texRes=128.0, units='height', win=Window(...))
13.4273 	EXP 	window1: mouseVisible = True
13.4480 	EXP 	Created colourfulimage = ImageStim(__class__=<class 'psychopy.visual.image.ImageStim'>, anchor=('center', 'center'), autoLog=True, color=array([1., 1., 1.]), colorSpace='rgb', contrast=1.0, depth=0.0, draggable=False, flipHoriz=False, flipVert=False, image=str(...), interpolate=True, mask=None, maskParams=None, name='colourfulimage', opacity=1.0, ori=0.0, pos=array([0., 0.]), size=array([0.5, 0.5]), texRes=128.0, units='height', win=Window(...))
13.4482 	EXP 	window1: mouseVisible = True
13.4623 	EXP 	Created wallimage = ImageStim(__class__=<class 'psychopy.visual.image.ImageStim'>, anchor=('center', 'center'), autoLog=True, color=array([1., 1., 1.]), colorSpace='rgb', contrast=1.0, depth=-1.0, draggable=False, flipHoriz=False, flipVert=False, image=str(...), interpolate=True, mask=None, maskParams=None, name='wallimage', opacity=1.0, ori=0.0, pos=array([0., 0.]), size=array([0.5, 0.5]), texRes=128.0, units='height', win=Window(...))
13.4626 	EXP 	window1: mouseVisible = True
13.4723 	EXP 	Created text_7 = TextStim(__class__=<class 'psychopy.visual.text.TextStim'>, alignHoriz=method-wrapper(...), alignText='center', alignVert=method-wrapper(...), anchorHoriz='center', anchorVert='center', antialias=True, autoDraw=False, autoLog=True, bold=False, color=array([1., 1., 1.]), colorSpace='rgb', contrast=1.0, depth=0.0, draggable=False, flipHoriz=False, flipVert=False, font='Open Sans', fontFiles=[], height=0.05, italic=False, languageStyle='LTR', name='text_7', opacity=1.0, ori=0.0, pos=array([0., 0.]), rgb=UNKNOWN, text='THANK YOU :)\n', units='height', win=Window(...), wrapWidth=1)
0.0092 	EXP 	text: autoDraw = True
6.0093 	EXP 	text: autoDraw = False
6.0093 	EXP 	text_2: autoDraw = True
10.0092 	EXP 	text_2: autoDraw = False
10.0092 	EXP 	text_3: autoDraw = True
15.0518 	EXP 	text_3: autoDraw = False
15.0518 	EXP 	text: autoDraw = False
15.0518 	EXP 	text_2: autoDraw = False
15.0518 	EXP 	text_3: autoDraw = False
15.0518 	EXP 	blackroad: autoDraw = True
18.0115 	EXP 	blackroad: autoDraw = False
18.0115 	EXP 	yellowillusion: autoDraw = True
21.0098 	EXP 	yellowillusion: autoDraw = False
21.0098 	EXP 	redillusion: autoDraw = True
24.0097 	EXP 	redillusion: autoDraw = False
24.0097 	EXP 	wall: autoDraw = True
27.0098 	EXP 	wall: autoDraw = False
27.0098 	EXP 	image: autoDraw = True
30.0091 	EXP 	image: autoDraw = False
30.0091 	EXP 	blackroad: autoDraw = False
30.0091 	EXP 	yellowillusion: autoDraw = False
30.0091 	EXP 	redillusion: autoDraw = False
30.0091 	EXP 	wall: autoDraw = False
30.0091 	EXP 	image: autoDraw = False
30.0091 	EXP 	instructions: autoDraw = True
33.0094 	EXP 	instructions: autoDraw = False
33.0094 	EXP 	text_4: autoDraw = True
39.0092 	EXP 	text_4: autoDraw = False
39.0092 	EXP 	text_5: autoDraw = True
45.0093 	EXP 	text_5: autoDraw = False
45.0093 	EXP 	text_6: autoDraw = True
55.0120 	EXP 	Imported Routine1.xlsx as conditions, 2 conditions, 2 params
55.0128 	EXP 	Created sequence: random, trialTypes=2, nReps=1, seed=None
55.0131 	EXP 	New trial (rep=0, index=0): {'image': 'yellowillusionimage ', 'corr_resp': 'n'}
55.0183 	EXP 	text_6: autoDraw = False
55.0183 	EXP 	instructions: autoDraw = False
55.0183 	EXP 	text_4: autoDraw = False
55.0183 	EXP 	text_5: autoDraw = False
55.0183 	EXP 	text_6: autoDraw = False
55.0183 	EXP 	yellowillusionimage: autoDraw = True
57.1130 	DATA 	Keypress: r
58.0094 	EXP 	yellowillusionimage: autoDraw = False
58.0094 	EXP 	blackroadimage: autoDraw = True
59.8797 	DATA 	Keypress: r
60.9960 	EXP 	New trial (rep=0, index=1): {'image': 'blackroadimage', 'corr_resp': 'r'}
61.0095 	EXP 	blackroadimage: autoDraw = False
61.0095 	EXP 	yellowillusionimage: autoDraw = False
61.0095 	EXP 	blackroadimage: autoDraw = False
61.0095 	EXP 	yellowillusionimage: autoDraw = True
64.0094 	EXP 	yellowillusionimage: autoDraw = False
64.0094 	EXP 	blackroadimage: autoDraw = True
64.2966 	DATA 	Keypress: r
64.8465 	DATA 	Keypress: r
67.0074 	EXP 	Imported Routine2.xlsx as conditions, 2 conditions, 2 params
67.0084 	EXP 	Created sequence: random, trialTypes=2, nReps=1, seed=None
67.0089 	EXP 	New trial (rep=0, index=0): {'image': 'pastelimage', 'corr_resp': 'n'}
67.0158 	EXP 	blackroadimage: autoDraw = False
67.0158 	EXP 	yellowillusionimage: autoDraw = False
67.0158 	EXP 	blackroadimage: autoDraw = False
67.0158 	EXP 	pastelimage: autoDraw = True
68.9131 	DATA 	Keypress: n
70.0098 	EXP 	pastelimage: autoDraw = False
70.0098 	EXP 	redillusionimage: autoDraw = True
71.3296 	DATA 	Keypress: r
72.9957 	EXP 	New trial (rep=0, index=1): {'image': 'redillusionimage', 'corr_resp': 'r'}
73.0091 	EXP 	redillusionimage: autoDraw = False
73.0091 	EXP 	pastelimage: autoDraw = False
73.0091 	EXP 	redillusionimage: autoDraw = False
73.0091 	EXP 	pastelimage: autoDraw = True
75.4628 	DATA 	Keypress: n
76.0093 	EXP 	pastelimage: autoDraw = False
76.0093 	EXP 	redillusionimage: autoDraw = True
78.2635 	DATA 	Keypress: r
79.0078 	EXP 	Imported Routine3.xlsx as conditions, 2 conditions, 2 params
79.0088 	EXP 	Created sequence: random, trialTypes=2, nReps=1, seed=None
79.0093 	EXP 	New trial (rep=0, index=0): {'image': 'whiteimage', 'corr_resp': 'n'}
79.0160 	EXP 	redillusionimage: autoDraw = False
79.0160 	EXP 	pastelimage: autoDraw = False
79.0160 	EXP 	redillusionimage: autoDraw = False
79.0160 	EXP 	whiteimage: autoDraw = True
80.4963 	DATA 	Keypress: n
82.0090 	EXP 	whiteimage: autoDraw = False
82.0090 	EXP 	yellowwhiteimage: autoDraw = True
83.8293 	DATA 	Keypress: n
84.9955 	EXP 	New trial (rep=0, index=1): {'image': 'yellowwhiteimage', 'corr_resp': 'n'}
85.0091 	EXP 	yellowwhiteimage: autoDraw = False
85.0091 	EXP 	whiteimage: autoDraw = False
85.0091 	EXP 	yellowwhiteimage: autoDraw = False
85.0091 	EXP 	whiteimage: autoDraw = True
86.5295 	DATA 	Keypress: n
88.0089 	EXP 	whiteimage: autoDraw = False
88.0089 	EXP 	yellowwhiteimage: autoDraw = True
91.0106 	EXP 	Imported Routine4.xlsx as conditions, 2 conditions, 2 params
91.0113 	EXP 	Created sequence: random, trialTypes=2, nReps=1, seed=None
91.0117 	EXP 	New trial (rep=0, index=0): {'image': 'wallimage', 'corr_resp': 'n'}
91.0177 	EXP 	yellowwhiteimage: autoDraw = False
91.0177 	EXP 	whiteimage: autoDraw = False
91.0177 	EXP 	yellowwhiteimage: autoDraw = False
91.0177 	EXP 	colourfulimage: autoDraw = True
93.4293 	DATA 	Keypress: r
94.0091 	EXP 	colourfulimage: autoDraw = False
94.0091 	EXP 	wallimage: autoDraw = True
96.3960 	DATA 	Keypress: r
96.9954 	EXP 	New trial (rep=0, index=1): {'image': 'colourfulimage', 'corr_resp': 'r'}
97.0090 	EXP 	wallimage: autoDraw = False
97.0090 	EXP 	colourfulimage: autoDraw = False
97.0090 	EXP 	wallimage: autoDraw = False
97.0090 	EXP 	colourfulimage: autoDraw = True
98.7629 	DATA 	Keypress: r
100.0088 	EXP 	colourfulimage: autoDraw = False
100.0088 	EXP 	wallimage: autoDraw = True
102.1791 	DATA 	Keypress: r
103.0083 	EXP 	wallimage: autoDraw = False
103.0083 	EXP 	colourfulimage: autoDraw = False
103.0083 	EXP 	wallimage: autoDraw = False
103.0083 	EXP 	text_7: autoDraw = True
106.0081 	EXP 	text_7: autoDraw = False
106.0081 	EXP 	text_7: autoDraw = False
106.0082 	EXP 	untitledFINAL: status = STOPPED
106.2377 	EXP 	window1: mouseVisible = True
