9.1657 	WARNING 	User requested fullscreen with size [1024  768], but screen is actually [1920, 1080]. Using actual size
11.3832 	EXP 	Created window1 = Window(allowGUI=True, allowStencil=False, autoLog=True, backendConf=UNKNOWN, backgroundFit=<method-wrapper '__getattribute__' of attributeSetter object at 0x00000169AD91DC40>, backgroundImage=<method-wrapper '__getattribute__' of attributeSetter object at 0x00000169AD91DBE0>, bitsMode=UNKNOWN, blendMode='avg', bpc=(8, 8, 8), color=array([0, 0, 0]), colorSpace='rgb', depthBits=8, fullscr=<method-wrapper '__getattribute__' of attributeSetter object at 0x00000169AD91DA30>, gamma=None, gammaErrorPolicy='raise', lms=UNKNOWN, monitor=<psychopy.monitors.calibTools.Monitor object at 0x00000169ADCCC040>, multiSample=False, name='window1', numSamples=2, pos=(0, 0), screen=0, size=array([1920, 1080]), stencilBits=0, stereo=False, title='PsychoPy', units='height', useFBO=True, useRetina=False, viewOri=0.0, viewPos=None, viewScale=None, waitBlanking=True, winType='pyglet')
11.3836 	EXP 	window1: mouseVisible = True
11.3836 	EXP 	window1: backgroundImage = ''
11.3837 	EXP 	window1: backgroundFit = 'none'
11.3877 	EXP 	window1: Attempting to measure frame rate of screen (0) ...
11.3878 	EXP 	window1: recordFrameIntervals = False
11.5489 	EXP 	window1: recordFrameIntervals = True
11.7325 	EXP 	Screen (0) actual frame rate measured at 60.00Hz
11.7326 	EXP 	window1: recordFrameIntervals = False
11.7327 	EXP 	window1: mouseVisible = False
15.3277 	EXP 	untitledFINAL: status = STARTED
15.3284 	EXP 	window1: mouseVisible = True
15.4485 	EXP 	Created text = TextStim(__class__=<class 'psychopy.visual.text.TextStim'>, alignHoriz=method-wrapper(...), alignText='center', alignVert=method-wrapper(...), anchorHoriz='center', anchorVert='center', antialias=True, autoDraw=False, autoLog=True, bold=False, color=array([1.    , 1.    , 0.8824]), colorSpace='rgb', contrast=1.0, depth=0.0, draggable=False, flipHoriz=False, flipVert=False, font='Open Sans', fontFiles=[], height=0.05, italic=False, languageStyle='LTR', name='text', opacity=1.0, ori=0.0, pos=array([0., 0.]), rgb=UNKNOWN, text=str(...), units='height', win=Window(...), wrapWidth=1)
15.4488 	EXP 	window1: mouseVisible = True
15.4697 	EXP 	Created text_2 = TextStim(__class__=<class 'psychopy.visual.text.TextStim'>, alignHoriz=method-wrapper(...), alignText='center', alignVert=method-wrapper(...), anchorHoriz='center', anchorVert='center', antialias=True, autoDraw=False, autoLog=True, bold=False, color=array([1.    , 1.    , 0.8824]), colorSpace='rgb', contrast=1.0, depth=-1.0, draggable=False, flipHoriz=False, flipVert=False, font='Open Sans', fontFiles=[], height=0.05, italic=False, languageStyle='LTR', name='text_2', opacity=1.0, ori=0.0, pos=array([0., 0.]), rgb=UNKNOWN, text="Are you ready?\n\nLet's Get Started !\n", units='height', win=Window(...), wrapWidth=1)
15.4699 	EXP 	window1: mouseVisible = True
15.4884 	EXP 	Created text_3 = TextStim(__class__=<class 'psychopy.visual.text.TextStim'>, alignHoriz=method-wrapper(...), alignText='center', alignVert=method-wrapper(...), anchorHoriz='center', anchorVert='center', antialias=True, autoDraw=False, autoLog=True, bold=False, color=array([1., 1., 1.]), colorSpace='rgb', contrast=1.0, depth=-2.0, draggable=False, flipHoriz=False, flipVert=False, font='Open Sans', fontFiles=[], height=0.05, italic=False, languageStyle='LTR', name='text_3', opacity=1.0, ori=0.0, pos=array([0., 0.]), rgb=UNKNOWN, text=str(...), units='height', win=Window(...), wrapWidth=1)
15.4886 	EXP 	window1: mouseVisible = True
15.5011 	EXP 	Created blackroad = ImageStim(__class__=<class 'psychopy.visual.image.ImageStim'>, anchor=('center', 'center'), autoLog=True, color=array([1., 1., 1.]), colorSpace='rgb', contrast=1.0, depth=0.0, draggable=False, flipHoriz=False, flipVert=False, image=str(...), interpolate=True, mask=None, maskParams=None, name='blackroad', opacity=1.0, ori=0.0, pos=array([0., 0.]), size=array([0.5, 0.5]), texRes=128.0, units='height', win=Window(...))
15.5014 	EXP 	window1: mouseVisible = True
15.5205 	EXP 	Created yellowillusion = ImageStim(__class__=<class 'psychopy.visual.image.ImageStim'>, anchor=('center', 'center'), autoLog=True, color=array([1., 1., 1.]), colorSpace='rgb', contrast=1.0, depth=-1.0, draggable=False, flipHoriz=False, flipVert=False, image=str(...), interpolate=True, mask=None, maskParams=None, name='yellowillusion', opacity=1.0, ori=0.0, pos=array([0., 0.]), size=array([0.5, 0.5]), texRes=128.0, units='height', win=Window(...))
15.5207 	EXP 	window1: mouseVisible = True
15.5405 	EXP 	Created redillusion = ImageStim(__class__=<class 'psychopy.visual.image.ImageStim'>, anchor=('center', 'center'), autoLog=True, color=array([1., 1., 1.]), colorSpace='rgb', contrast=1.0, depth=-2.0, draggable=False, flipHoriz=False, flipVert=False, image=str(...), interpolate=True, mask=None, maskParams=None, name='redillusion', opacity=1.0, ori=0.0, pos=array([0., 0.]), size=array([0.5, 0.5]), texRes=128.0, units='height', win=Window(...))
15.5407 	EXP 	window1: mouseVisible = True
15.5600 	EXP 	Created wall = ImageStim(__class__=<class 'psychopy.visual.image.ImageStim'>, anchor=('center', 'center'), autoLog=True, color=array([1., 1., 1.]), colorSpace='rgb', contrast=1.0, depth=-3.0, draggable=False, flipHoriz=False, flipVert=False, image=str(...), interpolate=True, mask=None, maskParams=None, name='wall', opacity=1.0, ori=0.0, pos=array([0., 0.]), size=array([0.5, 0.5]), texRes=128.0, units='height', win=Window(...))
15.5602 	EXP 	window1: mouseVisible = True
15.5917 	EXP 	Created image = ImageStim(__class__=<class 'psychopy.visual.image.ImageStim'>, anchor=('center', 'center'), autoLog=True, color=array([1., 1., 1.]), colorSpace='rgb', contrast=1.0, depth=-4.0, draggable=False, flipHoriz=False, flipVert=False, image=str(...), interpolate=True, mask=None, maskParams=None, name='image', opacity=1.0, ori=0.0, pos=array([0., 0.]), size=array([0.5, 0.5]), texRes=128.0, units='height', win=Window(...))
15.5919 	EXP 	window1: mouseVisible = True
15.5998 	EXP 	Created instructions = TextStim(__class__=<class 'psychopy.visual.text.TextStim'>, alignHoriz=method-wrapper(...), alignText='center', alignVert=method-wrapper(...), anchorHoriz='center', anchorVert='center', antialias=True, autoDraw=False, autoLog=True, bold=False, color=array([1., 1., 1.]), colorSpace='rgb', contrast=1.0, depth=0.0, draggable=False, flipHoriz=False, flipVert=False, font='Open Sans', fontFiles=[], height=0.05, italic=False, languageStyle='LTR', name='instructions', opacity=1.0, ori=0.0, pos=array([0., 0.]), rgb=UNKNOWN, text='I hope you love the pictures :)\n', units='height', win=Window(...), wrapWidth=1)
15.6001 	EXP 	window1: mouseVisible = True
15.6193 	EXP 	Created text_4 = TextStim(__class__=<class 'psychopy.visual.text.TextStim'>, alignHoriz=method-wrapper(...), alignText='center', alignVert=method-wrapper(...), anchorHoriz='center', anchorVert='center', antialias=True, autoDraw=False, autoLog=True, bold=False, color=array([1., 1., 1.]), colorSpace='rgb', contrast=1.0, depth=-1.0, draggable=False, flipHoriz=False, flipVert=False, font='Open Sans', fontFiles=[], height=0.05, italic=False, languageStyle='LTR', name='text_4', opacity=1.0, ori=0.0, pos=array([0., 0.]), rgb=UNKNOWN, text=str(...), units='height', win=Window(...), wrapWidth=1)
15.6195 	EXP 	window1: mouseVisible = True
15.6355 	EXP 	Created text_5 = TextStim(__class__=<class 'psychopy.visual.text.TextStim'>, alignHoriz=method-wrapper(...), alignText='center', alignVert=method-wrapper(...), anchorHoriz='center', anchorVert='center', antialias=True, autoDraw=False, autoLog=True, bold=False, color=array([1., 1., 1.]), colorSpace='rgb', contrast=1.0, depth=-2.0, draggable=False, flipHoriz=False, flipVert=False, font='Open Sans', fontFiles=[], height=0.05, italic=False, languageStyle='LTR', name='text_5', opacity=1.0, ori=0.0, pos=array([0., 0.]), rgb=UNKNOWN, text=str(...), units='height', win=Window(...), wrapWidth=1)
15.6357 	EXP 	window1: mouseVisible = True
15.6740 	EXP 	Created text_6 = TextStim(__class__=<class 'psychopy.visual.text.TextStim'>, alignHoriz=method-wrapper(...), alignText='center', alignVert=method-wrapper(...), anchorHoriz='center', anchorVert='center', antialias=True, autoDraw=False, autoLog=True, bold=False, color=array([1., 1., 1.]), colorSpace='rgb', contrast=1.0, depth=-3.0, draggable=False, flipHoriz=False, flipVert=False, font='Open Sans', fontFiles=[], height=0.05, italic=False, languageStyle='LTR', name='text_6', opacity=1.0, ori=0.0, pos=array([0., 0.]), rgb=UNKNOWN, text=str(...), units='height', win=Window(...), wrapWidth=1)
15.6743 	EXP 	window1: mouseVisible = True
15.6870 	EXP 	Created yellowillusionimage = ImageStim(__class__=<class 'psychopy.visual.image.ImageStim'>, anchor=('center', 'center'), autoLog=True, color=array([1., 1., 1.]), colorSpace='rgb', contrast=1.0, depth=0.0, draggable=False, flipHoriz=False, flipVert=False, image=str(...), interpolate=True, mask=None, maskParams=None, name='yellowillusionimage', opacity=1.0, ori=0.0, pos=array([0., 0.]), size=array([0.5, 0.5]), texRes=128.0, units='height', win=Window(...))
15.6871 	EXP 	window1: mouseVisible = True
15.6975 	EXP 	Created blackroadimage = ImageStim(__class__=<class 'psychopy.visual.image.ImageStim'>, anchor=('center', 'center'), autoLog=True, color=array([1., 1., 1.]), colorSpace='rgb', contrast=1.0, depth=-1.0, draggable=False, flipHoriz=False, flipVert=False, image=str(...), interpolate=True, mask=None, maskParams=None, name='blackroadimage', opacity=1.0, ori=0.0, pos=array([0., 0.]), size=array([0.5, 0.5]), texRes=128.0, units='height', win=Window(...))
15.6977 	EXP 	window1: mouseVisible = True
15.7174 	EXP 	Created pastelimage = ImageStim(__class__=<class 'psychopy.visual.image.ImageStim'>, anchor=('center', 'center'), autoLog=True, color=array([1., 1., 1.]), colorSpace='rgb', contrast=1.0, depth=0.0, draggable=False, flipHoriz=False, flipVert=False, image=str(...), interpolate=True, mask=None, maskParams=None, name='pastelimage', opacity=1.0, ori=0.0, pos=array([0., 0.]), size=array([0.5, 0.5]), texRes=128.0, units='height', win=Window(...))
15.7176 	EXP 	window1: mouseVisible = True
15.7324 	EXP 	Created redillusionimage = ImageStim(__class__=<class 'psychopy.visual.image.ImageStim'>, anchor=('center', 'center'), autoLog=True, color=array([1., 1., 1.]), colorSpace='rgb', contrast=1.0, depth=-1.0, draggable=False, flipHoriz=False, flipVert=False, image=str(...), interpolate=True, mask=None, maskParams=None, name='redillusionimage', opacity=1.0, ori=0.0, pos=array([0., 0.]), size=array([0.5, 0.5]), texRes=128.0, units='height', win=Window(...))
15.7326 	EXP 	window1: mouseVisible = True
15.7499 	EXP 	Created whiteimage = ImageStim(__class__=<class 'psychopy.visual.image.ImageStim'>, anchor=('center', 'center'), autoLog=True, color=array([1., 1., 1.]), colorSpace='rgb', contrast=1.0, depth=0.0, draggable=False, flipHoriz=False, flipVert=False, image=str(...), interpolate=True, mask=None, maskParams=None, name='whiteimage', opacity=1.0, ori=0.0, pos=array([0., 0.]), size=array([0.5, 0.5]), texRes=128.0, units='height', win=Window(...))
15.7501 	EXP 	window1: mouseVisible = True
15.7602 	EXP 	Created yellowwhiteimage = ImageStim(__class__=<class 'psychopy.visual.image.ImageStim'>, anchor=('center', 'center'), autoLog=True, color=array([1., 1., 1.]), colorSpace='rgb', contrast=1.0, depth=-1.0, draggable=False, flipHoriz=False, flipVert=False, image=str(...), interpolate=True, mask=None, maskParams=None, name='yellowwhiteimage', opacity=1.0, ori=0.0, pos=array([0., 0.]), size=array([0.5, 0.5]), texRes=128.0, units='height', win=Window(...))
15.7605 	EXP 	window1: mouseVisible = True
15.7805 	EXP 	Created colourfulimage = ImageStim(__class__=<class 'psychopy.visual.image.ImageStim'>, anchor=('center', 'center'), autoLog=True, color=array([1., 1., 1.]), colorSpace='rgb', contrast=1.0, depth=0.0, draggable=False, flipHoriz=False, flipVert=False, image=str(...), interpolate=True, mask=None, maskParams=None, name='colourfulimage', opacity=1.0, ori=0.0, pos=array([0., 0.]), size=array([0.5, 0.5]), texRes=128.0, units='height', win=Window(...))
15.7807 	EXP 	window1: mouseVisible = True
15.7958 	EXP 	Created wallimage = ImageStim(__class__=<class 'psychopy.visual.image.ImageStim'>, anchor=('center', 'center'), autoLog=True, color=array([1., 1., 1.]), colorSpace='rgb', contrast=1.0, depth=-1.0, draggable=False, flipHoriz=False, flipVert=False, image=str(...), interpolate=True, mask=None, maskParams=None, name='wallimage', opacity=1.0, ori=0.0, pos=array([0., 0.]), size=array([0.5, 0.5]), texRes=128.0, units='height', win=Window(...))
15.7961 	EXP 	window1: mouseVisible = True
15.8108 	EXP 	Created text_7 = TextStim(__class__=<class 'psychopy.visual.text.TextStim'>, alignHoriz=method-wrapper(...), alignText='center', alignVert=method-wrapper(...), anchorHoriz='center', anchorVert='center', antialias=True, autoDraw=False, autoLog=True, bold=False, color=array([1., 1., 1.]), colorSpace='rgb', contrast=1.0, depth=0.0, draggable=False, flipHoriz=False, flipVert=False, font='Open Sans', fontFiles=[], height=0.05, italic=False, languageStyle='LTR', name='text_7', opacity=1.0, ori=0.0, pos=array([0., 0.]), rgb=UNKNOWN, text='THANK YOU :)\n', units='height', win=Window(...), wrapWidth=1)
0.0126 	EXP 	text: autoDraw = True
6.0048 	EXP 	text: autoDraw = False
6.0048 	EXP 	text_2: autoDraw = True
10.0049 	EXP 	text_2: autoDraw = False
10.0049 	EXP 	text_3: autoDraw = True
15.0333 	EXP 	text_3: autoDraw = False
15.0333 	EXP 	text: autoDraw = False
15.0333 	EXP 	text_2: autoDraw = False
15.0333 	EXP 	text_3: autoDraw = False
15.0333 	EXP 	blackroad: autoDraw = True
18.0054 	EXP 	blackroad: autoDraw = False
18.0054 	EXP 	yellowillusion: autoDraw = True
21.0053 	EXP 	yellowillusion: autoDraw = False
21.0053 	EXP 	redillusion: autoDraw = True
24.0052 	EXP 	redillusion: autoDraw = False
24.0052 	EXP 	wall: autoDraw = True
27.0052 	EXP 	wall: autoDraw = False
27.0052 	EXP 	image: autoDraw = True
30.0046 	EXP 	image: autoDraw = False
30.0046 	EXP 	blackroad: autoDraw = False
30.0046 	EXP 	yellowillusion: autoDraw = False
30.0046 	EXP 	redillusion: autoDraw = False
30.0046 	EXP 	wall: autoDraw = False
30.0046 	EXP 	image: autoDraw = False
30.0046 	EXP 	instructions: autoDraw = True
33.0047 	EXP 	instructions: autoDraw = False
33.0047 	EXP 	text_4: autoDraw = True
39.0048 	EXP 	text_4: autoDraw = False
39.0048 	EXP 	text_5: autoDraw = True
45.0048 	EXP 	text_5: autoDraw = False
45.0048 	EXP 	text_6: autoDraw = True
54.9989 	EXP 	Imported Routine1.xlsx as conditions, 2 conditions, 2 params
54.9996 	EXP 	Created sequence: random, trialTypes=2, nReps=1, seed=None
54.9998 	EXP 	New trial (rep=0, index=0): {'image': 'yellowillusionimage ', 'corr_resp': 'n'}
55.0050 	EXP 	text_6: autoDraw = False
55.0050 	EXP 	instructions: autoDraw = False
55.0050 	EXP 	text_4: autoDraw = False
55.0050 	EXP 	text_5: autoDraw = False
55.0050 	EXP 	text_6: autoDraw = False
55.0050 	EXP 	yellowillusionimage: autoDraw = True
58.0048 	EXP 	yellowillusionimage: autoDraw = False
58.0048 	EXP 	blackroadimage: autoDraw = True
60.9901 	EXP 	New trial (rep=0, index=1): {'image': 'blackroadimage', 'corr_resp': 'r'}
61.0047 	EXP 	blackroadimage: autoDraw = False
61.0047 	EXP 	yellowillusionimage: autoDraw = False
61.0047 	EXP 	blackroadimage: autoDraw = False
61.0047 	EXP 	yellowillusionimage: autoDraw = True
64.0048 	EXP 	yellowillusionimage: autoDraw = False
64.0048 	EXP 	blackroadimage: autoDraw = True
66.9961 	EXP 	Imported Routine2.xlsx as conditions, 2 conditions, 2 params
66.9966 	EXP 	Created sequence: random, trialTypes=2, nReps=1, seed=None
66.9969 	EXP 	New trial (rep=0, index=0): {'image': 'pastelimage', 'corr_resp': 'n'}
67.0049 	EXP 	blackroadimage: autoDraw = False
67.0049 	EXP 	yellowillusionimage: autoDraw = False
67.0049 	EXP 	blackroadimage: autoDraw = False
67.0049 	EXP 	pastelimage: autoDraw = True
70.0047 	EXP 	pastelimage: autoDraw = False
70.0047 	EXP 	redillusionimage: autoDraw = True
72.9897 	EXP 	New trial (rep=0, index=1): {'image': 'redillusionimage', 'corr_resp': 'r'}
73.0045 	EXP 	redillusionimage: autoDraw = False
73.0045 	EXP 	pastelimage: autoDraw = False
73.0045 	EXP 	redillusionimage: autoDraw = False
73.0045 	EXP 	pastelimage: autoDraw = True
76.0046 	EXP 	pastelimage: autoDraw = False
76.0046 	EXP 	redillusionimage: autoDraw = True
78.9970 	EXP 	Imported Routine3.xlsx as conditions, 2 conditions, 2 params
78.9974 	EXP 	Created sequence: random, trialTypes=2, nReps=1, seed=None
78.9977 	EXP 	New trial (rep=0, index=0): {'image': 'yellowwhiteimage', 'corr_resp': 'n'}
79.0047 	EXP 	redillusionimage: autoDraw = False
79.0047 	EXP 	pastelimage: autoDraw = False
79.0047 	EXP 	redillusionimage: autoDraw = False
79.0047 	EXP 	whiteimage: autoDraw = True
82.0046 	EXP 	whiteimage: autoDraw = False
82.0046 	EXP 	yellowwhiteimage: autoDraw = True
84.9892 	EXP 	New trial (rep=0, index=1): {'image': 'whiteimage', 'corr_resp': 'n'}
85.0044 	EXP 	yellowwhiteimage: autoDraw = False
85.0044 	EXP 	whiteimage: autoDraw = False
85.0044 	EXP 	yellowwhiteimage: autoDraw = False
85.0044 	EXP 	whiteimage: autoDraw = True
88.0043 	EXP 	whiteimage: autoDraw = False
88.0043 	EXP 	yellowwhiteimage: autoDraw = True
91.0002 	EXP 	Imported Routine4.xlsx as conditions, 2 conditions, 2 params
91.0009 	EXP 	Created sequence: random, trialTypes=2, nReps=1, seed=None
91.0014 	EXP 	New trial (rep=0, index=0): {'image': 'colourfulimage', 'corr_resp': 'r'}
91.0069 	EXP 	yellowwhiteimage: autoDraw = False
91.0069 	EXP 	whiteimage: autoDraw = False
91.0069 	EXP 	yellowwhiteimage: autoDraw = False
91.0069 	EXP 	colourfulimage: autoDraw = True
94.0045 	EXP 	colourfulimage: autoDraw = False
94.0045 	EXP 	wallimage: autoDraw = True
96.9893 	EXP 	New trial (rep=0, index=1): {'image': 'wallimage', 'corr_resp': 'n'}
97.0043 	EXP 	wallimage: autoDraw = False
97.0043 	EXP 	colourfulimage: autoDraw = False
97.0043 	EXP 	wallimage: autoDraw = False
97.0043 	EXP 	colourfulimage: autoDraw = True
100.0042 	EXP 	colourfulimage: autoDraw = False
100.0042 	EXP 	wallimage: autoDraw = True
103.0039 	EXP 	wallimage: autoDraw = False
103.0039 	EXP 	colourfulimage: autoDraw = False
103.0039 	EXP 	wallimage: autoDraw = False
103.0039 	EXP 	text_7: autoDraw = True
106.0036 	EXP 	text_7: autoDraw = False
106.0036 	EXP 	text_7: autoDraw = False
106.0037 	EXP 	untitledFINAL: status = STOPPED
106.1757 	EXP 	window1: mouseVisible = True
